#0 building with "default" instance using docker driver

#1 [internal] load local bake definitions
#1 reading docker-bake.hcl 812B / 812B done
#1 DONE 0.0s

#2 [internal] load build definition from Dockerfile
#2 transferring dockerfile: 10.73kB done
#2 DONE 0.0s

#3 [internal] load metadata for ghcr.io/trueforge-org/node:22.22.0
#3 ...

#4 [internal] load metadata for ghcr.io/trueforge-org/ubuntu:24.04
#4 DONE 0.3s

#3 [internal] load metadata for ghcr.io/trueforge-org/node:22.22.0
#3 DONE 0.3s

#5 [internal] load .dockerignore
#5 transferring context: 2B done
#5 DONE 0.0s

#6 [wwwstage 1/3] FROM ghcr.io/trueforge-org/node:22.22.0@sha256:b003160352643fa8b3341f2550c484d1ec754078df700f7a87948584e0a5939c
#6 resolve ghcr.io/trueforge-org/node:22.22.0@sha256:b003160352643fa8b3341f2550c484d1ec754078df700f7a87948584e0a5939c 0.0s done
#6 DONE 0.0s

#7 [buildstage 1/6] FROM ghcr.io/trueforge-org/ubuntu:24.04@sha256:5348eb7725294e8090c15b7b495e517f82f4b31497d3bb9de71bbe37476e7454
#7 resolve ghcr.io/trueforge-org/ubuntu:24.04@sha256:5348eb7725294e8090c15b7b495e517f82f4b31497d3bb9de71bbe37476e7454 0.0s done
#7 DONE 0.0s

#8 [nodebuilder 2/4] RUN     echo "**** install build deps ****" &&     apt-get update &&     apt-get install -y --no-install-recommends         build-essential         cmake         g++         gcc         make         libpulse-dev         python3 &&     apt-get clean &&     rm -rf /var/lib/apt/lists/*
#8 CACHED

#9 [nodebuilder 4/4] RUN   echo "**** install node modules ****" &&   cd /kclient &&   npm install &&   rm -f package-lock.json
#9 CACHED

#10 [nodebuilder 3/4] RUN   echo "**** grab source ****" &&   mkdir -p /kclient &&   if [ -z ${KCLIENT_RELEASE+x} ]; then     KCLIENT_RELEASE=$(curl -sI -L "https://github.com/linuxserver/kclient/releases/latest" | awk -F/ '/^location:/ {print $NF}' | tr -d '\r');   fi &&   (curl -fL -o   /tmp/kclient.tar.gz     "https://github.com/linuxserver/kclient/archive/refs/tags/${KCLIENT_RELEASE}.tar.gz" || curl -fL -o   /tmp/kclient.tar.gz     "https://github.com/linuxserver/kclient/archive/refs/heads/master.tar.gz") &&   tar xf   /tmp/kclient.tar.gz -C     /kclient/ --strip-components=1
#10 CACHED

#11 [wwwstage 2/3] RUN   echo "**** build clientside ****" &&   apt-get update && apt-get install -y --no-install-recommends bzip2 &&   export QT_QPA_PLATFORM=offscreen &&   export QT_QPA_FONTDIR=/usr/share/fonts &&   mkdir /src &&   cd /src &&   wget https://github.com/kasmtech/noVNC/tarball/46412d23aff1f45dffa83fafb04a683282c8db58 -O -     | tar  --strip-components=1 -xz &&   npm install --legacy-peer-deps --ignore-scripts
#11 CACHED

#12 [wwwstage 3/3] RUN   echo "**** organize output ****" &&   mkdir /build-out &&   cd /src &&   rm -rf node_modules/ &&   cp -R ./* /build-out/ &&   cd /build-out &&   rm *.md &&   rm AUTHORS &&   if [ -f index.html ]; then cp index.html vnc.html; elif [ -f vnc.html ]; then cp vnc.html index.html; fi &&   mkdir Downloads
#12 CACHED

#13 [buildstage 2/6] COPY --from=wwwstage /build-out /www
#13 CACHED

#14 [stage-3 2/7] COPY --from=nodebuilder /kclient /kclient
#14 CACHED

#15 [internal] load build context
#15 transferring context: 12.12kB done
#15 DONE 0.0s

#16 [buildstage 3/6] RUN     echo "**** install build deps ****" &&     apt-get update &&     apt-get install -y --no-install-recommends         build-essential         autoconf         automake         cmake         libudev-dev         xfonts-base         xfonts-75dpi         xfonts-100dpi         libdrm-dev         libepoxy-dev         libfreetype-dev         libjpeg-turbo8-dev         libjpeg-turbo8         libpciaccess-dev         libtool         libwebp-dev         libx11-dev         libxau-dev         libxcb1-dev         libxcursor-dev         libxdmcp-dev         libxext-dev         libxfont-dev         libxkbfile-dev         libxrandr-dev         libxshmfence-dev         libxtst-dev         libgl1-mesa-dev         libgl1-mesa-dri         meson         pkg-config         nettle-dev         libssl-dev         libpixman-1-dev         libpam0g-dev         procps         passwd         libwayland-dev         wayland-protocols         libxcb-util-dev         libxcb-image0-dev         libxcb-keysyms1-dev         libxcb-render-util0-dev         libxcb-icccm4-dev         xinit         x11-xkb-utils         xkb-data         xserver-xorg-core         xserver-xorg-dev         xtrans-dev &&     apt-get clean &&     rm -rf /var/lib/apt/lists/*
#16 0.146 **** install build deps ****
#16 0.476 Get:1 http://archive.ubuntu.com/ubuntu noble InRelease [256 kB]
#16 0.775 Get:2 http://security.ubuntu.com/ubuntu noble-security InRelease [126 kB]
#16 0.910 Get:3 http://archive.ubuntu.com/ubuntu noble-updates InRelease [126 kB]
#16 1.018 Get:4 http://archive.ubuntu.com/ubuntu noble-backports InRelease [126 kB]
#16 1.127 Get:5 http://archive.ubuntu.com/ubuntu noble/main amd64 Packages [1,808 kB]
#16 1.461 Get:6 http://archive.ubuntu.com/ubuntu noble/multiverse amd64 Packages [331 kB]
#16 1.543 Get:7 http://security.ubuntu.com/ubuntu noble-security/main amd64 Packages [1,829 kB]
#16 1.549 Get:8 http://archive.ubuntu.com/ubuntu noble/universe amd64 Packages [19.3 MB]
#16 2.037 Get:9 http://archive.ubuntu.com/ubuntu noble/restricted amd64 Packages [117 kB]
#16 2.119 Get:10 http://archive.ubuntu.com/ubuntu noble-updates/multiverse amd64 Packages [38.1 kB]
#16 2.199 Get:11 http://archive.ubuntu.com/ubuntu noble-updates/universe amd64 Packages [2,014 kB]
#16 2.291 Get:12 http://archive.ubuntu.com/ubuntu noble-updates/restricted amd64 Packages [3,330 kB]
#16 2.389 Get:13 http://security.ubuntu.com/ubuntu noble-security/restricted amd64 Packages [3,122 kB]
#16 2.391 Get:14 http://archive.ubuntu.com/ubuntu noble-updates/main amd64 Packages [2,218 kB]
#16 2.486 Get:15 http://archive.ubuntu.com/ubuntu noble-backports/universe amd64 Packages [34.6 kB]
#16 2.566 Get:16 http://archive.ubuntu.com/ubuntu noble-backports/main amd64 Packages [49.5 kB]
#16 2.787 Get:17 http://security.ubuntu.com/ubuntu noble-security/multiverse amd64 Packages [34.8 kB]
#16 2.950 Get:18 http://security.ubuntu.com/ubuntu noble-security/universe amd64 Packages [1,205 kB]
#16 3.066 Fetched 36.1 MB in 3s (12.5 MB/s)
#16 3.066 Reading package lists...
#16 3.804 Reading package lists...
#16 4.540 Building dependency tree...
#16 4.689 Reading state information...
#16 4.837 procps is already the newest version (2:4.0.4-4ubuntu3.2).
#16 4.837 passwd is already the newest version (1:4.13+dfsg1-4ubuntu3.2).
#16 4.837 The following additional packages will be installed:
#16 4.837   autotools-dev binutils binutils-common binutils-x86-64-linux-gnu bzip2
#16 4.837   cmake-data cpp cpp-13 cpp-13-x86-64-linux-gnu cpp-x86-64-linux-gnu dpkg-dev
#16 4.837   file g++ g++-13 g++-13-x86-64-linux-gnu g++-x86-64-linux-gnu gcc gcc-13
#16 4.837   gcc-13-base gcc-13-x86-64-linux-gnu gcc-14-base gcc-x86-64-linux-gnu
#16 4.837   keyboard-configuration libarchive13t64 libasan8 libatomic1 libbinutils
#16 4.837   libbrotli-dev libbsd0 libbz2-dev libcc1-0 libctf-nobfd0 libctf0 libdpkg-perl
#16 4.837   libdrm-amdgpu1 libdrm-common libdrm-intel1 libdrm-nouveau2 libdrm-radeon1
#16 4.837   libdrm2 libedit2 libegl-dev libegl-mesa0 libegl1 libepoxy0 libffi-dev
#16 4.837   libfontenc-dev libfontenc1 libgbm1 libgcc-13-dev libgcc-s1 libgl-dev libgl1
#16 4.837   libgles-dev libgles1 libgles2 libglvnd-core-dev libglvnd-dev libglvnd0
#16 4.837   libglx-dev libglx-mesa0 libglx0 libgmp-dev libgmpxx4ldbl libgomp1
#16 4.837   libgprofng0 libhwasan0 libice6 libisl23 libitm1 libjansson4 libjsoncpp25
#16 4.837   libllvm20 liblocale-gettext-perl liblsan0 libmagic-mgc libmagic1t64 libmpc3
#16 4.837   libmpfr6 libopengl-dev libopengl0 libpciaccess0 libpixman-1-0 libpkgconf3
#16 4.838   libpng-dev libpthread-stubs0-dev libquadmath0 librhash0 libsensors-config
#16 4.838   libsensors5 libsframe1 libsharpyuv-dev libsharpyuv0 libsm6 libstdc++-13-dev
#16 4.838   libstdc++6 libtsan2 libubsan1 libuv1t64 libvulkan1 libwayland-bin
#16 4.838   libwayland-client0 libwayland-cursor0 libwayland-egl1 libwayland-server0
#16 4.838   libwebp7 libwebpdecoder3 libwebpdemux2 libwebpmux3 libx11-6 libx11-data
#16 4.838   libx11-xcb1 libxau6 libxaw7 libxcb-dri3-0 libxcb-glx0 libxcb-icccm4
#16 4.838   libxcb-image0 libxcb-keysyms1 libxcb-present0 libxcb-randr0
#16 4.838   libxcb-render-util0 libxcb-render0 libxcb-render0-dev libxcb-shm0
#16 4.838   libxcb-shm0-dev libxcb-sync1 libxcb-util1 libxcb-xfixes0 libxcb1 libxcursor1
#16 4.838   libxcvt-dev libxcvt0 libxdmcp6 libxext6 libxfixes-dev libxfixes3 libxfont2
#16 4.838   libxi-dev libxi6 libxkbfile1 libxmu6 libxmuu1 libxpm4 libxrandr2
#16 4.838   libxrender-dev libxrender1 libxshmfence1 libxt6t64 libxtst6 libxxf86vm1
#16 4.838   lto-disabled-list m4 make mesa-common-dev mesa-libgallium ninja-build patch
#16 4.838   pkgconf pkgconf-bin python3-setuptools udev x11-common x11proto-dev xauth
#16 4.838   xfonts-encodings xfonts-utils xorg-sgml-doctools xserver-common zlib1g-dev
#16 4.839 Suggested packages:
#16 4.839   autoconf-archive gnu-standards autoconf-doc gettext binutils-doc gprofng-gui
#16 4.839   bzip2-doc cmake-doc cmake-format elpa-cmake-mode cpp-doc gcc-13-locales
#16 4.839   cpp-13-doc debian-keyring g++-multilib g++-13-multilib gcc-13-doc
#16 4.839   gcc-multilib manpages-dev flex bison gdb gcc-doc gcc-13-multilib
#16 4.839   gdb-x86-64-linux-gnu lrzip bzr freetype2-doc gmp-doc libgmp10-doc
#16 4.839   libmpfr-dev pciutils lm-sensors libssl-doc libstdc++-13-doc libtool-doc
#16 4.839   gfortran | fortran95-compiler gcj-jdk libwayland-doc libx11-doc libxcb-doc
#16 4.839   libxext-doc m4-doc make-doc ed diffutils-doc python-setuptools-doc xfs
#16 4.839   | xserver xfonts-scalable
#16 4.839 Recommended packages:
#16 4.839   fakeroot libalgorithm-merge-perl bzip2-doc libfile-fcntllock-perl
#16 4.839   libpng-tools libltdl-dev mesa-vulkan-drivers | vulkan-icd systemd-hwe-hwdb
#16 4.839   xserver-xorg | xserver gnome-terminal | xterm | x-session-manager
#16 4.839   | x-window-manager | x-terminal-emulator xcvt
#16 5.041 The following NEW packages will be installed:
#16 5.041   autoconf automake autotools-dev binutils binutils-common
#16 5.041   binutils-x86-64-linux-gnu build-essential bzip2 cmake cmake-data cpp cpp-13
#16 5.041   cpp-13-x86-64-linux-gnu cpp-x86-64-linux-gnu dpkg-dev file g++ g++-13
#16 5.041   g++-13-x86-64-linux-gnu g++-x86-64-linux-gnu gcc gcc-13 gcc-13-base
#16 5.042   gcc-13-x86-64-linux-gnu gcc-x86-64-linux-gnu keyboard-configuration
#16 5.042   libarchive13t64 libasan8 libatomic1 libbinutils libbrotli-dev libbsd0
#16 5.042   libbz2-dev libcc1-0 libctf-nobfd0 libctf0 libdpkg-perl libdrm-amdgpu1
#16 5.042   libdrm-common libdrm-dev libdrm-intel1 libdrm-nouveau2 libdrm-radeon1
#16 5.042   libdrm2 libedit2 libegl-dev libegl-mesa0 libegl1 libepoxy-dev libepoxy0
#16 5.042   libffi-dev libfontenc-dev libfontenc1 libfreetype-dev libgbm1 libgcc-13-dev
#16 5.042   libgl-dev libgl1 libgl1-mesa-dev libgl1-mesa-dri libgles-dev libgles1
#16 5.042   libgles2 libglvnd-core-dev libglvnd-dev libglvnd0 libglx-dev libglx-mesa0
#16 5.042   libglx0 libgmp-dev libgmpxx4ldbl libgomp1 libgprofng0 libhwasan0 libice6
#16 5.042   libisl23 libitm1 libjansson4 libjpeg-turbo8 libjpeg-turbo8-dev libjsoncpp25
#16 5.042   libllvm20 liblocale-gettext-perl liblsan0 libmagic-mgc libmagic1t64 libmpc3
#16 5.042   libmpfr6 libopengl-dev libopengl0 libpam0g-dev libpciaccess-dev
#16 5.042   libpciaccess0 libpixman-1-0 libpixman-1-dev libpkgconf3 libpng-dev
#16 5.043   libpthread-stubs0-dev libquadmath0 librhash0 libsensors-config libsensors5
#16 5.043   libsframe1 libsharpyuv-dev libsharpyuv0 libsm6 libssl-dev libstdc++-13-dev
#16 5.043   libtool libtsan2 libubsan1 libudev-dev libuv1t64 libvulkan1 libwayland-bin
#16 5.043   libwayland-client0 libwayland-cursor0 libwayland-dev libwayland-egl1
#16 5.043   libwayland-server0 libwebp-dev libwebp7 libwebpdecoder3 libwebpdemux2
#16 5.043   libwebpmux3 libx11-6 libx11-data libx11-dev libx11-xcb1 libxau-dev libxau6
#16 5.043   libxaw7 libxcb-dri3-0 libxcb-glx0 libxcb-icccm4 libxcb-icccm4-dev
#16 5.043   libxcb-image0 libxcb-image0-dev libxcb-keysyms1 libxcb-keysyms1-dev
#16 5.043   libxcb-present0 libxcb-randr0 libxcb-render-util0 libxcb-render-util0-dev
#16 5.043   libxcb-render0 libxcb-render0-dev libxcb-shm0 libxcb-shm0-dev libxcb-sync1
#16 5.043   libxcb-util-dev libxcb-util1 libxcb-xfixes0 libxcb1 libxcb1-dev
#16 5.043   libxcursor-dev libxcursor1 libxcvt-dev libxcvt0 libxdmcp-dev libxdmcp6
#16 5.043   libxext-dev libxext6 libxfixes-dev libxfixes3 libxfont-dev libxfont2
#16 5.043   libxi-dev libxi6 libxkbfile-dev libxkbfile1 libxmu6 libxmuu1 libxpm4
#16 5.043   libxrandr-dev libxrandr2 libxrender-dev libxrender1 libxshmfence-dev
#16 5.043   libxshmfence1 libxt6t64 libxtst-dev libxtst6 libxxf86vm1 lto-disabled-list
#16 5.043   m4 make mesa-common-dev mesa-libgallium meson nettle-dev ninja-build patch
#16 5.044   pkg-config pkgconf pkgconf-bin python3-setuptools udev wayland-protocols
#16 5.044   x11-common x11-xkb-utils x11proto-dev xauth xfonts-100dpi xfonts-75dpi
#16 5.044   xfonts-base xfonts-encodings xfonts-utils xinit xkb-data xorg-sgml-doctools
#16 5.044   xserver-common xserver-xorg-core xserver-xorg-dev xtrans-dev zlib1g-dev
#16 5.044 The following packages will be upgraded:
#16 5.045   gcc-14-base libgcc-s1 libstdc++6
#16 5.151 3 upgraded, 215 newly installed, 0 to remove and 2 not upgraded.
#16 5.151 Need to get 162 MB of archives.
#16 5.151 After this operation, 590 MB of additional disk space will be used.
#16 5.151 Get:1 http://archive.ubuntu.com/ubuntu noble/main amd64 liblocale-gettext-perl amd64 1.07-6ubuntu5 [15.8 kB]
#16 5.231 Get:2 http://archive.ubuntu.com/ubuntu noble-updates/main amd64 xkb-data all 2.41-2ubuntu1.1 [397 kB]
#16 5.312 Get:3 http://archive.ubuntu.com/ubuntu noble/main amd64 keyboard-configuration all 1.226ubuntu1 [212 kB]
#16 5.393 Get:4 http://archive.ubuntu.com/ubuntu noble-updates/main amd64 gcc-14-base amd64 14.2.0-4ubuntu2~24.04.1 [51.0 kB]
#16 5.559 Get:5 http://archive.ubuntu.com/ubuntu noble-updates/main amd64 libstdc++6 amd64 14.2.0-4ubuntu2~24.04.1 [792 kB]
#16 5.641 Get:6 http://archive.ubuntu.com/ubuntu noble-updates/main amd64 libgcc-s1 amd64 14.2.0-4ubuntu2~24.04.1 [78.4 kB]
#16 5.721 Get:7 http://archive.ubuntu.com/ubuntu noble-updates/main amd64 libbsd0 amd64 0.12.1-1build1.1 [41.2 kB]
#16 5.800 Get:8 http://archive.ubuntu.com/ubuntu noble-updates/main amd64 udev amd64 255.4-1ubuntu8.12 [1,874 kB]
#16 5.891 Get:9 http://archive.ubuntu.com/ubuntu noble/main amd64 libmagic-mgc amd64 1:5.45-3build1 [307 kB]
#16 5.971 Get:10 http://archive.ubuntu.com/ubuntu noble/main amd64 libmagic1t64 amd64 1:5.45-3build1 [87.2 kB]
#16 6.051 Get:11 http://archive.ubuntu.com/ubuntu noble/main amd64 file amd64 1:5.45-3build1 [22.0 kB]
#16 6.130 Get:12 http://archive.ubuntu.com/ubuntu noble-updates/main amd64 libdrm-common all 2.4.125-1ubuntu0.1~24.04.1 [9,174 B]
#16 6.210 Get:13 http://archive.ubuntu.com/ubuntu noble-updates/main amd64 libdrm2 amd64 2.4.125-1ubuntu0.1~24.04.1 [41.3 kB]
#16 6.289 Get:14 http://archive.ubuntu.com/ubuntu noble/main amd64 libedit2 amd64 3.1-20230828-1build1 [97.6 kB]
#16 6.369 Get:15 http://archive.ubuntu.com/ubuntu noble/main amd64 libjansson4 amd64 2.14-2build2 [32.8 kB]
#16 6.449 Get:16 http://archive.ubuntu.com/ubuntu noble/main amd64 libsensors-config all 1:3.6.0-9build1 [5,546 B]
#16 6.529 Get:17 http://archive.ubuntu.com/ubuntu noble/main amd64 libsensors5 amd64 1:3.6.0-9build1 [26.6 kB]
#16 6.608 Get:18 http://archive.ubuntu.com/ubuntu noble/main amd64 libuv1t64 amd64 1.48.0-1.1build1 [97.3 kB]
#16 6.687 Get:19 http://archive.ubuntu.com/ubuntu noble/main amd64 libxau6 amd64 1:1.0.9-1build6 [7,160 B]
#16 6.767 Get:20 http://archive.ubuntu.com/ubuntu noble/main amd64 libxdmcp6 amd64 1:1.1.3-0ubuntu6 [10.3 kB]
#16 6.846 Get:21 http://archive.ubuntu.com/ubuntu noble/main amd64 libxcb1 amd64 1.15-1ubuntu2 [47.7 kB]
#16 6.926 Get:22 http://archive.ubuntu.com/ubuntu noble/main amd64 libx11-data all 2:1.8.7-1build1 [115 kB]
#16 7.006 Get:23 http://archive.ubuntu.com/ubuntu noble/main amd64 libx11-6 amd64 2:1.8.7-1build1 [650 kB]
#16 7.096 Get:24 http://archive.ubuntu.com/ubuntu noble/main amd64 libxext6 amd64 2:1.3.4-1build2 [30.4 kB]
#16 7.175 Get:25 http://archive.ubuntu.com/ubuntu noble/main amd64 libxmuu1 amd64 2:1.1.3-3build2 [8,958 B]
#16 7.254 Get:26 http://archive.ubuntu.com/ubuntu noble/main amd64 xauth amd64 1:1.1.2-1build1 [25.6 kB]
#16 7.334 Get:27 http://archive.ubuntu.com/ubuntu noble/main amd64 m4 amd64 1.4.19-4build1 [244 kB]
#16 7.414 Get:28 http://archive.ubuntu.com/ubuntu noble/main amd64 autoconf all 2.71-3 [339 kB]
#16 7.495 Get:29 http://archive.ubuntu.com/ubuntu noble/main amd64 autotools-dev all 20220109.1 [44.9 kB]
#16 7.575 Get:30 http://archive.ubuntu.com/ubuntu noble/main amd64 automake all 1:1.16.5-1.3ubuntu1 [558 kB]
#16 7.669 Get:31 http://archive.ubuntu.com/ubuntu noble-updates/main amd64 binutils-common amd64 2.42-4ubuntu2.8 [240 kB]
#16 7.749 Get:32 http://archive.ubuntu.com/ubuntu noble-updates/main amd64 libsframe1 amd64 2.42-4ubuntu2.8 [15.6 kB]
#16 7.829 Get:33 http://archive.ubuntu.com/ubuntu noble-updates/main amd64 libbinutils amd64 2.42-4ubuntu2.8 [576 kB]
#16 7.911 Get:34 http://archive.ubuntu.com/ubuntu noble-updates/main amd64 libctf-nobfd0 amd64 2.42-4ubuntu2.8 [97.9 kB]
#16 7.990 Get:35 http://archive.ubuntu.com/ubuntu noble-updates/main amd64 libctf0 amd64 2.42-4ubuntu2.8 [94.5 kB]
#16 8.071 Get:36 http://archive.ubuntu.com/ubuntu noble-updates/main amd64 libgprofng0 amd64 2.42-4ubuntu2.8 [849 kB]
#16 8.155 Get:37 http://archive.ubuntu.com/ubuntu noble-updates/main amd64 binutils-x86-64-linux-gnu amd64 2.42-4ubuntu2.8 [2,463 kB]
#16 8.249 Get:38 http://archive.ubuntu.com/ubuntu noble-updates/main amd64 binutils amd64 2.42-4ubuntu2.8 [18.1 kB]
#16 8.329 Get:39 http://archive.ubuntu.com/ubuntu noble-updates/main amd64 gcc-13-base amd64 13.3.0-6ubuntu2~24.04.1 [51.6 kB]
#16 8.408 Get:40 http://archive.ubuntu.com/ubuntu noble-updates/main amd64 libisl23 amd64 0.26-3build1.1 [680 kB]
#16 8.491 Get:41 http://archive.ubuntu.com/ubuntu noble-updates/main amd64 libmpfr6 amd64 4.2.1-1build1.1 [353 kB]
#16 8.572 Get:42 http://archive.ubuntu.com/ubuntu noble-updates/main amd64 libmpc3 amd64 1.3.1-1build1.1 [54.6 kB]
#16 8.652 Get:43 http://archive.ubuntu.com/ubuntu noble-updates/main amd64 cpp-13-x86-64-linux-gnu amd64 13.3.0-6ubuntu2~24.04.1 [10.7 MB]
#16 8.914 Get:44 http://archive.ubuntu.com/ubuntu noble-updates/main amd64 cpp-13 amd64 13.3.0-6ubuntu2~24.04.1 [1,042 B]
#16 8.994 Get:45 http://archive.ubuntu.com/ubuntu noble/main amd64 cpp-x86-64-linux-gnu amd64 4:13.2.0-7ubuntu1 [5,326 B]
#16 9.073 Get:46 http://archive.ubuntu.com/ubuntu noble/main amd64 cpp amd64 4:13.2.0-7ubuntu1 [22.4 kB]
#16 9.153 Get:47 http://archive.ubuntu.com/ubuntu noble-updates/main amd64 libcc1-0 amd64 14.2.0-4ubuntu2~24.04.1 [48.0 kB]
#16 9.234 Get:48 http://archive.ubuntu.com/ubuntu noble-updates/main amd64 libgomp1 amd64 14.2.0-4ubuntu2~24.04.1 [148 kB]
#16 9.320 Get:49 http://archive.ubuntu.com/ubuntu noble-updates/main amd64 libitm1 amd64 14.2.0-4ubuntu2~24.04.1 [29.7 kB]
#16 9.400 Get:50 http://archive.ubuntu.com/ubuntu noble-updates/main amd64 libatomic1 amd64 14.2.0-4ubuntu2~24.04.1 [10.5 kB]
#16 9.479 Get:51 http://archive.ubuntu.com/ubuntu noble-updates/main amd64 libasan8 amd64 14.2.0-4ubuntu2~24.04.1 [3,027 kB]
#16 9.612 Get:52 http://archive.ubuntu.com/ubuntu noble-updates/main amd64 liblsan0 amd64 14.2.0-4ubuntu2~24.04.1 [1,322 kB]
#16 9.715 Get:53 http://archive.ubuntu.com/ubuntu noble-updates/main amd64 libtsan2 amd64 14.2.0-4ubuntu2~24.04.1 [2,772 kB]
#16 9.843 Get:54 http://archive.ubuntu.com/ubuntu noble-updates/main amd64 libubsan1 amd64 14.2.0-4ubuntu2~24.04.1 [1,184 kB]
#16 9.943 Get:55 http://archive.ubuntu.com/ubuntu noble-updates/main amd64 libhwasan0 amd64 14.2.0-4ubuntu2~24.04.1 [1,641 kB]
#16 10.06 Get:56 http://archive.ubuntu.com/ubuntu noble-updates/main amd64 libquadmath0 amd64 14.2.0-4ubuntu2~24.04.1 [153 kB]
#16 10.14 Get:57 http://archive.ubuntu.com/ubuntu noble-updates/main amd64 libgcc-13-dev amd64 13.3.0-6ubuntu2~24.04.1 [2,681 kB]
#16 10.26 Get:58 http://archive.ubuntu.com/ubuntu noble-updates/main amd64 gcc-13-x86-64-linux-gnu amd64 13.3.0-6ubuntu2~24.04.1 [21.1 MB]
#16 10.72 Get:59 http://archive.ubuntu.com/ubuntu noble-updates/main amd64 gcc-13 amd64 13.3.0-6ubuntu2~24.04.1 [494 kB]
#16 10.81 Get:60 http://archive.ubuntu.com/ubuntu noble/main amd64 gcc-x86-64-linux-gnu amd64 4:13.2.0-7ubuntu1 [1,212 B]
#16 10.89 Get:61 http://archive.ubuntu.com/ubuntu noble/main amd64 gcc amd64 4:13.2.0-7ubuntu1 [5,018 B]
#16 10.97 Get:62 http://archive.ubuntu.com/ubuntu noble-updates/main amd64 libstdc++-13-dev amd64 13.3.0-6ubuntu2~24.04.1 [2,420 kB]
#16 11.09 Get:63 http://archive.ubuntu.com/ubuntu noble-updates/main amd64 g++-13-x86-64-linux-gnu amd64 13.3.0-6ubuntu2~24.04.1 [12.2 MB]
#16 11.39 Get:64 http://archive.ubuntu.com/ubuntu noble-updates/main amd64 g++-13 amd64 13.3.0-6ubuntu2~24.04.1 [16.0 kB]
#16 11.47 Get:65 http://archive.ubuntu.com/ubuntu noble/main amd64 g++-x86-64-linux-gnu amd64 4:13.2.0-7ubuntu1 [964 B]
#16 11.55 Get:66 http://archive.ubuntu.com/ubuntu noble/main amd64 g++ amd64 4:13.2.0-7ubuntu1 [1,100 B]
#16 11.63 Get:67 http://archive.ubuntu.com/ubuntu noble/main amd64 make amd64 4.3-4.1build2 [180 kB]
#16 11.71 Get:68 http://archive.ubuntu.com/ubuntu noble-updates/main amd64 libdpkg-perl all 1.22.6ubuntu6.5 [269 kB]
#16 11.80 Get:69 http://archive.ubuntu.com/ubuntu noble-updates/main amd64 bzip2 amd64 1.0.8-5.1build0.1 [34.5 kB]
#16 11.88 Get:70 http://archive.ubuntu.com/ubuntu noble/main amd64 patch amd64 2.7.6-7build3 [104 kB]
#16 11.96 Get:71 http://archive.ubuntu.com/ubuntu noble/main amd64 lto-disabled-list all 47 [12.4 kB]
#16 12.04 Get:72 http://archive.ubuntu.com/ubuntu noble-updates/main amd64 dpkg-dev all 1.22.6ubuntu6.5 [1,074 kB]
#16 12.13 Get:73 http://archive.ubuntu.com/ubuntu noble/main amd64 build-essential amd64 12.10ubuntu1 [4,928 B]
#16 12.21 Get:74 http://archive.ubuntu.com/ubuntu noble-updates/main amd64 libarchive13t64 amd64 3.7.2-2ubuntu0.5 [382 kB]
#16 12.30 Get:75 http://archive.ubuntu.com/ubuntu noble/main amd64 libjsoncpp25 amd64 1.9.5-6build1 [82.8 kB]
#16 12.38 Get:76 http://archive.ubuntu.com/ubuntu noble/main amd64 librhash0 amd64 1.4.3-3build1 [129 kB]
#16 12.46 Get:77 http://archive.ubuntu.com/ubuntu noble/main amd64 cmake-data all 3.28.3-1build7 [2,155 kB]
#16 12.58 Get:78 http://archive.ubuntu.com/ubuntu noble/main amd64 cmake amd64 3.28.3-1build7 [11.2 MB]
#16 12.86 Get:79 http://archive.ubuntu.com/ubuntu noble/main amd64 libbrotli-dev amd64 1.1.0-2build2 [353 kB]
#16 12.95 Get:80 http://archive.ubuntu.com/ubuntu noble-updates/main amd64 libbz2-dev amd64 1.0.8-5.1build0.1 [33.6 kB]
#16 13.02 Get:81 http://archive.ubuntu.com/ubuntu noble-updates/main amd64 libdrm-amdgpu1 amd64 2.4.125-1ubuntu0.1~24.04.1 [21.4 kB]
#16 13.10 Get:82 http://archive.ubuntu.com/ubuntu noble-updates/main amd64 libpciaccess0 amd64 0.17-3ubuntu0.24.04.2 [18.9 kB]
#16 13.18 Get:83 http://archive.ubuntu.com/ubuntu noble-updates/main amd64 libdrm-intel1 amd64 2.4.125-1ubuntu0.1~24.04.1 [63.8 kB]
#16 13.26 Get:84 http://archive.ubuntu.com/ubuntu noble-updates/main amd64 libdrm-radeon1 amd64 2.4.125-1ubuntu0.1~24.04.1 [20.8 kB]
#16 13.34 Get:85 http://archive.ubuntu.com/ubuntu noble-updates/main amd64 libdrm-nouveau2 amd64 2.4.125-1ubuntu0.1~24.04.1 [17.7 kB]
#16 13.42 Get:86 http://archive.ubuntu.com/ubuntu noble-updates/main amd64 libpciaccess-dev amd64 0.17-3ubuntu0.24.04.2 [22.0 kB]
#16 13.51 Get:87 http://archive.ubuntu.com/ubuntu noble-updates/main amd64 libdrm-dev amd64 2.4.125-1ubuntu0.1~24.04.1 [314 kB]
#16 13.59 Get:88 http://archive.ubuntu.com/ubuntu noble/main amd64 libglvnd0 amd64 1.7.0-1build1 [69.6 kB]
#16 13.75 Get:89 http://archive.ubuntu.com/ubuntu noble-updates/main amd64 libllvm20 amd64 1:20.1.2-0ubuntu1~24.04.2 [30.6 MB]
#16 15.02 Get:90 http://archive.ubuntu.com/ubuntu noble/main amd64 libx11-xcb1 amd64 2:1.8.7-1build1 [7,800 B]
#16 15.10 Get:91 http://archive.ubuntu.com/ubuntu noble/main amd64 libxcb-dri3-0 amd64 1.15-1ubuntu2 [7,142 B]
#16 15.18 Get:92 http://archive.ubuntu.com/ubuntu noble/main amd64 libxcb-present0 amd64 1.15-1ubuntu2 [5,676 B]
#16 15.26 Get:93 http://archive.ubuntu.com/ubuntu noble/main amd64 libxcb-randr0 amd64 1.15-1ubuntu2 [17.9 kB]
#16 15.34 Get:94 http://archive.ubuntu.com/ubuntu noble/main amd64 libxcb-sync1 amd64 1.15-1ubuntu2 [9,312 B]
#16 15.41 Get:95 http://archive.ubuntu.com/ubuntu noble/main amd64 libxcb-xfixes0 amd64 1.15-1ubuntu2 [10.2 kB]
#16 15.49 Get:96 http://archive.ubuntu.com/ubuntu noble/main amd64 libxshmfence1 amd64 1.3-1build5 [4,764 B]
#16 15.57 Get:97 http://archive.ubuntu.com/ubuntu noble-updates/main amd64 mesa-libgallium amd64 25.2.8-0ubuntu0.24.04.1 [10.8 MB]
#16 15.85 Get:98 http://archive.ubuntu.com/ubuntu noble-updates/main amd64 libgbm1 amd64 25.2.8-0ubuntu0.24.04.1 [34.2 kB]
#16 15.93 Get:99 http://archive.ubuntu.com/ubuntu noble/main amd64 libwayland-client0 amd64 1.22.0-2.1build1 [26.4 kB]
#16 16.01 Get:100 http://archive.ubuntu.com/ubuntu noble/main amd64 libxcb-shm0 amd64 1.15-1ubuntu2 [5,756 B]
#16 16.09 Get:101 http://archive.ubuntu.com/ubuntu noble-updates/main amd64 libegl-mesa0 amd64 25.2.8-0ubuntu0.24.04.1 [117 kB]
#16 16.17 Get:102 http://archive.ubuntu.com/ubuntu noble/main amd64 libegl1 amd64 1.7.0-1build1 [28.7 kB]
#16 16.26 Get:103 http://archive.ubuntu.com/ubuntu noble/main amd64 libxcb-glx0 amd64 1.15-1ubuntu2 [24.8 kB]
#16 16.34 Get:104 http://archive.ubuntu.com/ubuntu noble/main amd64 libxxf86vm1 amd64 1:1.1.4-1build4 [9,282 B]
#16 16.42 Get:105 http://archive.ubuntu.com/ubuntu noble/main amd64 libvulkan1 amd64 1.3.275.0-1build1 [142 kB]
#16 16.50 Get:106 http://archive.ubuntu.com/ubuntu noble-updates/main amd64 libgl1-mesa-dri amd64 25.2.8-0ubuntu0.24.04.1 [37.9 kB]
#16 16.58 Get:107 http://archive.ubuntu.com/ubuntu noble-updates/main amd64 libglx-mesa0 amd64 25.2.8-0ubuntu0.24.04.1 [110 kB]
#16 16.66 Get:108 http://archive.ubuntu.com/ubuntu noble/main amd64 libglx0 amd64 1.7.0-1build1 [38.6 kB]
#16 16.73 Get:109 http://archive.ubuntu.com/ubuntu noble/main amd64 libgl1 amd64 1.7.0-1build1 [102 kB]
#16 16.81 Get:110 http://archive.ubuntu.com/ubuntu noble/main amd64 xorg-sgml-doctools all 1:1.11-1.1 [10.9 kB]
#16 16.89 Get:111 http://archive.ubuntu.com/ubuntu noble/main amd64 x11proto-dev all 2023.2-1 [602 kB]
#16 16.98 Get:112 http://archive.ubuntu.com/ubuntu noble/main amd64 libxau-dev amd64 1:1.0.9-1build6 [9,570 B]
#16 17.06 Get:113 http://archive.ubuntu.com/ubuntu noble/main amd64 libxdmcp-dev amd64 1:1.1.3-0ubuntu6 [26.5 kB]
#16 17.14 Get:114 http://archive.ubuntu.com/ubuntu noble/main amd64 xtrans-dev all 1.4.0-1 [68.9 kB]
#16 17.22 Get:115 http://archive.ubuntu.com/ubuntu noble/main amd64 libpthread-stubs0-dev amd64 0.4-1build3 [4,746 B]
#16 17.30 Get:116 http://archive.ubuntu.com/ubuntu noble/main amd64 libxcb1-dev amd64 1.15-1ubuntu2 [85.8 kB]
#16 17.38 Get:117 http://archive.ubuntu.com/ubuntu noble/main amd64 libx11-dev amd64 2:1.8.7-1build1 [732 kB]
#16 17.47 Get:118 http://archive.ubuntu.com/ubuntu noble/main amd64 libglx-dev amd64 1.7.0-1build1 [14.2 kB]
#16 17.55 Get:119 http://archive.ubuntu.com/ubuntu noble/main amd64 libgl-dev amd64 1.7.0-1build1 [102 kB]
#16 17.63 Get:120 http://archive.ubuntu.com/ubuntu noble/main amd64 libegl-dev amd64 1.7.0-1build1 [18.2 kB]
#16 17.71 Get:121 http://archive.ubuntu.com/ubuntu noble/main amd64 libepoxy0 amd64 1.5.10-1build1 [220 kB]
#16 17.79 Get:122 http://archive.ubuntu.com/ubuntu noble/main amd64 libepoxy-dev amd64 1.5.10-1build1 [132 kB]
#16 17.87 Get:123 http://archive.ubuntu.com/ubuntu noble/main amd64 libfontenc1 amd64 1:1.1.8-1build1 [14.0 kB]
#16 17.95 Get:124 http://archive.ubuntu.com/ubuntu noble-updates/main amd64 zlib1g-dev amd64 1:1.3.dfsg-3.1ubuntu2.1 [894 kB]
#16 18.05 Get:125 http://archive.ubuntu.com/ubuntu noble/main amd64 libfontenc-dev amd64 1:1.1.8-1build1 [15.6 kB]
#16 18.12 Get:126 http://archive.ubuntu.com/ubuntu noble-updates/main amd64 libpng-dev amd64 1.6.43-5ubuntu0.5 [265 kB]
#16 18.21 Get:127 http://archive.ubuntu.com/ubuntu noble/main amd64 libfreetype-dev amd64 2.13.2+dfsg-1build3 [575 kB]
#16 18.30 Get:128 http://archive.ubuntu.com/ubuntu noble/main amd64 libgles1 amd64 1.7.0-1build1 [11.6 kB]
#16 18.38 Get:129 http://archive.ubuntu.com/ubuntu noble/main amd64 libgles2 amd64 1.7.0-1build1 [17.1 kB]
#16 18.45 Get:130 http://archive.ubuntu.com/ubuntu noble/main amd64 libgles-dev amd64 1.7.0-1build1 [50.5 kB]
#16 18.53 Get:131 http://archive.ubuntu.com/ubuntu noble-updates/main amd64 libgmpxx4ldbl amd64 2:6.3.0+dfsg-2ubuntu6.1 [9,888 B]
#16 18.61 Get:132 http://archive.ubuntu.com/ubuntu noble-updates/main amd64 libgmp-dev amd64 2:6.3.0+dfsg-2ubuntu6.1 [340 kB]
#16 18.70 Get:133 http://archive.ubuntu.com/ubuntu noble/main amd64 x11-common all 1:7.7+23ubuntu3 [21.7 kB]
#16 18.78 Get:134 http://archive.ubuntu.com/ubuntu noble/main amd64 libice6 amd64 2:1.0.10-1build3 [41.4 kB]
#16 18.86 Get:135 http://archive.ubuntu.com/ubuntu noble/main amd64 libjpeg-turbo8 amd64 2.1.5-2ubuntu2 [150 kB]
#16 18.94 Get:136 http://archive.ubuntu.com/ubuntu noble/main amd64 libjpeg-turbo8-dev amd64 2.1.5-2ubuntu2 [295 kB]
#16 19.02 Get:137 http://archive.ubuntu.com/ubuntu noble/main amd64 libopengl0 amd64 1.7.0-1build1 [32.8 kB]
#16 19.10 Get:138 http://archive.ubuntu.com/ubuntu noble/main amd64 libopengl-dev amd64 1.7.0-1build1 [3,454 B]
#16 19.18 Get:139 http://archive.ubuntu.com/ubuntu noble-updates/main amd64 libpam0g-dev amd64 1.5.3-5ubuntu5.5 [114 kB]
#16 19.26 Get:140 http://archive.ubuntu.com/ubuntu noble/main amd64 libpixman-1-0 amd64 0.42.2-1build1 [279 kB]
#16 19.34 Get:141 http://archive.ubuntu.com/ubuntu noble/main amd64 libpixman-1-dev amd64 0.42.2-1build1 [296 kB]
#16 19.43 Get:142 http://archive.ubuntu.com/ubuntu noble/main amd64 libpkgconf3 amd64 1.8.1-2build1 [30.7 kB]
#16 19.51 Get:143 http://archive.ubuntu.com/ubuntu noble/main amd64 libsharpyuv0 amd64 1.3.2-0.4build3 [15.8 kB]
#16 19.59 Get:144 http://archive.ubuntu.com/ubuntu noble/main amd64 libsharpyuv-dev amd64 1.3.2-0.4build3 [16.0 kB]
#16 19.67 Get:145 http://archive.ubuntu.com/ubuntu noble/main amd64 libsm6 amd64 2:1.2.3-1build3 [15.7 kB]
#16 19.74 Get:146 http://archive.ubuntu.com/ubuntu noble-updates/main amd64 libssl-dev amd64 3.0.13-0ubuntu3.7 [2,407 kB]
#16 19.87 Get:147 http://archive.ubuntu.com/ubuntu noble/main amd64 libtool all 2.4.7-7build1 [166 kB]
#16 19.95 Get:148 http://archive.ubuntu.com/ubuntu noble-updates/main amd64 libudev-dev amd64 255.4-1ubuntu8.12 [22.0 kB]
#16 20.03 Get:149 http://archive.ubuntu.com/ubuntu noble/main amd64 libwayland-cursor0 amd64 1.22.0-2.1build1 [10.4 kB]
#16 20.11 Get:150 http://archive.ubuntu.com/ubuntu noble/main amd64 libwayland-egl1 amd64 1.22.0-2.1build1 [5,628 B]
#16 20.19 Get:151 http://archive.ubuntu.com/ubuntu noble/main amd64 libwayland-server0 amd64 1.22.0-2.1build1 [33.9 kB]
#16 20.26 Get:152 http://archive.ubuntu.com/ubuntu noble/main amd64 libwebp7 amd64 1.3.2-0.4build3 [230 kB]
#16 20.35 Get:153 http://archive.ubuntu.com/ubuntu noble/main amd64 libwebpdecoder3 amd64 1.3.2-0.4build3 [114 kB]
#16 20.43 Get:154 http://archive.ubuntu.com/ubuntu noble/main amd64 libwebpdemux2 amd64 1.3.2-0.4build3 [12.4 kB]
#16 20.51 Get:155 http://archive.ubuntu.com/ubuntu noble/main amd64 libwebpmux3 amd64 1.3.2-0.4build3 [25.7 kB]
#16 20.59 Get:156 http://archive.ubuntu.com/ubuntu noble/main amd64 libxt6t64 amd64 1:1.2.1-1.2build1 [171 kB]
#16 20.67 Get:157 http://archive.ubuntu.com/ubuntu noble/main amd64 libxmu6 amd64 2:1.1.3-3build2 [47.6 kB]
#16 20.75 Get:158 http://archive.ubuntu.com/ubuntu noble/main amd64 libxpm4 amd64 1:3.5.17-1build2 [36.5 kB]
#16 20.82 Get:159 http://archive.ubuntu.com/ubuntu noble/main amd64 libxaw7 amd64 2:1.0.14-1build2 [187 kB]
#16 20.91 Get:160 http://archive.ubuntu.com/ubuntu noble/main amd64 libxcb-render0 amd64 1.15-1ubuntu2 [16.2 kB]
#16 20.98 Get:161 http://archive.ubuntu.com/ubuntu noble/main amd64 libxcb-render0-dev amd64 1.15-1ubuntu2 [19.6 kB]
#16 21.06 Get:162 http://archive.ubuntu.com/ubuntu noble/main amd64 libxcb-shm0-dev amd64 1.15-1ubuntu2 [8,246 B]
#16 21.14 Get:163 http://archive.ubuntu.com/ubuntu noble/main amd64 libxfixes3 amd64 1:6.0.0-2build1 [10.8 kB]
#16 21.22 Get:164 http://archive.ubuntu.com/ubuntu noble/main amd64 libxrender1 amd64 1:0.9.10-1.1build1 [19.0 kB]
#16 21.30 Get:165 http://archive.ubuntu.com/ubuntu noble/main amd64 libxcursor1 amd64 1:1.2.1-1build1 [20.7 kB]
#16 21.38 Get:166 http://archive.ubuntu.com/ubuntu noble/main amd64 libxrender-dev amd64 1:0.9.10-1.1build1 [26.3 kB]
#16 21.46 Get:167 http://archive.ubuntu.com/ubuntu noble/main amd64 libxfixes-dev amd64 1:6.0.0-2build1 [12.1 kB]
#16 21.54 Get:168 http://archive.ubuntu.com/ubuntu noble/main amd64 libxcursor-dev amd64 1:1.2.1-1build1 [31.8 kB]
#16 21.62 Get:169 http://archive.ubuntu.com/ubuntu noble/main amd64 libxcvt0 amd64 0.1.2-1build1 [5,684 B]
#16 21.69 Get:170 http://archive.ubuntu.com/ubuntu noble/main amd64 libxcvt-dev amd64 0.1.2-1build1 [3,252 B]
#16 21.77 Get:171 http://archive.ubuntu.com/ubuntu noble/main amd64 libxext-dev amd64 2:1.3.4-1build2 [83.5 kB]
#16 21.85 Get:172 http://archive.ubuntu.com/ubuntu noble/main amd64 libxfont2 amd64 1:2.0.6-1build1 [93.0 kB]
#16 21.93 Get:173 http://archive.ubuntu.com/ubuntu noble/main amd64 libxfont-dev amd64 1:2.0.6-1build1 [128 kB]
#16 22.01 Get:174 http://archive.ubuntu.com/ubuntu noble/main amd64 libxi6 amd64 2:1.8.1-1build1 [32.4 kB]
#16 22.09 Get:175 http://archive.ubuntu.com/ubuntu noble/main amd64 libxi-dev amd64 2:1.8.1-1build1 [194 kB]
#16 22.18 Get:176 http://archive.ubuntu.com/ubuntu noble/main amd64 libxkbfile1 amd64 1:1.1.0-1build4 [70.0 kB]
#16 22.26 Get:177 http://archive.ubuntu.com/ubuntu noble/main amd64 libxkbfile-dev amd64 1:1.1.0-1build4 [84.4 kB]
#16 22.34 Get:178 http://archive.ubuntu.com/ubuntu noble/main amd64 libxrandr2 amd64 2:1.5.2-2build1 [19.7 kB]
#16 22.42 Get:179 http://archive.ubuntu.com/ubuntu noble/main amd64 libxrandr-dev amd64 2:1.5.2-2build1 [26.4 kB]
#16 22.50 Get:180 http://archive.ubuntu.com/ubuntu noble/main amd64 libxshmfence-dev amd64 1.3-1build5 [3,672 B]
#16 22.57 Get:181 http://archive.ubuntu.com/ubuntu noble/main amd64 libxtst6 amd64 2:1.2.3-1.1build1 [12.6 kB]
#16 22.65 Get:182 http://archive.ubuntu.com/ubuntu noble/main amd64 libxtst-dev amd64 2:1.2.3-1.1build1 [15.9 kB]
#16 22.73 Get:183 http://archive.ubuntu.com/ubuntu noble-updates/main amd64 mesa-common-dev amd64 25.2.8-0ubuntu0.24.04.1 [3,133 kB]
#16 22.87 Get:184 http://archive.ubuntu.com/ubuntu noble/universe amd64 ninja-build amd64 1.11.1-2 [129 kB]
#16 22.95 Get:185 http://archive.ubuntu.com/ubuntu noble-updates/main amd64 python3-setuptools all 68.1.2-2ubuntu1.2 [397 kB]
#16 23.04 Get:186 http://archive.ubuntu.com/ubuntu noble/universe amd64 meson all 1.3.2-1ubuntu1 [604 kB]
#16 23.13 Get:187 http://archive.ubuntu.com/ubuntu noble-updates/main amd64 nettle-dev amd64 3.9.1-2.2build1.1 [1,154 kB]
#16 23.23 Get:188 http://archive.ubuntu.com/ubuntu noble/main amd64 pkgconf-bin amd64 1.8.1-2build1 [20.7 kB]
#16 23.31 Get:189 http://archive.ubuntu.com/ubuntu noble/main amd64 pkgconf amd64 1.8.1-2build1 [16.8 kB]
#16 23.59 Get:190 http://archive.ubuntu.com/ubuntu noble/main amd64 pkg-config amd64 1.8.1-2build1 [7,264 B]
#16 23.73 Get:191 http://archive.ubuntu.com/ubuntu noble/main amd64 x11-xkb-utils amd64 7.7+8build2 [170 kB]
#16 24.33 Get:192 http://archive.ubuntu.com/ubuntu noble/main amd64 xfonts-encodings all 1:1.0.5-0ubuntu2 [578 kB]
#16 24.78 Get:193 http://archive.ubuntu.com/ubuntu noble/main amd64 xfonts-utils amd64 1:7.7+6build3 [94.4 kB]
#16 24.94 Get:194 http://archive.ubuntu.com/ubuntu noble/universe amd64 xfonts-100dpi all 1:1.0.5 [3,819 kB]
#16 25.48 Get:195 http://archive.ubuntu.com/ubuntu noble/universe amd64 xfonts-75dpi all 1:1.0.5 [3,370 kB]
#16 25.71 Get:196 http://archive.ubuntu.com/ubuntu noble/main amd64 xfonts-base all 1:1.0.5+nmu1 [5,941 kB]
#16 26.03 Get:197 http://archive.ubuntu.com/ubuntu noble/main amd64 xinit amd64 1.4.1-0ubuntu5 [16.7 kB]
#16 26.17 Get:198 http://archive.ubuntu.com/ubuntu noble-updates/main amd64 xserver-common all 2:21.1.12-1ubuntu1.5 [34.6 kB]
#16 26.31 Get:199 http://archive.ubuntu.com/ubuntu noble-updates/main amd64 xserver-xorg-core amd64 2:21.1.12-1ubuntu1.5 [1,476 kB]
#16 26.47 Get:200 http://archive.ubuntu.com/ubuntu noble-updates/main amd64 xserver-xorg-dev amd64 2:21.1.12-1ubuntu1.5 [210 kB]
#16 26.61 Get:201 http://archive.ubuntu.com/ubuntu noble/main amd64 libffi-dev amd64 3.4.6-1build1 [62.8 kB]
#16 26.75 Get:202 http://archive.ubuntu.com/ubuntu noble/main amd64 libglvnd-core-dev amd64 1.7.0-1build1 [13.6 kB]
#16 26.89 Get:203 http://archive.ubuntu.com/ubuntu noble/main amd64 libglvnd-dev amd64 1.7.0-1build1 [3,198 B]
#16 27.03 Get:204 http://archive.ubuntu.com/ubuntu noble-updates/main amd64 libgl1-mesa-dev amd64 25.2.8-0ubuntu0.24.04.1 [22.5 kB]
#16 27.17 Get:205 http://archive.ubuntu.com/ubuntu noble/main amd64 libwayland-bin amd64 1.22.0-2.1build1 [20.6 kB]
#16 27.32 Get:206 http://archive.ubuntu.com/ubuntu noble/main amd64 libwayland-dev amd64 1.22.0-2.1build1 [71.3 kB]
#16 27.46 Get:207 http://archive.ubuntu.com/ubuntu noble/main amd64 libwebp-dev amd64 1.3.2-0.4build3 [367 kB]
#16 27.60 Get:208 http://archive.ubuntu.com/ubuntu noble/main amd64 libxcb-icccm4 amd64 0.4.1-1.1build3 [10.8 kB]
#16 27.74 Get:209 http://archive.ubuntu.com/ubuntu noble/main amd64 libxcb-icccm4-dev amd64 0.4.1-1.1build3 [11.3 kB]
#16 27.88 Get:210 http://archive.ubuntu.com/ubuntu noble/main amd64 libxcb-util1 amd64 0.4.0-1build3 [10.7 kB]
#16 28.02 Get:211 http://archive.ubuntu.com/ubuntu noble/main amd64 libxcb-image0 amd64 0.4.0-2build1 [10.8 kB]
#16 28.16 Get:212 http://archive.ubuntu.com/ubuntu noble/main amd64 libxcb-image0-dev amd64 0.4.0-2build1 [16.3 kB]
#16 28.30 Get:213 http://archive.ubuntu.com/ubuntu noble/main amd64 libxcb-keysyms1 amd64 0.4.0-1build4 [7,956 B]
#16 28.45 Get:214 http://archive.ubuntu.com/ubuntu noble/main amd64 libxcb-keysyms1-dev amd64 0.4.0-1build4 [7,030 B]
#16 28.59 Get:215 http://archive.ubuntu.com/ubuntu noble/main amd64 libxcb-render-util0 amd64 0.3.9-1build4 [9,608 B]
#16 28.73 Get:216 http://archive.ubuntu.com/ubuntu noble/main amd64 libxcb-render-util0-dev amd64 0.3.9-1build4 [67.4 kB]
#16 28.87 Get:217 http://archive.ubuntu.com/ubuntu noble/main amd64 libxcb-util-dev amd64 0.4.0-1build3 [10.8 kB]
#16 29.01 Get:218 http://archive.ubuntu.com/ubuntu noble-updates/main amd64 wayland-protocols all 1.45-1~ubuntu0.24.04.1 [114 kB]
#16 29.13 debconf: delaying package configuration, since apt-utils is not installed
#16 29.16 Fetched 162 MB in 24s (6,777 kB/s)
#16 29.17 Selecting previously unselected package liblocale-gettext-perl.
#16 29.17 (Reading database ... (Reading database ... 5%(Reading database ... 10%(Reading database ... 15%(Reading database ... 20%(Reading database ... 25%(Reading database ... 30%(Reading database ... 35%(Reading database ... 40%(Reading database ... 45%(Reading database ... 50%(Reading database ... 55%(Reading database ... 60%(Reading database ... 65%(Reading database ... 70%(Reading database ... 75%(Reading database ... 80%(Reading database ... 85%(Reading database ... 90%(Reading database ... 95%(Reading database ... 100%(Reading database ... 16577 files and directories currently installed.)
#16 29.18 Preparing to unpack .../liblocale-gettext-perl_1.07-6ubuntu5_amd64.deb ...
#16 29.19 Unpacking liblocale-gettext-perl (1.07-6ubuntu5) ...
#16 29.20 Selecting previously unselected package xkb-data.
#16 29.20 Preparing to unpack .../xkb-data_2.41-2ubuntu1.1_all.deb ...
#16 29.20 Unpacking xkb-data (2.41-2ubuntu1.1) ...
#16 29.28 Selecting previously unselected package keyboard-configuration.
#16 29.28 Preparing to unpack .../keyboard-configuration_1.226ubuntu1_all.deb ...
#16 29.29 Unpacking keyboard-configuration (1.226ubuntu1) ...
#16 29.31 Preparing to unpack .../gcc-14-base_14.2.0-4ubuntu2~24.04.1_amd64.deb ...
#16 29.31 Unpacking gcc-14-base:amd64 (14.2.0-4ubuntu2~24.04.1) over (14.2.0-4ubuntu2~24.04) ...
#16 29.33 Setting up gcc-14-base:amd64 (14.2.0-4ubuntu2~24.04.1) ...
#16 29.35 (Reading database ... (Reading database ... 5%(Reading database ... 10%(Reading database ... 15%(Reading database ... 20%(Reading database ... 25%(Reading database ... 30%(Reading database ... 35%(Reading database ... 40%(Reading database ... 45%(Reading database ... 50%(Reading database ... 55%(Reading database ... 60%(Reading database ... 65%(Reading database ... 70%(Reading database ... 75%(Reading database ... 80%(Reading database ... 85%(Reading database ... 90%(Reading database ... 95%(Reading database ... 100%(Reading database ... 16941 files and directories currently installed.)
#16 29.37 Preparing to unpack .../libstdc++6_14.2.0-4ubuntu2~24.04.1_amd64.deb ...
#16 29.38 Unpacking libstdc++6:amd64 (14.2.0-4ubuntu2~24.04.1) over (14.2.0-4ubuntu2~24.04) ...
#16 29.43 Setting up libstdc++6:amd64 (14.2.0-4ubuntu2~24.04.1) ...
#16 29.45 (Reading database ... (Reading database ... 5%(Reading database ... 10%(Reading database ... 15%(Reading database ... 20%(Reading database ... 25%(Reading database ... 30%(Reading database ... 35%(Reading database ... 40%(Reading database ... 45%(Reading database ... 50%(Reading database ... 55%(Reading database ... 60%(Reading database ... 65%(Reading database ... 70%(Reading database ... 75%(Reading database ... 80%(Reading database ... 85%(Reading database ... 90%(Reading database ... 95%(Reading database ... 100%(Reading database ... 16941 files and directories currently installed.)
#16 29.46 Preparing to unpack .../libgcc-s1_14.2.0-4ubuntu2~24.04.1_amd64.deb ...
#16 29.46 Unpacking libgcc-s1:amd64 (14.2.0-4ubuntu2~24.04.1) over (14.2.0-4ubuntu2~24.04) ...
#16 29.49 Setting up libgcc-s1:amd64 (14.2.0-4ubuntu2~24.04.1) ...
#16 29.51 Selecting previously unselected package libbsd0:amd64.
#16 29.51 (Reading database ... (Reading database ... 5%(Reading database ... 10%(Reading database ... 15%(Reading database ... 20%(Reading database ... 25%(Reading database ... 30%(Reading database ... 35%(Reading database ... 40%(Reading database ... 45%(Reading database ... 50%(Reading database ... 55%(Reading database ... 60%(Reading database ... 65%(Reading database ... 70%(Reading database ... 75%(Reading database ... 80%(Reading database ... 85%(Reading database ... 90%(Reading database ... 95%(Reading database ... 100%(Reading database ... 16941 files and directories currently installed.)
#16 29.52 Preparing to unpack .../000-libbsd0_0.12.1-1build1.1_amd64.deb ...
#16 29.53 Unpacking libbsd0:amd64 (0.12.1-1build1.1) ...
#16 29.55 Selecting previously unselected package udev.
#16 29.55 Preparing to unpack .../001-udev_255.4-1ubuntu8.12_amd64.deb ...
#16 29.56 Unpacking udev (255.4-1ubuntu8.12) ...
#16 29.63 Selecting previously unselected package libmagic-mgc.
#16 29.63 Preparing to unpack .../002-libmagic-mgc_1%3a5.45-3build1_amd64.deb ...
#16 29.64 Unpacking libmagic-mgc (1:5.45-3build1) ...
#16 29.67 Selecting previously unselected package libmagic1t64:amd64.
#16 29.68 Preparing to unpack .../003-libmagic1t64_1%3a5.45-3build1_amd64.deb ...
#16 29.68 Unpacking libmagic1t64:amd64 (1:5.45-3build1) ...
#16 29.69 Selecting previously unselected package file.
#16 29.69 Preparing to unpack .../004-file_1%3a5.45-3build1_amd64.deb ...
#16 29.70 Unpacking file (1:5.45-3build1) ...
#16 29.71 Selecting previously unselected package libdrm-common.
#16 29.71 Preparing to unpack .../005-libdrm-common_2.4.125-1ubuntu0.1~24.04.1_all.deb ...
#16 29.71 Unpacking libdrm-common (2.4.125-1ubuntu0.1~24.04.1) ...
#16 29.73 Selecting previously unselected package libdrm2:amd64.
#16 29.73 Preparing to unpack .../006-libdrm2_2.4.125-1ubuntu0.1~24.04.1_amd64.deb ...
#16 29.73 Unpacking libdrm2:amd64 (2.4.125-1ubuntu0.1~24.04.1) ...
#16 29.74 Selecting previously unselected package libedit2:amd64.
#16 29.74 Preparing to unpack .../007-libedit2_3.1-20230828-1build1_amd64.deb ...
#16 29.75 Unpacking libedit2:amd64 (3.1-20230828-1build1) ...
#16 29.76 Selecting previously unselected package libjansson4:amd64.
#16 29.76 Preparing to unpack .../008-libjansson4_2.14-2build2_amd64.deb ...
#16 29.77 Unpacking libjansson4:amd64 (2.14-2build2) ...
#16 29.78 Selecting previously unselected package libsensors-config.
#16 29.78 Preparing to unpack .../009-libsensors-config_1%3a3.6.0-9build1_all.deb ...
#16 29.78 Unpacking libsensors-config (1:3.6.0-9build1) ...
#16 29.80 Selecting previously unselected package libsensors5:amd64.
#16 29.80 Preparing to unpack .../010-libsensors5_1%3a3.6.0-9build1_amd64.deb ...
#16 29.80 Unpacking libsensors5:amd64 (1:3.6.0-9build1) ...
#16 29.82 Selecting previously unselected package libuv1t64:amd64.
#16 29.83 Preparing to unpack .../011-libuv1t64_1.48.0-1.1build1_amd64.deb ...
#16 29.83 Unpacking libuv1t64:amd64 (1.48.0-1.1build1) ...
#16 29.84 Selecting previously unselected package libxau6:amd64.
#16 29.84 Preparing to unpack .../012-libxau6_1%3a1.0.9-1build6_amd64.deb ...
#16 29.85 Unpacking libxau6:amd64 (1:1.0.9-1build6) ...
#16 29.86 Selecting previously unselected package libxdmcp6:amd64.
#16 29.86 Preparing to unpack .../013-libxdmcp6_1%3a1.1.3-0ubuntu6_amd64.deb ...
#16 29.86 Unpacking libxdmcp6:amd64 (1:1.1.3-0ubuntu6) ...
#16 29.88 Selecting previously unselected package libxcb1:amd64.
#16 29.88 Preparing to unpack .../014-libxcb1_1.15-1ubuntu2_amd64.deb ...
#16 29.88 Unpacking libxcb1:amd64 (1.15-1ubuntu2) ...
#16 29.89 Selecting previously unselected package libx11-data.
#16 29.90 Preparing to unpack .../015-libx11-data_2%3a1.8.7-1build1_all.deb ...
#16 29.90 Unpacking libx11-data (2:1.8.7-1build1) ...
#16 29.95 Selecting previously unselected package libx11-6:amd64.
#16 29.95 Preparing to unpack .../016-libx11-6_2%3a1.8.7-1build1_amd64.deb ...
#16 29.95 Unpacking libx11-6:amd64 (2:1.8.7-1build1) ...
#16 29.97 Selecting previously unselected package libxext6:amd64.
#16 29.98 Preparing to unpack .../017-libxext6_2%3a1.3.4-1build2_amd64.deb ...
#16 29.98 Unpacking libxext6:amd64 (2:1.3.4-1build2) ...
#16 29.99 Selecting previously unselected package libxmuu1:amd64.
#16 29.99 Preparing to unpack .../018-libxmuu1_2%3a1.1.3-3build2_amd64.deb ...
#16 29.99 Unpacking libxmuu1:amd64 (2:1.1.3-3build2) ...
#16 30.01 Selecting previously unselected package xauth.
#16 30.01 Preparing to unpack .../019-xauth_1%3a1.1.2-1build1_amd64.deb ...
#16 30.01 Unpacking xauth (1:1.1.2-1build1) ...
#16 30.03 Selecting previously unselected package m4.
#16 30.03 Preparing to unpack .../020-m4_1.4.19-4build1_amd64.deb ...
#16 30.03 Unpacking m4 (1.4.19-4build1) ...
#16 30.06 Selecting previously unselected package autoconf.
#16 30.06 Preparing to unpack .../021-autoconf_2.71-3_all.deb ...
#16 30.06 Unpacking autoconf (2.71-3) ...
#16 30.09 Selecting previously unselected package autotools-dev.
#16 30.09 Preparing to unpack .../022-autotools-dev_20220109.1_all.deb ...
#16 30.09 Unpacking autotools-dev (20220109.1) ...
#16 30.11 Selecting previously unselected package automake.
#16 30.11 Preparing to unpack .../023-automake_1%3a1.16.5-1.3ubuntu1_all.deb ...
#16 30.12 Unpacking automake (1:1.16.5-1.3ubuntu1) ...
#16 30.15 Selecting previously unselected package binutils-common:amd64.
#16 30.15 Preparing to unpack .../024-binutils-common_2.42-4ubuntu2.8_amd64.deb ...
#16 30.16 Unpacking binutils-common:amd64 (2.42-4ubuntu2.8) ...
#16 30.17 Selecting previously unselected package libsframe1:amd64.
#16 30.18 Preparing to unpack .../025-libsframe1_2.42-4ubuntu2.8_amd64.deb ...
#16 30.18 Unpacking libsframe1:amd64 (2.42-4ubuntu2.8) ...
#16 30.19 Selecting previously unselected package libbinutils:amd64.
#16 30.19 Preparing to unpack .../026-libbinutils_2.42-4ubuntu2.8_amd64.deb ...
#16 30.19 Unpacking libbinutils:amd64 (2.42-4ubuntu2.8) ...
#16 30.22 Selecting previously unselected package libctf-nobfd0:amd64.
#16 30.22 Preparing to unpack .../027-libctf-nobfd0_2.42-4ubuntu2.8_amd64.deb ...
#16 30.22 Unpacking libctf-nobfd0:amd64 (2.42-4ubuntu2.8) ...
#16 30.23 Selecting previously unselected package libctf0:amd64.
#16 30.24 Preparing to unpack .../028-libctf0_2.42-4ubuntu2.8_amd64.deb ...
#16 30.24 Unpacking libctf0:amd64 (2.42-4ubuntu2.8) ...
#16 30.25 Selecting previously unselected package libgprofng0:amd64.
#16 30.25 Preparing to unpack .../029-libgprofng0_2.42-4ubuntu2.8_amd64.deb ...
#16 30.25 Unpacking libgprofng0:amd64 (2.42-4ubuntu2.8) ...
#16 30.28 Selecting previously unselected package binutils-x86-64-linux-gnu.
#16 30.28 Preparing to unpack .../030-binutils-x86-64-linux-gnu_2.42-4ubuntu2.8_amd64.deb ...
#16 30.28 Unpacking binutils-x86-64-linux-gnu (2.42-4ubuntu2.8) ...
#16 30.35 Selecting previously unselected package binutils.
#16 30.36 Preparing to unpack .../031-binutils_2.42-4ubuntu2.8_amd64.deb ...
#16 30.36 Unpacking binutils (2.42-4ubuntu2.8) ...
#16 30.38 Selecting previously unselected package gcc-13-base:amd64.
#16 30.38 Preparing to unpack .../032-gcc-13-base_13.3.0-6ubuntu2~24.04.1_amd64.deb ...
#16 30.38 Unpacking gcc-13-base:amd64 (13.3.0-6ubuntu2~24.04.1) ...
#16 30.39 Selecting previously unselected package libisl23:amd64.
#16 30.39 Preparing to unpack .../033-libisl23_0.26-3build1.1_amd64.deb ...
#16 30.40 Unpacking libisl23:amd64 (0.26-3build1.1) ...
#16 30.42 Selecting previously unselected package libmpfr6:amd64.
#16 30.42 Preparing to unpack .../034-libmpfr6_4.2.1-1build1.1_amd64.deb ...
#16 30.42 Unpacking libmpfr6:amd64 (4.2.1-1build1.1) ...
#16 30.44 Selecting previously unselected package libmpc3:amd64.
#16 30.44 Preparing to unpack .../035-libmpc3_1.3.1-1build1.1_amd64.deb ...
#16 30.44 Unpacking libmpc3:amd64 (1.3.1-1build1.1) ...
#16 30.46 Selecting previously unselected package cpp-13-x86-64-linux-gnu.
#16 30.46 Preparing to unpack .../036-cpp-13-x86-64-linux-gnu_13.3.0-6ubuntu2~24.04.1_amd64.deb ...
#16 30.46 Unpacking cpp-13-x86-64-linux-gnu (13.3.0-6ubuntu2~24.04.1) ...
#16 30.59 Selecting previously unselected package cpp-13.
#16 30.59 Preparing to unpack .../037-cpp-13_13.3.0-6ubuntu2~24.04.1_amd64.deb ...
#16 30.59 Unpacking cpp-13 (13.3.0-6ubuntu2~24.04.1) ...
#16 30.61 Selecting previously unselected package cpp-x86-64-linux-gnu.
#16 30.61 Preparing to unpack .../038-cpp-x86-64-linux-gnu_4%3a13.2.0-7ubuntu1_amd64.deb ...
#16 30.61 Unpacking cpp-x86-64-linux-gnu (4:13.2.0-7ubuntu1) ...
#16 30.62 Selecting previously unselected package cpp.
#16 30.63 Preparing to unpack .../039-cpp_4%3a13.2.0-7ubuntu1_amd64.deb ...
#16 30.63 Unpacking cpp (4:13.2.0-7ubuntu1) ...
#16 30.65 Selecting previously unselected package libcc1-0:amd64.
#16 30.65 Preparing to unpack .../040-libcc1-0_14.2.0-4ubuntu2~24.04.1_amd64.deb ...
#16 30.65 Unpacking libcc1-0:amd64 (14.2.0-4ubuntu2~24.04.1) ...
#16 30.66 Selecting previously unselected package libgomp1:amd64.
#16 30.67 Preparing to unpack .../041-libgomp1_14.2.0-4ubuntu2~24.04.1_amd64.deb ...
#16 30.67 Unpacking libgomp1:amd64 (14.2.0-4ubuntu2~24.04.1) ...
#16 30.69 Selecting previously unselected package libitm1:amd64.
#16 30.69 Preparing to unpack .../042-libitm1_14.2.0-4ubuntu2~24.04.1_amd64.deb ...
#16 30.69 Unpacking libitm1:amd64 (14.2.0-4ubuntu2~24.04.1) ...
#16 30.71 Selecting previously unselected package libatomic1:amd64.
#16 30.71 Preparing to unpack .../043-libatomic1_14.2.0-4ubuntu2~24.04.1_amd64.deb ...
#16 30.71 Unpacking libatomic1:amd64 (14.2.0-4ubuntu2~24.04.1) ...
#16 30.73 Selecting previously unselected package libasan8:amd64.
#16 30.73 Preparing to unpack .../044-libasan8_14.2.0-4ubuntu2~24.04.1_amd64.deb ...
#16 30.73 Unpacking libasan8:amd64 (14.2.0-4ubuntu2~24.04.1) ...
#16 30.78 Selecting previously unselected package liblsan0:amd64.
#16 30.79 Preparing to unpack .../045-liblsan0_14.2.0-4ubuntu2~24.04.1_amd64.deb ...
#16 30.79 Unpacking liblsan0:amd64 (14.2.0-4ubuntu2~24.04.1) ...
#16 30.82 Selecting previously unselected package libtsan2:amd64.
#16 30.82 Preparing to unpack .../046-libtsan2_14.2.0-4ubuntu2~24.04.1_amd64.deb ...
#16 30.82 Unpacking libtsan2:amd64 (14.2.0-4ubuntu2~24.04.1) ...
#16 30.87 Selecting previously unselected package libubsan1:amd64.
#16 30.87 Preparing to unpack .../047-libubsan1_14.2.0-4ubuntu2~24.04.1_amd64.deb ...
#16 30.88 Unpacking libubsan1:amd64 (14.2.0-4ubuntu2~24.04.1) ...
#16 30.91 Selecting previously unselected package libhwasan0:amd64.
#16 30.91 Preparing to unpack .../048-libhwasan0_14.2.0-4ubuntu2~24.04.1_amd64.deb ...
#16 30.91 Unpacking libhwasan0:amd64 (14.2.0-4ubuntu2~24.04.1) ...
#16 30.95 Selecting previously unselected package libquadmath0:amd64.
#16 30.95 Preparing to unpack .../049-libquadmath0_14.2.0-4ubuntu2~24.04.1_amd64.deb ...
#16 30.95 Unpacking libquadmath0:amd64 (14.2.0-4ubuntu2~24.04.1) ...
#16 30.97 Selecting previously unselected package libgcc-13-dev:amd64.
#16 30.97 Preparing to unpack .../050-libgcc-13-dev_13.3.0-6ubuntu2~24.04.1_amd64.deb ...
#16 30.97 Unpacking libgcc-13-dev:amd64 (13.3.0-6ubuntu2~24.04.1) ...
#16 31.05 Selecting previously unselected package gcc-13-x86-64-linux-gnu.
#16 31.06 Preparing to unpack .../051-gcc-13-x86-64-linux-gnu_13.3.0-6ubuntu2~24.04.1_amd64.deb ...
#16 31.06 Unpacking gcc-13-x86-64-linux-gnu (13.3.0-6ubuntu2~24.04.1) ...
#16 31.30 Selecting previously unselected package gcc-13.
#16 31.30 Preparing to unpack .../052-gcc-13_13.3.0-6ubuntu2~24.04.1_amd64.deb ...
#16 31.30 Unpacking gcc-13 (13.3.0-6ubuntu2~24.04.1) ...
#16 31.32 Selecting previously unselected package gcc-x86-64-linux-gnu.
#16 31.32 Preparing to unpack .../053-gcc-x86-64-linux-gnu_4%3a13.2.0-7ubuntu1_amd64.deb ...
#16 31.33 Unpacking gcc-x86-64-linux-gnu (4:13.2.0-7ubuntu1) ...
#16 31.34 Selecting previously unselected package gcc.
#16 31.34 Preparing to unpack .../054-gcc_4%3a13.2.0-7ubuntu1_amd64.deb ...
#16 31.34 Unpacking gcc (4:13.2.0-7ubuntu1) ...
#16 31.36 Selecting previously unselected package libstdc++-13-dev:amd64.
#16 31.36 Preparing to unpack .../055-libstdc++-13-dev_13.3.0-6ubuntu2~24.04.1_amd64.deb ...
#16 31.36 Unpacking libstdc++-13-dev:amd64 (13.3.0-6ubuntu2~24.04.1) ...
#16 31.56 Selecting previously unselected package g++-13-x86-64-linux-gnu.
#16 31.56 Preparing to unpack .../056-g++-13-x86-64-linux-gnu_13.3.0-6ubuntu2~24.04.1_amd64.deb ...
#16 31.57 Unpacking g++-13-x86-64-linux-gnu (13.3.0-6ubuntu2~24.04.1) ...
#16 31.70 Selecting previously unselected package g++-13.
#16 31.70 Preparing to unpack .../057-g++-13_13.3.0-6ubuntu2~24.04.1_amd64.deb ...
#16 31.70 Unpacking g++-13 (13.3.0-6ubuntu2~24.04.1) ...
#16 31.72 Selecting previously unselected package g++-x86-64-linux-gnu.
#16 31.72 Preparing to unpack .../058-g++-x86-64-linux-gnu_4%3a13.2.0-7ubuntu1_amd64.deb ...
#16 31.72 Unpacking g++-x86-64-linux-gnu (4:13.2.0-7ubuntu1) ...
#16 31.73 Selecting previously unselected package g++.
#16 31.74 Preparing to unpack .../059-g++_4%3a13.2.0-7ubuntu1_amd64.deb ...
#16 31.74 Unpacking g++ (4:13.2.0-7ubuntu1) ...
#16 31.75 Selecting previously unselected package make.
#16 31.75 Preparing to unpack .../060-make_4.3-4.1build2_amd64.deb ...
#16 31.75 Unpacking make (4.3-4.1build2) ...
#16 31.77 Selecting previously unselected package libdpkg-perl.
#16 31.77 Preparing to unpack .../061-libdpkg-perl_1.22.6ubuntu6.5_all.deb ...
#16 31.77 Unpacking libdpkg-perl (1.22.6ubuntu6.5) ...
#16 31.81 Selecting previously unselected package bzip2.
#16 31.81 Preparing to unpack .../062-bzip2_1.0.8-5.1build0.1_amd64.deb ...
#16 31.81 Unpacking bzip2 (1.0.8-5.1build0.1) ...
#16 31.83 Selecting previously unselected package patch.
#16 31.83 Preparing to unpack .../063-patch_2.7.6-7build3_amd64.deb ...
#16 31.83 Unpacking patch (2.7.6-7build3) ...
#16 31.85 Selecting previously unselected package lto-disabled-list.
#16 31.85 Preparing to unpack .../064-lto-disabled-list_47_all.deb ...
#16 31.85 Unpacking lto-disabled-list (47) ...
#16 31.87 Selecting previously unselected package dpkg-dev.
#16 31.87 Preparing to unpack .../065-dpkg-dev_1.22.6ubuntu6.5_all.deb ...
#16 31.87 Unpacking dpkg-dev (1.22.6ubuntu6.5) ...
#16 31.91 Selecting previously unselected package build-essential.
#16 31.91 Preparing to unpack .../066-build-essential_12.10ubuntu1_amd64.deb ...
#16 31.91 Unpacking build-essential (12.10ubuntu1) ...
#16 31.93 Selecting previously unselected package libarchive13t64:amd64.
#16 31.93 Preparing to unpack .../067-libarchive13t64_3.7.2-2ubuntu0.5_amd64.deb ...
#16 31.93 Unpacking libarchive13t64:amd64 (3.7.2-2ubuntu0.5) ...
#16 31.95 Selecting previously unselected package libjsoncpp25:amd64.
#16 31.95 Preparing to unpack .../068-libjsoncpp25_1.9.5-6build1_amd64.deb ...
#16 31.95 Unpacking libjsoncpp25:amd64 (1.9.5-6build1) ...
#16 31.97 Selecting previously unselected package librhash0:amd64.
#16 31.97 Preparing to unpack .../069-librhash0_1.4.3-3build1_amd64.deb ...
#16 31.97 Unpacking librhash0:amd64 (1.4.3-3build1) ...
#16 31.99 Selecting previously unselected package cmake-data.
#16 31.99 Preparing to unpack .../070-cmake-data_3.28.3-1build7_all.deb ...
#16 32.00 Unpacking cmake-data (3.28.3-1build7) ...
#16 32.55 Selecting previously unselected package cmake.
#16 32.55 Preparing to unpack .../071-cmake_3.28.3-1build7_amd64.deb ...
#16 32.56 Unpacking cmake (3.28.3-1build7) ...
#16 32.70 Selecting previously unselected package libbrotli-dev:amd64.
#16 32.70 Preparing to unpack .../072-libbrotli-dev_1.1.0-2build2_amd64.deb ...
#16 32.71 Unpacking libbrotli-dev:amd64 (1.1.0-2build2) ...
#16 32.73 Selecting previously unselected package libbz2-dev:amd64.
#16 32.73 Preparing to unpack .../073-libbz2-dev_1.0.8-5.1build0.1_amd64.deb ...
#16 32.73 Unpacking libbz2-dev:amd64 (1.0.8-5.1build0.1) ...
#16 32.75 Selecting previously unselected package libdrm-amdgpu1:amd64.
#16 32.75 Preparing to unpack .../074-libdrm-amdgpu1_2.4.125-1ubuntu0.1~24.04.1_amd64.deb ...
#16 32.75 Unpacking libdrm-amdgpu1:amd64 (2.4.125-1ubuntu0.1~24.04.1) ...
#16 32.76 Selecting previously unselected package libpciaccess0:amd64.
#16 32.77 Preparing to unpack .../075-libpciaccess0_0.17-3ubuntu0.24.04.2_amd64.deb ...
#16 32.77 Unpacking libpciaccess0:amd64 (0.17-3ubuntu0.24.04.2) ...
#16 32.78 Selecting previously unselected package libdrm-intel1:amd64.
#16 32.78 Preparing to unpack .../076-libdrm-intel1_2.4.125-1ubuntu0.1~24.04.1_amd64.deb ...
#16 32.79 Unpacking libdrm-intel1:amd64 (2.4.125-1ubuntu0.1~24.04.1) ...
#16 32.80 Selecting previously unselected package libdrm-radeon1:amd64.
#16 32.80 Preparing to unpack .../077-libdrm-radeon1_2.4.125-1ubuntu0.1~24.04.1_amd64.deb ...
#16 32.80 Unpacking libdrm-radeon1:amd64 (2.4.125-1ubuntu0.1~24.04.1) ...
#16 32.82 Selecting previously unselected package libdrm-nouveau2:amd64.
#16 32.82 Preparing to unpack .../078-libdrm-nouveau2_2.4.125-1ubuntu0.1~24.04.1_amd64.deb ...
#16 32.82 Unpacking libdrm-nouveau2:amd64 (2.4.125-1ubuntu0.1~24.04.1) ...
#16 32.84 Selecting previously unselected package libpciaccess-dev:amd64.
#16 32.84 Preparing to unpack .../079-libpciaccess-dev_0.17-3ubuntu0.24.04.2_amd64.deb ...
#16 32.84 Unpacking libpciaccess-dev:amd64 (0.17-3ubuntu0.24.04.2) ...
#16 32.86 Selecting previously unselected package libdrm-dev:amd64.
#16 32.86 Preparing to unpack .../080-libdrm-dev_2.4.125-1ubuntu0.1~24.04.1_amd64.deb ...
#16 32.86 Unpacking libdrm-dev:amd64 (2.4.125-1ubuntu0.1~24.04.1) ...
#16 32.89 Selecting previously unselected package libglvnd0:amd64.
#16 32.89 Preparing to unpack .../081-libglvnd0_1.7.0-1build1_amd64.deb ...
#16 32.89 Unpacking libglvnd0:amd64 (1.7.0-1build1) ...
#16 32.91 Selecting previously unselected package libllvm20:amd64.
#16 32.91 Preparing to unpack .../082-libllvm20_1%3a20.1.2-0ubuntu1~24.04.2_amd64.deb ...
#16 32.91 Unpacking libllvm20:amd64 (1:20.1.2-0ubuntu1~24.04.2) ...
#16 33.39 Selecting previously unselected package libx11-xcb1:amd64.
#16 33.40 Preparing to unpack .../083-libx11-xcb1_2%3a1.8.7-1build1_amd64.deb ...
#16 33.40 Unpacking libx11-xcb1:amd64 (2:1.8.7-1build1) ...
#16 33.44 Selecting previously unselected package libxcb-dri3-0:amd64.
#16 33.44 Preparing to unpack .../084-libxcb-dri3-0_1.15-1ubuntu2_amd64.deb ...
#16 33.44 Unpacking libxcb-dri3-0:amd64 (1.15-1ubuntu2) ...
#16 33.46 Selecting previously unselected package libxcb-present0:amd64.
#16 33.46 Preparing to unpack .../085-libxcb-present0_1.15-1ubuntu2_amd64.deb ...
#16 33.46 Unpacking libxcb-present0:amd64 (1.15-1ubuntu2) ...
#16 33.47 Selecting previously unselected package libxcb-randr0:amd64.
#16 33.48 Preparing to unpack .../086-libxcb-randr0_1.15-1ubuntu2_amd64.deb ...
#16 33.48 Unpacking libxcb-randr0:amd64 (1.15-1ubuntu2) ...
#16 33.49 Selecting previously unselected package libxcb-sync1:amd64.
#16 33.49 Preparing to unpack .../087-libxcb-sync1_1.15-1ubuntu2_amd64.deb ...
#16 33.50 Unpacking libxcb-sync1:amd64 (1.15-1ubuntu2) ...
#16 33.51 Selecting previously unselected package libxcb-xfixes0:amd64.
#16 33.51 Preparing to unpack .../088-libxcb-xfixes0_1.15-1ubuntu2_amd64.deb ...
#16 33.51 Unpacking libxcb-xfixes0:amd64 (1.15-1ubuntu2) ...
#16 33.53 Selecting previously unselected package libxshmfence1:amd64.
#16 33.53 Preparing to unpack .../089-libxshmfence1_1.3-1build5_amd64.deb ...
#16 33.53 Unpacking libxshmfence1:amd64 (1.3-1build5) ...
#16 33.55 Selecting previously unselected package mesa-libgallium:amd64.
#16 33.55 Preparing to unpack .../090-mesa-libgallium_25.2.8-0ubuntu0.24.04.1_amd64.deb ...
#16 33.55 Unpacking mesa-libgallium:amd64 (25.2.8-0ubuntu0.24.04.1) ...
#16 33.71 Selecting previously unselected package libgbm1:amd64.
#16 33.72 Preparing to unpack .../091-libgbm1_25.2.8-0ubuntu0.24.04.1_amd64.deb ...
#16 33.72 Unpacking libgbm1:amd64 (25.2.8-0ubuntu0.24.04.1) ...
#16 33.73 Selecting previously unselected package libwayland-client0:amd64.
#16 33.74 Preparing to unpack .../092-libwayland-client0_1.22.0-2.1build1_amd64.deb ...
#16 33.74 Unpacking libwayland-client0:amd64 (1.22.0-2.1build1) ...
#16 33.75 Selecting previously unselected package libxcb-shm0:amd64.
#16 33.76 Preparing to unpack .../093-libxcb-shm0_1.15-1ubuntu2_amd64.deb ...
#16 33.76 Unpacking libxcb-shm0:amd64 (1.15-1ubuntu2) ...
#16 33.77 Selecting previously unselected package libegl-mesa0:amd64.
#16 33.77 Preparing to unpack .../094-libegl-mesa0_25.2.8-0ubuntu0.24.04.1_amd64.deb ...
#16 33.77 Unpacking libegl-mesa0:amd64 (25.2.8-0ubuntu0.24.04.1) ...
#16 33.79 Selecting previously unselected package libegl1:amd64.
#16 33.79 Preparing to unpack .../095-libegl1_1.7.0-1build1_amd64.deb ...
#16 33.80 Unpacking libegl1:amd64 (1.7.0-1build1) ...
#16 33.81 Selecting previously unselected package libxcb-glx0:amd64.
#16 33.81 Preparing to unpack .../096-libxcb-glx0_1.15-1ubuntu2_amd64.deb ...
#16 33.81 Unpacking libxcb-glx0:amd64 (1.15-1ubuntu2) ...
#16 33.83 Selecting previously unselected package libxxf86vm1:amd64.
#16 33.83 Preparing to unpack .../097-libxxf86vm1_1%3a1.1.4-1build4_amd64.deb ...
#16 33.83 Unpacking libxxf86vm1:amd64 (1:1.1.4-1build4) ...
#16 33.85 Selecting previously unselected package libvulkan1:amd64.
#16 33.85 Preparing to unpack .../098-libvulkan1_1.3.275.0-1build1_amd64.deb ...
#16 33.85 Unpacking libvulkan1:amd64 (1.3.275.0-1build1) ...
#16 33.87 Selecting previously unselected package libgl1-mesa-dri:amd64.
#16 33.87 Preparing to unpack .../099-libgl1-mesa-dri_25.2.8-0ubuntu0.24.04.1_amd64.deb ...
#16 33.88 Unpacking libgl1-mesa-dri:amd64 (25.2.8-0ubuntu0.24.04.1) ...
#16 33.90 Selecting previously unselected package libglx-mesa0:amd64.
#16 33.90 Preparing to unpack .../100-libglx-mesa0_25.2.8-0ubuntu0.24.04.1_amd64.deb ...
#16 33.90 Unpacking libglx-mesa0:amd64 (25.2.8-0ubuntu0.24.04.1) ...
#16 33.92 Selecting previously unselected package libglx0:amd64.
#16 33.92 Preparing to unpack .../101-libglx0_1.7.0-1build1_amd64.deb ...
#16 33.93 Unpacking libglx0:amd64 (1.7.0-1build1) ...
#16 33.94 Selecting previously unselected package libgl1:amd64.
#16 33.94 Preparing to unpack .../102-libgl1_1.7.0-1build1_amd64.deb ...
#16 33.94 Unpacking libgl1:amd64 (1.7.0-1build1) ...
#16 33.96 Selecting previously unselected package xorg-sgml-doctools.
#16 33.96 Preparing to unpack .../103-xorg-sgml-doctools_1%3a1.11-1.1_all.deb ...
#16 33.96 Unpacking xorg-sgml-doctools (1:1.11-1.1) ...
#16 33.98 Selecting previously unselected package x11proto-dev.
#16 33.98 Preparing to unpack .../104-x11proto-dev_2023.2-1_all.deb ...
#16 33.99 Unpacking x11proto-dev (2023.2-1) ...
#16 34.03 Selecting previously unselected package libxau-dev:amd64.
#16 34.03 Preparing to unpack .../105-libxau-dev_1%3a1.0.9-1build6_amd64.deb ...
#16 34.03 Unpacking libxau-dev:amd64 (1:1.0.9-1build6) ...
#16 34.05 Selecting previously unselected package libxdmcp-dev:amd64.
#16 34.05 Preparing to unpack .../106-libxdmcp-dev_1%3a1.1.3-0ubuntu6_amd64.deb ...
#16 34.05 Unpacking libxdmcp-dev:amd64 (1:1.1.3-0ubuntu6) ...
#16 34.07 Selecting previously unselected package xtrans-dev.
#16 34.07 Preparing to unpack .../107-xtrans-dev_1.4.0-1_all.deb ...
#16 34.07 Unpacking xtrans-dev (1.4.0-1) ...
#16 34.09 Selecting previously unselected package libpthread-stubs0-dev:amd64.
#16 34.09 Preparing to unpack .../108-libpthread-stubs0-dev_0.4-1build3_amd64.deb ...
#16 34.09 Unpacking libpthread-stubs0-dev:amd64 (0.4-1build3) ...
#16 34.10 Selecting previously unselected package libxcb1-dev:amd64.
#16 34.11 Preparing to unpack .../109-libxcb1-dev_1.15-1ubuntu2_amd64.deb ...
#16 34.11 Unpacking libxcb1-dev:amd64 (1.15-1ubuntu2) ...
#16 34.13 Selecting previously unselected package libx11-dev:amd64.
#16 34.13 Preparing to unpack .../110-libx11-dev_2%3a1.8.7-1build1_amd64.deb ...
#16 34.13 Unpacking libx11-dev:amd64 (2:1.8.7-1build1) ...
#16 34.15 Selecting previously unselected package libglx-dev:amd64.
#16 34.16 Preparing to unpack .../111-libglx-dev_1.7.0-1build1_amd64.deb ...
#16 34.16 Unpacking libglx-dev:amd64 (1.7.0-1build1) ...
#16 34.17 Selecting previously unselected package libgl-dev:amd64.
#16 34.17 Preparing to unpack .../112-libgl-dev_1.7.0-1build1_amd64.deb ...
#16 34.18 Unpacking libgl-dev:amd64 (1.7.0-1build1) ...
#16 34.19 Selecting previously unselected package libegl-dev:amd64.
#16 34.20 Preparing to unpack .../113-libegl-dev_1.7.0-1build1_amd64.deb ...
#16 34.20 Unpacking libegl-dev:amd64 (1.7.0-1build1) ...
#16 34.21 Selecting previously unselected package libepoxy0:amd64.
#16 34.22 Preparing to unpack .../114-libepoxy0_1.5.10-1build1_amd64.deb ...
#16 34.22 Unpacking libepoxy0:amd64 (1.5.10-1build1) ...
#16 34.24 Selecting previously unselected package libepoxy-dev:amd64.
#16 34.24 Preparing to unpack .../115-libepoxy-dev_1.5.10-1build1_amd64.deb ...
#16 34.24 Unpacking libepoxy-dev:amd64 (1.5.10-1build1) ...
#16 34.26 Selecting previously unselected package libfontenc1:amd64.
#16 34.26 Preparing to unpack .../116-libfontenc1_1%3a1.1.8-1build1_amd64.deb ...
#16 34.26 Unpacking libfontenc1:amd64 (1:1.1.8-1build1) ...
#16 34.28 Selecting previously unselected package zlib1g-dev:amd64.
#16 34.28 Preparing to unpack .../117-zlib1g-dev_1%3a1.3.dfsg-3.1ubuntu2.1_amd64.deb ...
#16 34.28 Unpacking zlib1g-dev:amd64 (1:1.3.dfsg-3.1ubuntu2.1) ...
#16 34.30 Selecting previously unselected package libfontenc-dev:amd64.
#16 34.30 Preparing to unpack .../118-libfontenc-dev_1%3a1.1.8-1build1_amd64.deb ...
#16 34.30 Unpacking libfontenc-dev:amd64 (1:1.1.8-1build1) ...
#16 34.32 Selecting previously unselected package libpng-dev:amd64.
#16 34.32 Preparing to unpack .../119-libpng-dev_1.6.43-5ubuntu0.5_amd64.deb ...
#16 34.32 Unpacking libpng-dev:amd64 (1.6.43-5ubuntu0.5) ...
#16 34.34 Selecting previously unselected package libfreetype-dev:amd64.
#16 34.34 Preparing to unpack .../120-libfreetype-dev_2.13.2+dfsg-1build3_amd64.deb ...
#16 34.34 Unpacking libfreetype-dev:amd64 (2.13.2+dfsg-1build3) ...
#16 34.37 Selecting previously unselected package libgles1:amd64.
#16 34.37 Preparing to unpack .../121-libgles1_1.7.0-1build1_amd64.deb ...
#16 34.37 Unpacking libgles1:amd64 (1.7.0-1build1) ...
#16 34.39 Selecting previously unselected package libgles2:amd64.
#16 34.39 Preparing to unpack .../122-libgles2_1.7.0-1build1_amd64.deb ...
#16 34.39 Unpacking libgles2:amd64 (1.7.0-1build1) ...
#16 34.41 Selecting previously unselected package libgles-dev:amd64.
#16 34.41 Preparing to unpack .../123-libgles-dev_1.7.0-1build1_amd64.deb ...
#16 34.41 Unpacking libgles-dev:amd64 (1.7.0-1build1) ...
#16 34.43 Selecting previously unselected package libgmpxx4ldbl:amd64.
#16 34.43 Preparing to unpack .../124-libgmpxx4ldbl_2%3a6.3.0+dfsg-2ubuntu6.1_amd64.deb ...
#16 34.43 Unpacking libgmpxx4ldbl:amd64 (2:6.3.0+dfsg-2ubuntu6.1) ...
#16 34.45 Selecting previously unselected package libgmp-dev:amd64.
#16 34.45 Preparing to unpack .../125-libgmp-dev_2%3a6.3.0+dfsg-2ubuntu6.1_amd64.deb ...
#16 34.45 Unpacking libgmp-dev:amd64 (2:6.3.0+dfsg-2ubuntu6.1) ...
#16 34.47 Selecting previously unselected package x11-common.
#16 34.48 Preparing to unpack .../126-x11-common_1%3a7.7+23ubuntu3_all.deb ...
#16 34.48 Unpacking x11-common (1:7.7+23ubuntu3) ...
#16 34.50 Selecting previously unselected package libice6:amd64.
#16 34.50 Preparing to unpack .../127-libice6_2%3a1.0.10-1build3_amd64.deb ...
#16 34.50 Unpacking libice6:amd64 (2:1.0.10-1build3) ...
#16 34.52 Selecting previously unselected package libjpeg-turbo8:amd64.
#16 34.52 Preparing to unpack .../128-libjpeg-turbo8_2.1.5-2ubuntu2_amd64.deb ...
#16 34.52 Unpacking libjpeg-turbo8:amd64 (2.1.5-2ubuntu2) ...
#16 34.54 Selecting previously unselected package libjpeg-turbo8-dev:amd64.
#16 34.54 Preparing to unpack .../129-libjpeg-turbo8-dev_2.1.5-2ubuntu2_amd64.deb ...
#16 34.54 Unpacking libjpeg-turbo8-dev:amd64 (2.1.5-2ubuntu2) ...
#16 34.56 Selecting previously unselected package libopengl0:amd64.
#16 34.56 Preparing to unpack .../130-libopengl0_1.7.0-1build1_amd64.deb ...
#16 34.56 Unpacking libopengl0:amd64 (1.7.0-1build1) ...
#16 34.58 Selecting previously unselected package libopengl-dev:amd64.
#16 34.58 Preparing to unpack .../131-libopengl-dev_1.7.0-1build1_amd64.deb ...
#16 34.58 Unpacking libopengl-dev:amd64 (1.7.0-1build1) ...
#16 34.60 Selecting previously unselected package libpam0g-dev:amd64.
#16 34.60 Preparing to unpack .../132-libpam0g-dev_1.5.3-5ubuntu5.5_amd64.deb ...
#16 34.60 Unpacking libpam0g-dev:amd64 (1.5.3-5ubuntu5.5) ...
#16 34.62 Selecting previously unselected package libpixman-1-0:amd64.
#16 34.62 Preparing to unpack .../133-libpixman-1-0_0.42.2-1build1_amd64.deb ...
#16 34.62 Unpacking libpixman-1-0:amd64 (0.42.2-1build1) ...
#16 34.64 Selecting previously unselected package libpixman-1-dev:amd64.
#16 34.64 Preparing to unpack .../134-libpixman-1-dev_0.42.2-1build1_amd64.deb ...
#16 34.64 Unpacking libpixman-1-dev:amd64 (0.42.2-1build1) ...
#16 34.66 Selecting previously unselected package libpkgconf3:amd64.
#16 34.67 Preparing to unpack .../135-libpkgconf3_1.8.1-2build1_amd64.deb ...
#16 34.67 Unpacking libpkgconf3:amd64 (1.8.1-2build1) ...
#16 34.68 Selecting previously unselected package libsharpyuv0:amd64.
#16 34.69 Preparing to unpack .../136-libsharpyuv0_1.3.2-0.4build3_amd64.deb ...
#16 34.69 Unpacking libsharpyuv0:amd64 (1.3.2-0.4build3) ...
#16 34.70 Selecting previously unselected package libsharpyuv-dev:amd64.
#16 34.70 Preparing to unpack .../137-libsharpyuv-dev_1.3.2-0.4build3_amd64.deb ...
#16 34.70 Unpacking libsharpyuv-dev:amd64 (1.3.2-0.4build3) ...
#16 34.72 Selecting previously unselected package libsm6:amd64.
#16 34.72 Preparing to unpack .../138-libsm6_2%3a1.2.3-1build3_amd64.deb ...
#16 34.72 Unpacking libsm6:amd64 (2:1.2.3-1build3) ...
#16 34.74 Selecting previously unselected package libssl-dev:amd64.
#16 34.74 Preparing to unpack .../139-libssl-dev_3.0.13-0ubuntu3.7_amd64.deb ...
#16 34.74 Unpacking libssl-dev:amd64 (3.0.13-0ubuntu3.7) ...
#16 34.82 Selecting previously unselected package libtool.
#16 34.82 Preparing to unpack .../140-libtool_2.4.7-7build1_all.deb ...
#16 34.82 Unpacking libtool (2.4.7-7build1) ...
#16 34.84 Selecting previously unselected package libudev-dev:amd64.
#16 34.84 Preparing to unpack .../141-libudev-dev_255.4-1ubuntu8.12_amd64.deb ...
#16 34.84 Unpacking libudev-dev:amd64 (255.4-1ubuntu8.12) ...
#16 34.86 Selecting previously unselected package libwayland-cursor0:amd64.
#16 34.86 Preparing to unpack .../142-libwayland-cursor0_1.22.0-2.1build1_amd64.deb ...
#16 34.87 Unpacking libwayland-cursor0:amd64 (1.22.0-2.1build1) ...
#16 34.88 Selecting previously unselected package libwayland-egl1:amd64.
#16 34.88 Preparing to unpack .../143-libwayland-egl1_1.22.0-2.1build1_amd64.deb ...
#16 34.88 Unpacking libwayland-egl1:amd64 (1.22.0-2.1build1) ...
#16 34.90 Selecting previously unselected package libwayland-server0:amd64.
#16 34.90 Preparing to unpack .../144-libwayland-server0_1.22.0-2.1build1_amd64.deb ...
#16 34.90 Unpacking libwayland-server0:amd64 (1.22.0-2.1build1) ...
#16 34.92 Selecting previously unselected package libwebp7:amd64.
#16 34.92 Preparing to unpack .../145-libwebp7_1.3.2-0.4build3_amd64.deb ...
#16 34.92 Unpacking libwebp7:amd64 (1.3.2-0.4build3) ...
#16 34.94 Selecting previously unselected package libwebpdecoder3:amd64.
#16 34.94 Preparing to unpack .../146-libwebpdecoder3_1.3.2-0.4build3_amd64.deb ...
#16 34.94 Unpacking libwebpdecoder3:amd64 (1.3.2-0.4build3) ...
#16 34.96 Selecting previously unselected package libwebpdemux2:amd64.
#16 34.96 Preparing to unpack .../147-libwebpdemux2_1.3.2-0.4build3_amd64.deb ...
#16 34.96 Unpacking libwebpdemux2:amd64 (1.3.2-0.4build3) ...
#16 34.98 Selecting previously unselected package libwebpmux3:amd64.
#16 34.98 Preparing to unpack .../148-libwebpmux3_1.3.2-0.4build3_amd64.deb ...
#16 34.98 Unpacking libwebpmux3:amd64 (1.3.2-0.4build3) ...
#16 35.00 Selecting previously unselected package libxt6t64:amd64.
#16 35.00 Preparing to unpack .../149-libxt6t64_1%3a1.2.1-1.2build1_amd64.deb ...
#16 35.00 Unpacking libxt6t64:amd64 (1:1.2.1-1.2build1) ...
#16 35.02 Selecting previously unselected package libxmu6:amd64.
#16 35.02 Preparing to unpack .../150-libxmu6_2%3a1.1.3-3build2_amd64.deb ...
#16 35.02 Unpacking libxmu6:amd64 (2:1.1.3-3build2) ...
#16 35.04 Selecting previously unselected package libxpm4:amd64.
#16 35.04 Preparing to unpack .../151-libxpm4_1%3a3.5.17-1build2_amd64.deb ...
#16 35.04 Unpacking libxpm4:amd64 (1:3.5.17-1build2) ...
#16 35.06 Selecting previously unselected package libxaw7:amd64.
#16 35.06 Preparing to unpack .../152-libxaw7_2%3a1.0.14-1build2_amd64.deb ...
#16 35.06 Unpacking libxaw7:amd64 (2:1.0.14-1build2) ...
#16 35.08 Selecting previously unselected package libxcb-render0:amd64.
#16 35.08 Preparing to unpack .../153-libxcb-render0_1.15-1ubuntu2_amd64.deb ...
#16 35.08 Unpacking libxcb-render0:amd64 (1.15-1ubuntu2) ...
#16 35.10 Selecting previously unselected package libxcb-render0-dev:amd64.
#16 35.10 Preparing to unpack .../154-libxcb-render0-dev_1.15-1ubuntu2_amd64.deb ...
#16 35.10 Unpacking libxcb-render0-dev:amd64 (1.15-1ubuntu2) ...
#16 35.12 Selecting previously unselected package libxcb-shm0-dev:amd64.
#16 35.12 Preparing to unpack .../155-libxcb-shm0-dev_1.15-1ubuntu2_amd64.deb ...
#16 35.12 Unpacking libxcb-shm0-dev:amd64 (1.15-1ubuntu2) ...
#16 35.14 Selecting previously unselected package libxfixes3:amd64.
#16 35.14 Preparing to unpack .../156-libxfixes3_1%3a6.0.0-2build1_amd64.deb ...
#16 35.14 Unpacking libxfixes3:amd64 (1:6.0.0-2build1) ...
#16 35.16 Selecting previously unselected package libxrender1:amd64.
#16 35.16 Preparing to unpack .../157-libxrender1_1%3a0.9.10-1.1build1_amd64.deb ...
#16 35.16 Unpacking libxrender1:amd64 (1:0.9.10-1.1build1) ...
#16 35.18 Selecting previously unselected package libxcursor1:amd64.
#16 35.18 Preparing to unpack .../158-libxcursor1_1%3a1.2.1-1build1_amd64.deb ...
#16 35.18 Unpacking libxcursor1:amd64 (1:1.2.1-1build1) ...
#16 35.19 Selecting previously unselected package libxrender-dev:amd64.
#16 35.19 Preparing to unpack .../159-libxrender-dev_1%3a0.9.10-1.1build1_amd64.deb ...
#16 35.20 Unpacking libxrender-dev:amd64 (1:0.9.10-1.1build1) ...
#16 35.21 Selecting previously unselected package libxfixes-dev:amd64.
#16 35.21 Preparing to unpack .../160-libxfixes-dev_1%3a6.0.0-2build1_amd64.deb ...
#16 35.21 Unpacking libxfixes-dev:amd64 (1:6.0.0-2build1) ...
#16 35.23 Selecting previously unselected package libxcursor-dev:amd64.
#16 35.23 Preparing to unpack .../161-libxcursor-dev_1%3a1.2.1-1build1_amd64.deb ...
#16 35.23 Unpacking libxcursor-dev:amd64 (1:1.2.1-1build1) ...
#16 35.25 Selecting previously unselected package libxcvt0:amd64.
#16 35.25 Preparing to unpack .../162-libxcvt0_0.1.2-1build1_amd64.deb ...
#16 35.26 Unpacking libxcvt0:amd64 (0.1.2-1build1) ...
#16 35.27 Selecting previously unselected package libxcvt-dev:amd64.
#16 35.28 Preparing to unpack .../163-libxcvt-dev_0.1.2-1build1_amd64.deb ...
#16 35.28 Unpacking libxcvt-dev:amd64 (0.1.2-1build1) ...
#16 35.29 Selecting previously unselected package libxext-dev:amd64.
#16 35.30 Preparing to unpack .../164-libxext-dev_2%3a1.3.4-1build2_amd64.deb ...
#16 35.30 Unpacking libxext-dev:amd64 (2:1.3.4-1build2) ...
#16 35.32 Selecting previously unselected package libxfont2:amd64.
#16 35.32 Preparing to unpack .../165-libxfont2_1%3a2.0.6-1build1_amd64.deb ...
#16 35.32 Unpacking libxfont2:amd64 (1:2.0.6-1build1) ...
#16 35.34 Selecting previously unselected package libxfont-dev.
#16 35.34 Preparing to unpack .../166-libxfont-dev_1%3a2.0.6-1build1_amd64.deb ...
#16 35.34 Unpacking libxfont-dev (1:2.0.6-1build1) ...
#16 35.37 Selecting previously unselected package libxi6:amd64.
#16 35.37 Preparing to unpack .../167-libxi6_2%3a1.8.1-1build1_amd64.deb ...
#16 35.37 Unpacking libxi6:amd64 (2:1.8.1-1build1) ...
#16 35.39 Selecting previously unselected package libxi-dev:amd64.
#16 35.39 Preparing to unpack .../168-libxi-dev_2%3a1.8.1-1build1_amd64.deb ...
#16 35.39 Unpacking libxi-dev:amd64 (2:1.8.1-1build1) ...
#16 35.41 Selecting previously unselected package libxkbfile1:amd64.
#16 35.41 Preparing to unpack .../169-libxkbfile1_1%3a1.1.0-1build4_amd64.deb ...
#16 35.41 Unpacking libxkbfile1:amd64 (1:1.1.0-1build4) ...
#16 35.43 Selecting previously unselected package libxkbfile-dev:amd64.
#16 35.43 Preparing to unpack .../170-libxkbfile-dev_1%3a1.1.0-1build4_amd64.deb ...
#16 35.43 Unpacking libxkbfile-dev:amd64 (1:1.1.0-1build4) ...
#16 35.45 Selecting previously unselected package libxrandr2:amd64.
#16 35.45 Preparing to unpack .../171-libxrandr2_2%3a1.5.2-2build1_amd64.deb ...
#16 35.45 Unpacking libxrandr2:amd64 (2:1.5.2-2build1) ...
#16 35.47 Selecting previously unselected package libxrandr-dev:amd64.
#16 35.47 Preparing to unpack .../172-libxrandr-dev_2%3a1.5.2-2build1_amd64.deb ...
#16 35.47 Unpacking libxrandr-dev:amd64 (2:1.5.2-2build1) ...
#16 35.49 Selecting previously unselected package libxshmfence-dev:amd64.
#16 35.49 Preparing to unpack .../173-libxshmfence-dev_1.3-1build5_amd64.deb ...
#16 35.49 Unpacking libxshmfence-dev:amd64 (1.3-1build5) ...
#16 35.51 Selecting previously unselected package libxtst6:amd64.
#16 35.51 Preparing to unpack .../174-libxtst6_2%3a1.2.3-1.1build1_amd64.deb ...
#16 35.51 Unpacking libxtst6:amd64 (2:1.2.3-1.1build1) ...
#16 35.52 Selecting previously unselected package libxtst-dev:amd64.
#16 35.53 Preparing to unpack .../175-libxtst-dev_2%3a1.2.3-1.1build1_amd64.deb ...
#16 35.53 Unpacking libxtst-dev:amd64 (2:1.2.3-1.1build1) ...
#16 35.54 Selecting previously unselected package mesa-common-dev:amd64.
#16 35.54 Preparing to unpack .../176-mesa-common-dev_25.2.8-0ubuntu0.24.04.1_amd64.deb ...
#16 35.55 Unpacking mesa-common-dev:amd64 (25.2.8-0ubuntu0.24.04.1) ...
#16 35.59 Selecting previously unselected package ninja-build.
#16 35.59 Preparing to unpack .../177-ninja-build_1.11.1-2_amd64.deb ...
#16 35.59 Unpacking ninja-build (1.11.1-2) ...
#16 35.61 Selecting previously unselected package python3-setuptools.
#16 35.61 Preparing to unpack .../178-python3-setuptools_68.1.2-2ubuntu1.2_all.deb ...
#16 35.61 Unpacking python3-setuptools (68.1.2-2ubuntu1.2) ...
#16 35.67 Selecting previously unselected package meson.
#16 35.67 Preparing to unpack .../179-meson_1.3.2-1ubuntu1_all.deb ...
#16 35.67 Unpacking meson (1.3.2-1ubuntu1) ...
#16 35.74 Selecting previously unselected package nettle-dev:amd64.
#16 35.74 Preparing to unpack .../180-nettle-dev_3.9.1-2.2build1.1_amd64.deb ...
#16 35.74 Unpacking nettle-dev:amd64 (3.9.1-2.2build1.1) ...
#16 35.78 Selecting previously unselected package pkgconf-bin.
#16 35.78 Preparing to unpack .../181-pkgconf-bin_1.8.1-2build1_amd64.deb ...
#16 35.78 Unpacking pkgconf-bin (1.8.1-2build1) ...
#16 35.81 Selecting previously unselected package pkgconf:amd64.
#16 35.81 Preparing to unpack .../182-pkgconf_1.8.1-2build1_amd64.deb ...
#16 35.82 Unpacking pkgconf:amd64 (1.8.1-2build1) ...
#16 35.84 Selecting previously unselected package pkg-config:amd64.
#16 35.84 Preparing to unpack .../183-pkg-config_1.8.1-2build1_amd64.deb ...
#16 35.85 Unpacking pkg-config:amd64 (1.8.1-2build1) ...
#16 35.86 Selecting previously unselected package x11-xkb-utils.
#16 35.86 Preparing to unpack .../184-x11-xkb-utils_7.7+8build2_amd64.deb ...
#16 35.86 Unpacking x11-xkb-utils (7.7+8build2) ...
#16 35.88 Selecting previously unselected package xfonts-encodings.
#16 35.88 Preparing to unpack .../185-xfonts-encodings_1%3a1.0.5-0ubuntu2_all.deb ...
#16 35.88 Unpacking xfonts-encodings (1:1.0.5-0ubuntu2) ...
#16 35.91 Selecting previously unselected package xfonts-utils.
#16 35.91 Preparing to unpack .../186-xfonts-utils_1%3a7.7+6build3_amd64.deb ...
#16 35.91 Unpacking xfonts-utils (1:7.7+6build3) ...
#16 35.94 Selecting previously unselected package xfonts-100dpi.
#16 35.94 Preparing to unpack .../187-xfonts-100dpi_1%3a1.0.5_all.deb ...
#16 35.94 Unpacking xfonts-100dpi (1:1.0.5) ...
#16 36.03 Selecting previously unselected package xfonts-75dpi.
#16 36.03 Preparing to unpack .../188-xfonts-75dpi_1%3a1.0.5_all.deb ...
#16 36.03 Unpacking xfonts-75dpi (1:1.0.5) ...
#16 36.12 Selecting previously unselected package xfonts-base.
#16 36.13 Preparing to unpack .../189-xfonts-base_1%3a1.0.5+nmu1_all.deb ...
#16 36.13 Unpacking xfonts-base (1:1.0.5+nmu1) ...
#16 36.23 Selecting previously unselected package xinit.
#16 36.23 Preparing to unpack .../190-xinit_1.4.1-0ubuntu5_amd64.deb ...
#16 36.23 Unpacking xinit (1.4.1-0ubuntu5) ...
#16 36.25 Selecting previously unselected package xserver-common.
#16 36.25 Preparing to unpack .../191-xserver-common_2%3a21.1.12-1ubuntu1.5_all.deb ...
#16 36.25 Unpacking xserver-common (2:21.1.12-1ubuntu1.5) ...
#16 36.27 Selecting previously unselected package xserver-xorg-core.
#16 36.27 Preparing to unpack .../192-xserver-xorg-core_2%3a21.1.12-1ubuntu1.5_amd64.deb ...
#16 36.27 Unpacking xserver-xorg-core (2:21.1.12-1ubuntu1.5) ...
#16 36.30 Selecting previously unselected package xserver-xorg-dev.
#16 36.30 Preparing to unpack .../193-xserver-xorg-dev_2%3a21.1.12-1ubuntu1.5_amd64.deb ...
#16 36.31 Unpacking xserver-xorg-dev (2:21.1.12-1ubuntu1.5) ...
#16 36.35 Selecting previously unselected package libffi-dev:amd64.
#16 36.35 Preparing to unpack .../194-libffi-dev_3.4.6-1build1_amd64.deb ...
#16 36.35 Unpacking libffi-dev:amd64 (3.4.6-1build1) ...
#16 36.37 Selecting previously unselected package libglvnd-core-dev:amd64.
#16 36.37 Preparing to unpack .../195-libglvnd-core-dev_1.7.0-1build1_amd64.deb ...
#16 36.37 Unpacking libglvnd-core-dev:amd64 (1.7.0-1build1) ...
#16 36.39 Selecting previously unselected package libglvnd-dev:amd64.
#16 36.39 Preparing to unpack .../196-libglvnd-dev_1.7.0-1build1_amd64.deb ...
#16 36.39 Unpacking libglvnd-dev:amd64 (1.7.0-1build1) ...
#16 36.41 Selecting previously unselected package libgl1-mesa-dev:amd64.
#16 36.41 Preparing to unpack .../197-libgl1-mesa-dev_25.2.8-0ubuntu0.24.04.1_amd64.deb ...
#16 36.41 Unpacking libgl1-mesa-dev:amd64 (25.2.8-0ubuntu0.24.04.1) ...
#16 36.43 Selecting previously unselected package libwayland-bin.
#16 36.43 Preparing to unpack .../198-libwayland-bin_1.22.0-2.1build1_amd64.deb ...
#16 36.43 Unpacking libwayland-bin (1.22.0-2.1build1) ...
#16 36.44 Selecting previously unselected package libwayland-dev:amd64.
#16 36.45 Preparing to unpack .../199-libwayland-dev_1.22.0-2.1build1_amd64.deb ...
#16 36.45 Unpacking libwayland-dev:amd64 (1.22.0-2.1build1) ...
#16 36.47 Selecting previously unselected package libwebp-dev:amd64.
#16 36.47 Preparing to unpack .../200-libwebp-dev_1.3.2-0.4build3_amd64.deb ...
#16 36.47 Unpacking libwebp-dev:amd64 (1.3.2-0.4build3) ...
#16 36.50 Selecting previously unselected package libxcb-icccm4:amd64.
#16 36.50 Preparing to unpack .../201-libxcb-icccm4_0.4.1-1.1build3_amd64.deb ...
#16 36.50 Unpacking libxcb-icccm4:amd64 (0.4.1-1.1build3) ...
#16 36.51 Selecting previously unselected package libxcb-icccm4-dev:amd64.
#16 36.52 Preparing to unpack .../202-libxcb-icccm4-dev_0.4.1-1.1build3_amd64.deb ...
#16 36.52 Unpacking libxcb-icccm4-dev:amd64 (0.4.1-1.1build3) ...
#16 36.53 Selecting previously unselected package libxcb-util1:amd64.
#16 36.54 Preparing to unpack .../203-libxcb-util1_0.4.0-1build3_amd64.deb ...
#16 36.54 Unpacking libxcb-util1:amd64 (0.4.0-1build3) ...
#16 36.55 Selecting previously unselected package libxcb-image0:amd64.
#16 36.55 Preparing to unpack .../204-libxcb-image0_0.4.0-2build1_amd64.deb ...
#16 36.56 Unpacking libxcb-image0:amd64 (0.4.0-2build1) ...
#16 36.57 Selecting previously unselected package libxcb-image0-dev:amd64.
#16 36.57 Preparing to unpack .../205-libxcb-image0-dev_0.4.0-2build1_amd64.deb ...
#16 36.57 Unpacking libxcb-image0-dev:amd64 (0.4.0-2build1) ...
#16 36.59 Selecting previously unselected package libxcb-keysyms1:amd64.
#16 36.59 Preparing to unpack .../206-libxcb-keysyms1_0.4.0-1build4_amd64.deb ...
#16 36.59 Unpacking libxcb-keysyms1:amd64 (0.4.0-1build4) ...
#16 36.61 Selecting previously unselected package libxcb-keysyms1-dev:amd64.
#16 36.61 Preparing to unpack .../207-libxcb-keysyms1-dev_0.4.0-1build4_amd64.deb ...
#16 36.61 Unpacking libxcb-keysyms1-dev:amd64 (0.4.0-1build4) ...
#16 36.63 Selecting previously unselected package libxcb-render-util0:amd64.
#16 36.63 Preparing to unpack .../208-libxcb-render-util0_0.3.9-1build4_amd64.deb ...
#16 36.63 Unpacking libxcb-render-util0:amd64 (0.3.9-1build4) ...
#16 36.65 Selecting previously unselected package libxcb-render-util0-dev:amd64.
#16 36.65 Preparing to unpack .../209-libxcb-render-util0-dev_0.3.9-1build4_amd64.deb ...
#16 36.65 Unpacking libxcb-render-util0-dev:amd64 (0.3.9-1build4) ...
#16 36.67 Selecting previously unselected package libxcb-util-dev:amd64.
#16 36.67 Preparing to unpack .../210-libxcb-util-dev_0.4.0-1build3_amd64.deb ...
#16 36.67 Unpacking libxcb-util-dev:amd64 (0.4.0-1build3) ...
#16 36.69 Selecting previously unselected package wayland-protocols.
#16 36.69 Preparing to unpack .../211-wayland-protocols_1.45-1~ubuntu0.24.04.1_all.deb ...
#16 36.69 Unpacking wayland-protocols (1.45-1~ubuntu0.24.04.1) ...
#16 36.74 Setting up libpixman-1-0:amd64 (0.42.2-1build1) ...
#16 36.74 Setting up libsharpyuv0:amd64 (1.3.2-0.4build3) ...
#16 36.74 Setting up libwayland-server0:amd64 (1.22.0-2.1build1) ...
#16 36.75 Setting up libpciaccess0:amd64 (0.17-3ubuntu0.24.04.2) ...
#16 36.75 Setting up libxau6:amd64 (1:1.0.9-1build6) ...
#16 36.75 Setting up lto-disabled-list (47) ...
#16 36.75 Setting up libpixman-1-dev:amd64 (0.42.2-1build1) ...
#16 36.75 Setting up libpciaccess-dev:amd64 (0.17-3ubuntu0.24.04.2) ...
#16 36.76 Setting up python3-setuptools (68.1.2-2ubuntu1.2) ...
#16 37.17 Setting up libglvnd-core-dev:amd64 (1.7.0-1build1) ...
#16 37.17 Setting up libpam0g-dev:amd64 (1.5.3-5ubuntu5.5) ...
#16 37.17 Setting up libmagic-mgc (1:5.45-3build1) ...
#16 37.17 Setting up libglvnd0:amd64 (1.7.0-1build1) ...
#16 37.18 Setting up libuv1t64:amd64 (1.48.0-1.1build1) ...
#16 37.18 Setting up libmagic1t64:amd64 (1:5.45-3build1) ...
#16 37.18 Setting up binutils-common:amd64 (2.42-4ubuntu2.8) ...
#16 37.19 Setting up x11-common (1:7.7+23ubuntu3) ...
#16 37.27 invoke-rc.d: could not determine current runlevel
#16 37.27 invoke-rc.d: policy-rc.d denied execution of start.
#16 37.28 Setting up libsensors-config (1:3.6.0-9build1) ...
#16 37.28 Setting up libwebpdecoder3:amd64 (1.3.2-0.4build3) ...
#16 37.28 Setting up libctf-nobfd0:amd64 (2.42-4ubuntu2.8) ...
#16 37.28 Setting up m4 (1.4.19-4build1) ...
#16 37.29 Setting up xkb-data (2.41-2ubuntu1.1) ...
#16 37.29 Setting up file (1:5.45-3build1) ...
#16 37.29 Setting up libgomp1:amd64 (14.2.0-4ubuntu2~24.04.1) ...
#16 37.30 Setting up bzip2 (1.0.8-5.1build0.1) ...
#16 37.30 Setting up libffi-dev:amd64 (3.4.6-1build1) ...
#16 37.30 Setting up libpthread-stubs0-dev:amd64 (0.4-1build3) ...
#16 37.30 Setting up libsframe1:amd64 (2.42-4ubuntu2.8) ...
#16 37.30 Setting up libopengl0:amd64 (1.7.0-1build1) ...
#16 37.31 Setting up ninja-build (1.11.1-2) ...
#16 37.31 Setting up libjansson4:amd64 (2.14-2build2) ...
#16 37.32 Setting up xtrans-dev (1.4.0-1) ...
#16 37.32 Setting up libwayland-bin (1.22.0-2.1build1) ...
#16 37.32 Setting up libfontenc1:amd64 (1:1.1.8-1build1) ...
#16 37.32 Setting up autotools-dev (20220109.1) ...
#16 37.33 Setting up libpkgconf3:amd64 (1.8.1-2build1) ...
#16 37.33 Setting up libgmpxx4ldbl:amd64 (2:6.3.0+dfsg-2ubuntu6.1) ...
#16 37.33 Setting up libgles2:amd64 (1.7.0-1build1) ...
#16 37.33 Setting up gcc-13-base:amd64 (13.3.0-6ubuntu2~24.04.1) ...
#16 37.34 Setting up libx11-data (2:1.8.7-1build1) ...
#16 37.34 Setting up make (4.3-4.1build2) ...
#16 37.34 Setting up libepoxy0:amd64 (1.5.10-1build1) ...
#16 37.34 Setting up libmpfr6:amd64 (4.2.1-1build1.1) ...
#16 37.35 Setting up libgles1:amd64 (1.7.0-1build1) ...
#16 37.35 Setting up xfonts-encodings (1:1.0.5-0ubuntu2) ...
#16 37.35 Setting up libquadmath0:amd64 (14.2.0-4ubuntu2~24.04.1) ...
#16 37.35 Setting up libssl-dev:amd64 (3.0.13-0ubuntu3.7) ...
#16 37.36 Setting up libmpc3:amd64 (1.3.1-1build1.1) ...
#16 37.36 Setting up libatomic1:amd64 (14.2.0-4ubuntu2~24.04.1) ...
#16 37.36 Setting up udev (255.4-1ubuntu8.12) ...
#16 37.64 Creating group 'input' with GID 996.
#16 37.64 Creating group 'sgx' with GID 995.
#16 37.64 Creating group 'kvm' with GID 994.
#16 37.64 Creating group 'render' with GID 993.
#16 37.65 Setting up patch (2.7.6-7build3) ...
#16 37.66 Setting up libjsoncpp25:amd64 (1.9.5-6build1) ...
#16 37.66 Setting up libudev-dev:amd64 (255.4-1ubuntu8.12) ...
#16 37.66 Setting up pkgconf-bin (1.8.1-2build1) ...
#16 37.66 Setting up libsensors5:amd64 (1:3.6.0-9build1) ...
#16 37.67 Setting up libjpeg-turbo8:amd64 (2.1.5-2ubuntu2) ...
#16 37.67 Setting up libdpkg-perl (1.22.6ubuntu6.5) ...
#16 37.67 Setting up libvulkan1:amd64 (1.3.275.0-1build1) ...
#16 37.67 Setting up autoconf (2.71-3) ...
#16 37.68 Setting up libwebp7:amd64 (1.3.2-0.4build3) ...
#16 37.68 Setting up libubsan1:amd64 (14.2.0-4ubuntu2~24.04.1) ...
#16 37.68 Setting up zlib1g-dev:amd64 (1:1.3.dfsg-3.1ubuntu2.1) ...
#16 37.69 Setting up wayland-protocols (1.45-1~ubuntu0.24.04.1) ...
#16 37.69 Setting up libxshmfence1:amd64 (1.3-1build5) ...
#16 37.69 Setting up libhwasan0:amd64 (14.2.0-4ubuntu2~24.04.1) ...
#16 37.69 Setting up librhash0:amd64 (1.4.3-3build1) ...
#16 37.70 Setting up libasan8:amd64 (14.2.0-4ubuntu2~24.04.1) ...
#16 37.70 Setting up libxcvt0:amd64 (0.1.2-1build1) ...
#16 37.70 Setting up xorg-sgml-doctools (1:1.11-1.1) ...
#16 37.71 Setting up cmake-data (3.28.3-1build7) ...
#16 37.71 Setting up libwayland-egl1:amd64 (1.22.0-2.1build1) ...
#16 37.72 Setting up libtsan2:amd64 (14.2.0-4ubuntu2~24.04.1) ...
#16 37.72 Setting up libopengl-dev:amd64 (1.7.0-1build1) ...
#16 37.72 Setting up libbinutils:amd64 (2.42-4ubuntu2.8) ...
#16 37.72 Setting up libisl23:amd64 (0.26-3build1.1) ...
#16 37.73 Setting up libsharpyuv-dev:amd64 (1.3.2-0.4build3) ...
#16 37.74 Setting up libwebpmux3:amd64 (1.3.2-0.4build3) ...
#16 37.74 Setting up libbsd0:amd64 (0.12.1-1build1.1) ...
#16 37.74 Setting up libdrm-common (2.4.125-1ubuntu0.1~24.04.1) ...
#16 37.75 Setting up libarchive13t64:amd64 (3.7.2-2ubuntu0.5) ...
#16 37.75 Setting up libxfont2:amd64 (1:2.0.6-1build1) ...
#16 37.75 Setting up libcc1-0:amd64 (14.2.0-4ubuntu2~24.04.1) ...
#16 37.75 Setting up liblocale-gettext-perl (1.07-6ubuntu5) ...
#16 37.76 Setting up libbrotli-dev:amd64 (1.1.0-2build2) ...
#16 37.76 Setting up liblsan0:amd64 (14.2.0-4ubuntu2~24.04.1) ...
#16 37.76 Setting up libitm1:amd64 (14.2.0-4ubuntu2~24.04.1) ...
#16 37.76 Setting up libbz2-dev:amd64 (1.0.8-5.1build0.1) ...
#16 37.77 Setting up libwayland-client0:amd64 (1.22.0-2.1build1) ...
#16 37.77 Setting up libctf0:amd64 (2.42-4ubuntu2.8) ...
#16 37.77 Setting up automake (1:1.16.5-1.3ubuntu1) ...
#16 37.78 update-alternatives: using /usr/bin/automake-1.16 to provide /usr/bin/automake (automake) in auto mode
#16 37.78 update-alternatives: warning: skip creation of /usr/share/man/man1/automake.1.gz because associated file /usr/share/man/man1/automake-1.16.1.gz (of link group automake) doesn't exist
#16 37.78 update-alternatives: warning: skip creation of /usr/share/man/man1/aclocal.1.gz because associated file /usr/share/man/man1/aclocal-1.16.1.gz (of link group automake) doesn't exist
#16 37.78 Setting up libice6:amd64 (2:1.0.10-1build3) ...
#16 37.78 Setting up libjpeg-turbo8-dev:amd64 (2.1.5-2ubuntu2) ...
#16 37.79 Setting up libxdmcp6:amd64 (1:1.1.3-0ubuntu6) ...
#16 37.79 Setting up libxcb1:amd64 (1.15-1ubuntu2) ...
#16 37.79 Setting up libgmp-dev:amd64 (2:6.3.0+dfsg-2ubuntu6.1) ...
#16 37.79 Setting up libxcb-xfixes0:amd64 (1.15-1ubuntu2) ...
#16 37.80 Setting up libxcvt-dev:amd64 (0.1.2-1build1) ...
#16 37.80 Setting up nettle-dev:amd64 (3.9.1-2.2build1.1) ...
#16 37.80 Setting up libxcb-render0:amd64 (1.15-1ubuntu2) ...
#16 37.80 Setting up libxshmfence-dev:amd64 (1.3-1build5) ...
#16 37.81 Setting up cpp-13-x86-64-linux-gnu (13.3.0-6ubuntu2~24.04.1) ...
#16 37.81 Setting up libxcb-glx0:amd64 (1.15-1ubuntu2) ...
#16 37.81 Setting up libwebpdemux2:amd64 (1.3.2-0.4build3) ...
#16 37.82 Setting up libedit2:amd64 (3.1-20230828-1build1) ...
#16 37.82 Setting up libpng-dev:amd64 (1.6.43-5ubuntu0.5) ...
#16 37.82 Setting up libxcb-keysyms1:amd64 (0.4.0-1build4) ...
#16 37.83 Setting up libfontenc-dev:amd64 (1:1.1.8-1build1) ...
#16 37.83 Setting up meson (1.3.2-1ubuntu1) ...
#16 38.56 Setting up libxcb-render-util0:amd64 (0.3.9-1build4) ...
#16 38.56 Setting up libxcb-shm0:amd64 (1.15-1ubuntu2) ...
#16 38.56 Setting up libxcb-icccm4:amd64 (0.4.1-1.1build3) ...
#16 38.57 Setting up xfonts-utils (1:7.7+6build3) ...
#16 38.57 Setting up libxcb-util1:amd64 (0.4.0-1build3) ...
#16 38.57 Setting up pkgconf:amd64 (1.8.1-2build1) ...
#16 38.58 Setting up libxcb-image0:amd64 (0.4.0-2build1) ...
#16 38.58 Setting up libfreetype-dev:amd64 (2.13.2+dfsg-1build3) ...
#16 38.58 Setting up libxcb-present0:amd64 (1.15-1ubuntu2) ...
#16 38.58 Setting up xfonts-base (1:1.0.5+nmu1) ...
#16 38.63 Setting up libgprofng0:amd64 (2.42-4ubuntu2.8) ...
#16 38.63 Setting up libwebp-dev:amd64 (1.3.2-0.4build3) ...
#16 38.64 Setting up libxcb-sync1:amd64 (1.15-1ubuntu2) ...
#16 38.64 Setting up libllvm20:amd64 (1:20.1.2-0ubuntu1~24.04.2) ...
#16 38.64 Setting up pkg-config:amd64 (1.8.1-2build1) ...
#16 38.64 Setting up libdrm2:amd64 (2.4.125-1ubuntu0.1~24.04.1) ...
#16 38.65 Setting up libgcc-13-dev:amd64 (13.3.0-6ubuntu2~24.04.1) ...
#16 38.65 Setting up libwayland-cursor0:amd64 (1.22.0-2.1build1) ...
#16 38.65 Setting up libxcb-randr0:amd64 (1.15-1ubuntu2) ...
#16 38.65 Setting up cmake (3.28.3-1build7) ...
#16 38.66 Setting up libx11-6:amd64 (2:1.8.7-1build1) ...
#16 38.66 Setting up libxkbfile1:amd64 (1:1.1.0-1build4) ...
#16 38.66 Setting up xfonts-75dpi (1:1.0.5) ...
#16 38.71 Setting up keyboard-configuration (1.226ubuntu1) ...
#16 38.93 Your console font configuration will be updated the next time your system
#16 38.93 boots. If you want to update it now, run 'setupcon' from a virtual console.
#16 38.95 Setting up libsm6:amd64 (2:1.2.3-1build3) ...
#16 38.95 Setting up libxmuu1:amd64 (2:1.1.3-3build2) ...
#16 38.96 Setting up libstdc++-13-dev:amd64 (13.3.0-6ubuntu2~24.04.1) ...
#16 38.96 Setting up binutils-x86-64-linux-gnu (2.42-4ubuntu2.8) ...
#16 38.96 Setting up libdrm-amdgpu1:amd64 (2.4.125-1ubuntu0.1~24.04.1) ...
#16 38.96 Setting up cpp-x86-64-linux-gnu (4:13.2.0-7ubuntu1) ...
#16 38.97 Setting up libxcb-dri3-0:amd64 (1.15-1ubuntu2) ...
#16 38.97 Setting up libx11-xcb1:amd64 (2:1.8.7-1build1) ...
#16 38.97 Setting up libdrm-nouveau2:amd64 (2.4.125-1ubuntu0.1~24.04.1) ...
#16 38.97 Setting up xfonts-100dpi (1:1.0.5) ...
#16 39.02 Setting up libxpm4:amd64 (1:3.5.17-1build2) ...
#16 39.03 Setting up cpp-13 (13.3.0-6ubuntu2~24.04.1) ...
#16 39.03 Setting up libxrender1:amd64 (1:0.9.10-1.1build1) ...
#16 39.03 Setting up libdrm-radeon1:amd64 (2.4.125-1ubuntu0.1~24.04.1) ...
#16 39.03 Setting up gcc-13-x86-64-linux-gnu (13.3.0-6ubuntu2~24.04.1) ...
#16 39.04 Setting up libdrm-intel1:amd64 (2.4.125-1ubuntu0.1~24.04.1) ...
#16 39.04 Setting up libxext6:amd64 (2:1.3.4-1build2) ...
#16 39.04 Setting up binutils (2.42-4ubuntu2.8) ...
#16 39.04 Setting up libwayland-dev:amd64 (1.22.0-2.1build1) ...
#16 39.05 Setting up dpkg-dev (1.22.6ubuntu6.5) ...
#16 39.05 Setting up libxxf86vm1:amd64 (1:1.1.4-1build4) ...
#16 39.06 Setting up libxfixes3:amd64 (1:6.0.0-2build1) ...
#16 39.06 Setting up libxt6t64:amd64 (1:1.2.1-1.2build1) ...
#16 39.06 Setting up gcc-13 (13.3.0-6ubuntu2~24.04.1) ...
#16 39.06 Setting up libxrandr2:amd64 (2:1.5.2-2build1) ...
#16 39.07 Setting up xauth (1:1.1.2-1build1) ...
#16 39.08 Setting up cpp (4:13.2.0-7ubuntu1) ...
#16 39.09 Setting up xinit (1.4.1-0ubuntu5) ...
#16 39.10 Setting up mesa-libgallium:amd64 (25.2.8-0ubuntu0.24.04.1) ...
#16 39.10 Setting up libdrm-dev:amd64 (2.4.125-1ubuntu0.1~24.04.1) ...
#16 39.10 Setting up libxmu6:amd64 (2:1.1.3-3build2) ...
#16 39.10 Setting up g++-13-x86-64-linux-gnu (13.3.0-6ubuntu2~24.04.1) ...
#16 39.11 Setting up libxi6:amd64 (2:1.8.1-1build1) ...
#16 39.11 Setting up gcc-x86-64-linux-gnu (4:13.2.0-7ubuntu1) ...
#16 39.11 Setting up libgbm1:amd64 (25.2.8-0ubuntu0.24.04.1) ...
#16 39.11 Setting up libtool (2.4.7-7build1) ...
#16 39.12 Setting up libxtst6:amd64 (2:1.2.3-1.1build1) ...
#16 39.12 Setting up libxcursor1:amd64 (1:1.2.1-1build1) ...
#16 39.12 Setting up libgl1-mesa-dri:amd64 (25.2.8-0ubuntu0.24.04.1) ...
#16 39.13 Setting up libxaw7:amd64 (2:1.0.14-1build2) ...
#16 39.13 Setting up gcc (4:13.2.0-7ubuntu1) ...
#16 39.14 Setting up libegl-mesa0:amd64 (25.2.8-0ubuntu0.24.04.1) ...
#16 39.14 Setting up libegl1:amd64 (1.7.0-1build1) ...
#16 39.14 Setting up g++-x86-64-linux-gnu (4:13.2.0-7ubuntu1) ...
#16 39.15 Setting up g++-13 (13.3.0-6ubuntu2~24.04.1) ...
#16 39.15 Setting up libglx-mesa0:amd64 (25.2.8-0ubuntu0.24.04.1) ...
#16 39.15 Setting up libglx0:amd64 (1.7.0-1build1) ...
#16 39.15 Setting up x11-xkb-utils (7.7+8build2) ...
#16 39.16 Setting up libgl1:amd64 (1.7.0-1build1) ...
#16 39.16 Setting up g++ (4:13.2.0-7ubuntu1) ...
#16 39.16 update-alternatives: using /usr/bin/g++ to provide /usr/bin/c++ (c++) in auto mode
#16 39.16 update-alternatives: warning: skip creation of /usr/share/man/man1/c++.1.gz because associated file /usr/share/man/man1/g++.1.gz (of link group c++) doesn't exist
#16 39.17 Setting up build-essential (12.10ubuntu1) ...
#16 39.17 Setting up xserver-common (2:21.1.12-1ubuntu1.5) ...
#16 39.17 Setting up xserver-xorg-core (2:21.1.12-1ubuntu1.5) ...
#16 39.18 Processing triggers for sgml-base (1.31) ...
#16 39.19 Setting up x11proto-dev (2023.2-1) ...
#16 39.20 Processing triggers for fontconfig (2.15.0-1.1ubuntu2) ...
#16 39.78 Setting up libxau-dev:amd64 (1:1.0.9-1build6) ...
#16 39.78 Processing triggers for libc-bin (2.39-0ubuntu8.7) ...
#16 39.81 Setting up libxdmcp-dev:amd64 (1:1.1.3-0ubuntu6) ...
#16 39.81 Setting up libxcb1-dev:amd64 (1.15-1ubuntu2) ...
#16 39.81 Setting up libx11-dev:amd64 (2:1.8.7-1build1) ...
#16 39.82 Setting up libxfixes-dev:amd64 (1:6.0.0-2build1) ...
#16 39.82 Setting up libxcb-shm0-dev:amd64 (1.15-1ubuntu2) ...
#16 39.82 Setting up libxcb-keysyms1-dev:amd64 (0.4.0-1build4) ...
#16 39.83 Setting up libxcb-util-dev:amd64 (0.4.0-1build3) ...
#16 39.83 Setting up libxcb-render0-dev:amd64 (1.15-1ubuntu2) ...
#16 39.83 Setting up libxcb-icccm4-dev:amd64 (0.4.1-1.1build3) ...
#16 39.83 Setting up libxext-dev:amd64 (2:1.3.4-1build2) ...
#16 39.84 Setting up libxcb-render-util0-dev:amd64 (0.3.9-1build4) ...
#16 39.85 Setting up libglx-dev:amd64 (1.7.0-1build1) ...
#16 39.85 Setting up libxi-dev:amd64 (2:1.8.1-1build1) ...
#16 39.86 Setting up libxrender-dev:amd64 (1:0.9.10-1.1build1) ...
#16 39.86 Setting up libgl-dev:amd64 (1.7.0-1build1) ...
#16 39.86 Setting up libxcb-image0-dev:amd64 (0.4.0-2build1) ...
#16 39.86 Setting up libxtst-dev:amd64 (2:1.2.3-1.1build1) ...
#16 39.87 Setting up libxkbfile-dev:amd64 (1:1.1.0-1build4) ...
#16 39.87 Setting up libegl-dev:amd64 (1.7.0-1build1) ...
#16 39.87 Setting up libxcursor-dev:amd64 (1:1.2.1-1build1) ...
#16 39.88 Setting up libxfont-dev (1:2.0.6-1build1) ...
#16 39.88 Setting up libepoxy-dev:amd64 (1.5.10-1build1) ...
#16 39.88 Setting up libxrandr-dev:amd64 (2:1.5.2-2build1) ...
#16 39.88 Setting up mesa-common-dev:amd64 (25.2.8-0ubuntu0.24.04.1) ...
#16 39.89 Setting up libgles-dev:amd64 (1.7.0-1build1) ...
#16 39.89 Setting up xserver-xorg-dev (2:21.1.12-1ubuntu1.5) ...
#16 39.89 Setting up libglvnd-dev:amd64 (1.7.0-1build1) ...
#16 39.89 Setting up libgl1-mesa-dev:amd64 (25.2.8-0ubuntu0.24.04.1) ...
#16 DONE 41.2s

#17 [buildstage 4/6] RUN   echo "**** skip custom libjpeg-turbo build (system package used) ****"
#17 0.218 **** skip custom libjpeg-turbo build (system package used) ****
#17 DONE 0.2s

#18 [buildstage 5/6] RUN   echo "**** build kasmvnc ****" &&   git clone https://github.com/kasmtech/KasmVNC.git src &&   cd src &&   git checkout -f e04731870baebd2784983fb48197a2416c7d3519 &&   sed -i     -e '/find_package(FLTK/s@^@#@'     -e '/add_subdirectory(tests/s@^@#@'     CMakeLists.txt &&   cmake     -DCMAKE_BUILD_TYPE=RelWithDebInfo     -DBUILD_VIEWER:BOOL=OFF     -DENABLE_GNUTLS:BOOL=OFF     . &&   make -j4 &&   echo "**** build xorg ****" &&   XORG_VER="21.1.14" &&   wget --no-check-certificate     -O /tmp/xorg-server-${XORG_VER}.tar.gz     "https://www.x.org/archive/individual/xserver/xorg-server-${XORG_VER}.tar.gz" &&   tar --strip-components=1     -C unix/xserver     -xf /tmp/xorg-server-${XORG_VER}.tar.gz &&   cd unix/xserver &&   patch -Np1 -i ../xserver21.patch &&   patch -s -p0 < ../CVE-2022-2320-v1.20.patch &&   autoreconf -i &&   ./configure     --disable-config-hal     --disable-config-udev     --disable-dmx     --disable-dri     --disable-dri2     --disable-kdrive     --disable-static     --disable-xephyr     --disable-xinerama     --disable-xnest     --disable-xorg     --disable-xvfb     --disable-xwayland     --disable-xwin     --enable-dri3     --enable-glx     --prefix=/opt/kasmweb     --with-default-font-path="/usr/share/fonts/X11/misc,/usr/share/fonts/X11/cyrillic,/usr/share/fonts/X11/100dpi/:unscaled,/usr/share/fonts/X11/75dpi/:unscaled,/usr/share/fonts/X11/Type1,/usr/share/fonts/X11/100dpi,/usr/share/fonts/X11/75dpi,built-ins"     --without-dtrace     --with-sha1=libcrypto     --with-xkb-bin-directory=/usr/bin     --with-xkb-output=/var/lib/xkb     --with-xkb-path=/usr/share/X11/xkb &&   find . -name "Makefile" -exec sed -i 's/-Werror=array-bounds//g' {} ; &&   make -j4
#18 0.183 **** build kasmvnc ****
#18 0.185 Cloning into 'src'...
#18 1.107 Note: switching to 'e04731870baebd2784983fb48197a2416c7d3519'.
#18 1.107 
#18 1.107 You are in 'detached HEAD' state. You can look around, make experimental
#18 1.107 changes and commit them, and you can discard any commits you make in this
#18 1.107 state without impacting any branches by switching back to a branch.
#18 1.107 
#18 1.107 If you want to create a new branch to retain commits you create, you may
#18 1.107 do so (now or later) by using -c with the switch command. Example:
#18 1.107 
#18 1.107   git switch -c <new-branch-name>
#18 1.107 
#18 1.107 Or undo this operation with:
#18 1.107 
#18 1.107   git switch -
#18 1.107 
#18 1.107 Turn off this advice by setting config variable advice.detachedHead to false
#18 1.107 
#18 1.107 HEAD is now at e047318 Merge branch 'feature/KASM-6760-latest-xorg' into 'master'
#18 1.120 CMake Deprecation Warning at CMakeLists.txt:5 (cmake_minimum_required):
#18 1.120   Compatibility with CMake < 3.5 will be removed from a future version of
#18 1.120   CMake.
#18 1.120 
#18 1.120   Update the VERSION argument <min> value or use a ...<max> suffix to tell
#18 1.120   CMake that the project does not need compatibility with older versions.
#18 1.120 
#18 1.120 
#18 1.120 CMake Deprecation Warning at CMakeLists.txt:7 (cmake_policy):
#18 1.120   The OLD behavior for policy CMP0022 will be removed from a future version
#18 1.120   of CMake.
#18 1.120 
#18 1.120   The cmake-policies(7) manual explains that the OLD behaviors of all
#18 1.120   policies are deprecated and that a policy should be set to OLD only under
#18 1.120   specific short-term circumstances.  Projects should be ported to the NEW
#18 1.120   behavior and not rely on setting a policy to OLD.
#18 1.120 
#18 1.120 
#18 1.176 -- The C compiler identification is GNU 13.3.0
#18 1.237 -- The CXX compiler identification is GNU 13.3.0
#18 1.254 -- Detecting C compiler ABI info
#18 1.337 -- Detecting C compiler ABI info - done
#18 1.348 -- Check for working C compiler: /usr/bin/cc - skipped
#18 1.348 -- Detecting C compile features
#18 1.349 -- Detecting C compile features - done
#18 1.359 -- Detecting CXX compiler ABI info
#18 1.452 -- Detecting CXX compiler ABI info - done
#18 1.463 -- Check for working CXX compiler: /usr/bin/c++ - skipped
#18 1.463 -- Detecting CXX compile features
#18 1.464 -- Detecting CXX compile features - done
#18 1.467 -- CMAKE_BUILD_TYPE = RelWithDebInfo
#18 1.467 -- VERSION = 0.9
#18 1.467 -- BUILD_TIMESTAMP = 2026-02-17 02:04
#18 1.467 -- WWWDIR = /usr/local/share/kasmvnc/www
#18 1.468 -- 64-bit build
#18 1.502 -- Found X11: /usr/include   
#18 1.502 -- Looking for XOpenDisplay in /usr/lib/x86_64-linux-gnu/libX11.so;/usr/lib/x86_64-linux-gnu/libXext.so
#18 1.586 -- Looking for XOpenDisplay in /usr/lib/x86_64-linux-gnu/libX11.so;/usr/lib/x86_64-linux-gnu/libXext.so - found
#18 1.586 -- Looking for gethostbyname
#18 1.669 -- Looking for gethostbyname - found
#18 1.669 -- Looking for connect
#18 1.749 -- Looking for connect - found
#18 1.749 -- Looking for remove
#18 1.827 -- Looking for remove - found
#18 1.828 -- Looking for shmat
#18 1.908 -- Looking for shmat - found
#18 1.917 -- Found ZLIB: /usr/lib/x86_64-linux-gnu/libz.so (found version "1.3")  
#18 1.932 -- Found PNG: /usr/lib/x86_64-linux-gnu/libpng.so (found version "1.6.43") 
#18 1.940 -- Found JPEG: /usr/lib/x86_64-linux-gnu/libjpeg.so (found version "80") 
#18 1.945 -- Found PkgConfig: /usr/bin/pkg-config (found version "1.8.1") 
#18 1.946 -- Checking for module 'freetype2'
#18 1.957 --   Found freetype2, version 26.1.20
#18 1.988 -- Found freetype: /usr/include/freetype2  
#18 1.988 -- Performing Test FOUND_LIBJPEG_TURBO
#18 2.061 -- Performing Test FOUND_LIBJPEG_TURBO - Failed
#18 2.061 -- WARNING: You are not using libjpeg-turbo. Performance will suffer.
#18 2.062 -- Looking for include file security/pam_appl.h
#18 2.141 -- Looking for include file security/pam_appl.h - found
#18 2.141 -- Looking for pam_start
#18 2.223 -- Looking for pam_start - found
#18 2.224 -- Performing Test COMPILER_SUPPORTS_SSE2
#18 2.315 -- Performing Test COMPILER_SUPPORTS_SSE2 - Success
#18 2.317 -- Creating static libtool control file for target os
#18 2.319 -- Creating static libtool control file for target rdr
#18 2.322 -- Creating static libtool control file for target network
#18 2.323 -- Creating static libtool control file for target Xregion
#18 2.324 -- Creating static libtool control file for target rfb
#18 2.330 -- Creating static libtool control file for target unixcommon
#18 2.334 -- Configuring done (1.2s)
#18 2.380 -- Generating done (0.0s)
#18 2.383 CMake Warning:
#18 2.383   Manually-specified variables were not used by the project:
#18 2.383 
#18 2.383     BUILD_VIEWER
#18 2.383 
#18 2.383 
#18 2.384 -- Build files have been written to: /config/src
#18 2.433 [  1%] Building CXX object common/os/CMakeFiles/os.dir/Mutex.cxx.o
#18 2.436 [  2%] Building CXX object common/network/CMakeFiles/network.dir/GetAPIMessager.cxx.o
#18 2.436 [  2%] Building CXX object unix/tx/CMakeFiles/tx.dir/TXWindow.cxx.o
#18 2.436 [  2%] Building C object common/Xregion/CMakeFiles/Xregion.dir/Region.c.o
#18 2.529 [  2%] Building CXX object common/os/CMakeFiles/os.dir/Thread.cxx.o
#18 2.650 [  3%] Building C object common/os/CMakeFiles/os.dir/w32tiger.c.o
#18 2.678 [  4%] Building CXX object common/os/CMakeFiles/os.dir/os.cxx.o
#18 2.770 [  5%] Linking CXX static library libos.a
#18 2.825 [  6%] Linking C static library libXregion.a
#18 2.855 [  6%] Built target os
#18 2.866 [  7%] Building CXX object common/network/CMakeFiles/network.dir/Blacklist.cxx.o
#18 2.901 [  7%] Built target Xregion
#18 2.915 [  7%] Building CXX object common/network/CMakeFiles/network.dir/iceip.cxx.o
#18 3.115 [  8%] Building CXX object unix/common/CMakeFiles/unixcommon.dir/randr.cxx.o
#18 3.237 [  9%] Linking CXX static library libtx.a
#18 3.289 [  9%] Built target tx
#18 3.302 [ 10%] Building CXX object common/network/CMakeFiles/network.dir/Socket.cxx.o
#18 3.555 [ 11%] Building C object unix/kasmvncpasswd/CMakeFiles/kasmvncpasswd.dir/kasmvncpasswd.c.o
#18 3.742 [ 11%] Building C object unix/kasmvncpasswd/CMakeFiles/kasmvncpasswd.dir/kasmpasswd.c.o
#18 3.848 [ 12%] Building C object unix/kasmxproxy/CMakeFiles/kasmxproxy.dir/xxhash.c.o
#18 3.903 [ 13%] Building CXX object common/network/CMakeFiles/network.dir/TcpSocket.cxx.o
#18 3.920 [ 14%] Linking C executable kasmvncpasswd
#18 4.021 [ 14%] Linking CXX static library libunixcommon.a
#18 4.025 [ 14%] Built target kasmvncpasswd
#18 4.051 [ 15%] Building CXX object common/network/CMakeFiles/network.dir/Udp.cxx.o
#18 4.188 [ 15%] Built target unixcommon
#18 4.245 [ 15%] Building CXX object common/rdr/CMakeFiles/rdr.dir/BufferedInStream.cxx.o
#18 4.321 [ 16%] Building C object unix/kasmxproxy/CMakeFiles/kasmxproxy.dir/kasmxproxy.c.o
#18 4.336 /config/src/common/network/TcpSocket.cxx: In function void openssl_threads():
#18 4.336 /config/src/common/network/TcpSocket.cxx:578:23: warning: int ERR_load_BIO_strings() is deprecated: Since OpenSSL 3.0 [-Wdeprecated-declarations]
#18 4.336   578 |   ERR_load_BIO_strings();
#18 4.336       |   ~~~~~~~~~~~~~~~~~~~~^~
#18 4.337 In file included from /usr/include/openssl/cryptoerr.h:17,
#18 4.337                  from /usr/include/openssl/crypto.h:38,
#18 4.337                  from /config/src/common/network/TcpSocket.cxx:45:
#18 4.337 /usr/include/openssl/cryptoerr_legacy.h:31:27: note: declared here
#18 4.337    31 | OSSL_DEPRECATEDIN_3_0 int ERR_load_BIO_strings(void);
#18 4.337       |                           ^~~~~~~~~~~~~~~~~~~~
#18 4.359 [ 17%] Building CXX object common/rdr/CMakeFiles/rdr.dir/BufferedOutStream.cxx.o
#18 4.408 /config/src/unix/kasmxproxy/kasmxproxy.c: In function main:
#18 4.409 /config/src/unix/kasmxproxy/kasmxproxy.c:278:48: warning: variable s set but not used [-Wunused-but-set-variable]
#18 4.409   278 |                                         Status s;
#18 4.409       |                                                ^
#18 4.524 [ 18%] Building CXX object common/rdr/CMakeFiles/rdr.dir/Exception.cxx.o
#18 4.643 [ 18%] Linking C executable kasmxproxy
#18 4.691 [ 18%] Building CXX object common/rdr/CMakeFiles/rdr.dir/FdInStream.cxx.o
#18 4.735 [ 18%] Built target kasmxproxy
#18 4.756 [ 19%] Building CXX object common/rdr/CMakeFiles/rdr.dir/FdOutStream.cxx.o
#18 4.827 [ 20%] Building CXX object common/rdr/CMakeFiles/rdr.dir/FileInStream.cxx.o
#18 4.911 [ 20%] Building C object common/network/CMakeFiles/network.dir/cJSON.c.o
#18 4.921 [ 21%] Building C object common/network/CMakeFiles/network.dir/jsonescape.c.o
#18 4.977 [ 22%] Building CXX object common/rdr/CMakeFiles/rdr.dir/HexInStream.cxx.o
#18 5.069 [ 22%] Building CXX object common/rdr/CMakeFiles/rdr.dir/HexOutStream.cxx.o
#18 5.108 [ 23%] Building C object common/network/CMakeFiles/network.dir/websocket.c.o
#18 5.170 [ 24%] Building CXX object common/rdr/CMakeFiles/rdr.dir/InStream.cxx.o
#18 5.188 [ 24%] Building C object common/network/CMakeFiles/network.dir/websockify.c.o
#18 5.259 [ 25%] Building CXX object common/rdr/CMakeFiles/rdr.dir/RandomStream.cxx.o
#18 5.282 /config/src/common/network/websocket.c: In function gen_md5:
#18 5.283 /config/src/common/network/websocket.c:759:5: warning: MD5_Init is deprecated: Since OpenSSL 3.0 [-Wdeprecated-declarations]
#18 5.283   759 |     MD5_Init(&c);
#18 5.283       |     ^~~~~~~~
#18 5.283 In file included from /config/src/common/network/websocket.c:36:
#18 5.283 /usr/include/openssl/md5.h:49:27: note: declared here
#18 5.283    49 | OSSL_DEPRECATEDIN_3_0 int MD5_Init(MD5_CTX *c);
#18 5.283       |                           ^~~~~~~~
#18 5.283 /config/src/common/network/websocket.c:760:5: warning: MD5_Update is deprecated: Since OpenSSL 3.0 [-Wdeprecated-declarations]
#18 5.283   760 |     MD5_Update(&c, (void *)in, sizeof in);
#18 5.283       |     ^~~~~~~~~~
#18 5.283 /usr/include/openssl/md5.h:50:27: note: declared here
#18 5.283    50 | OSSL_DEPRECATEDIN_3_0 int MD5_Update(MD5_CTX *c, const void *data, size_t len);
#18 5.283       |                           ^~~~~~~~~~
#18 5.284 /config/src/common/network/websocket.c:761:5: warning: MD5_Final is deprecated: Since OpenSSL 3.0 [-Wdeprecated-declarations]
#18 5.284   761 |     MD5_Final((void *)target, &c);
#18 5.284       |     ^~~~~~~~~
#18 5.284 /usr/include/openssl/md5.h:51:27: note: declared here
#18 5.284    51 | OSSL_DEPRECATEDIN_3_0 int MD5_Final(unsigned char *md, MD5_CTX *c);
#18 5.284       |                           ^~~~~~~~~
#18 5.284 /config/src/common/network/websocket.c: In function gen_sha1:
#18 5.284 /config/src/common/network/websocket.c:773:5: warning: SHA1_Init is deprecated: Since OpenSSL 3.0 [-Wdeprecated-declarations]
#18 5.284   773 |     SHA1_Init(&c);
#18 5.284       |     ^~~~~~~~~
#18 5.285 In file included from /usr/include/openssl/x509.h:41,
#18 5.285                  from /usr/include/openssl/ssl.h:31,
#18 5.285                  from /config/src/common/network/websocket.c:34:
#18 5.285 /usr/include/openssl/sha.h:49:27: note: declared here
#18 5.285    49 | OSSL_DEPRECATEDIN_3_0 int SHA1_Init(SHA_CTX *c);
#18 5.285       |                           ^~~~~~~~~
#18 5.285 /config/src/common/network/websocket.c:774:5: warning: SHA1_Update is deprecated: Since OpenSSL 3.0 [-Wdeprecated-declarations]
#18 5.285   774 |     SHA1_Update(&c, headers->key1, strlen(headers->key1));
#18 5.285       |     ^~~~~~~~~~~
#18 5.285 /usr/include/openssl/sha.h:50:27: note: declared here
#18 5.285    50 | OSSL_DEPRECATEDIN_3_0 int SHA1_Update(SHA_CTX *c, const void *data, size_t len);
#18 5.285       |                           ^~~~~~~~~~~
#18 5.285 /config/src/common/network/websocket.c:775:5: warning: SHA1_Update is deprecated: Since OpenSSL 3.0 [-Wdeprecated-declarations]
#18 5.285   775 |     SHA1_Update(&c, HYBI_GUID, 36);
#18 5.285       |     ^~~~~~~~~~~
#18 5.285 /usr/include/openssl/sha.h:50:27: note: declared here
#18 5.285    50 | OSSL_DEPRECATEDIN_3_0 int SHA1_Update(SHA_CTX *c, const void *data, size_t len);
#18 5.285       |                           ^~~~~~~~~~~
#18 5.286 /config/src/common/network/websocket.c:776:5: warning: SHA1_Final is deprecated: Since OpenSSL 3.0 [-Wdeprecated-declarations]
#18 5.286   776 |     SHA1_Final(hash, &c);
#18 5.286       |     ^~~~~~~~~~
#18 5.286 /usr/include/openssl/sha.h:51:27: note: declared here
#18 5.286    51 | OSSL_DEPRECATEDIN_3_0 int SHA1_Final(unsigned char *md, SHA_CTX *c);
#18 5.286       |                           ^~~~~~~~~~
#18 5.303 /config/src/common/network/websocket.c: In function do_handshake:
#18 5.304 /config/src/common/network/websocket.c:1913:32: warning: pointer targets in passing argument 2 of ws_b64_pton differ in signedness [-Wpointer-sign]
#18 5.304  1913 |         len = ws_b64_pton(tmp, response, 256);
#18 5.304       |                                ^~~~~~~~
#18 5.304       |                                |
#18 5.304       |                                char *
#18 5.304 /config/src/common/network/websocket.c:369:57: note: expected unsigned char * but argument is of type char *
#18 5.304   369 | int ws_b64_pton(const char * const src, unsigned char * dst, size_t dstlen) {
#18 5.304       |                                         ~~~~~~~~~~~~~~~~^~~
#18 5.316 /config/src/common/network/websocket.c: In function ownerapi:
#18 5.317 /config/src/common/network/websocket.c:1613:9: warning: ignoring return value of write declared with attribute warn_unused_result [-Wunused-result]
#18 5.317  1613 |         write(wakeuppipe[1], "", 1);
#18 5.317       |         ^~~~~~~~~~~~~~~~~~~~~~~~~~~
#18 5.317 /config/src/common/network/websocket.c:1629:9: warning: ignoring return value of write declared with attribute warn_unused_result [-Wunused-result]
#18 5.317  1629 |         write(wakeuppipe[1], "", 1);
#18 5.317       |         ^~~~~~~~~~~~~~~~~~~~~~~~~~~
#18 5.322 /config/src/common/network/websockify.c: In function do_proxy:
#18 5.322 /config/src/common/network/websockify.c:147:46: warning: pointer targets in passing argument 1 of encode_hybi differ in signedness [-Wpointer-sign]
#18 5.322   147 |                 cout_end = encode_hybi(ws_ctx->cin_buf, bytes,
#18 5.322       |                                        ~~~~~~^~~~~~~~~
#18 5.322       |                                              |
#18 5.322       |                                              char *
#18 5.323 In file included from /config/src/common/network/websockify.c:25:
#18 5.323 /config/src/common/network/websocket.h:157:31: note: expected const u_char * {aka const unsigned char *} but argument is of type char *
#18 5.323   157 | int encode_hybi(u_char const *src, size_t srclength,
#18 5.323       |                 ~~~~~~~~~~~~~~^~~
#18 5.323 /config/src/common/network/websockify.c:150:47: warning: pointer targets in passing argument 1 of encode_hixie differ in signedness [-Wpointer-sign]
#18 5.323   150 |                 cout_end = encode_hixie(ws_ctx->cin_buf, bytes,
#18 5.323       |                                         ~~~~~~^~~~~~~~~
#18 5.323       |                                               |
#18 5.323       |                                               char *
#18 5.324 /config/src/common/network/websocket.h:152:32: note: expected const u_char * {aka const unsigned char *} but argument is of type char *
#18 5.324   152 | int encode_hixie(u_char const *src, size_t srclength,
#18 5.324       |                  ~~~~~~~~~~~~~~^~~
#18 5.325 /config/src/common/network/websockify.c:183:41: warning: pointer targets in passing argument 1 of decode_hybi differ in signedness [-Wpointer-sign]
#18 5.325   183 |                 len = decode_hybi(ws_ctx->tin_buf,
#18 5.325       |                                   ~~~~~~^~~~~~~~~
#18 5.325       |                                         |
#18 5.325       |                                         char *
#18 5.325 /config/src/common/network/websocket.h:159:32: note: expected unsigned char * but argument is of type char *
#18 5.325   159 | int decode_hybi(unsigned char *src, size_t srclength,
#18 5.325       |                 ~~~~~~~~~~~~~~~^~~
#18 5.326 /config/src/common/network/websockify.c:185:41: warning: pointer targets in passing argument 3 of decode_hybi differ in signedness [-Wpointer-sign]
#18 5.326   185 |                                   ws_ctx->tout_buf, BUFSIZE-1,
#18 5.326       |                                   ~~~~~~^~~~~~~~~~
#18 5.326       |                                         |
#18 5.326       |                                         char *
#18 5.326 /config/src/common/network/websocket.h:160:25: note: expected u_char * {aka unsigned char *} but argument is of type char *
#18 5.326   160 |                 u_char *target, size_t targsize,
#18 5.326       |                 ~~~~~~~~^~~~~~
#18 5.326 /config/src/common/network/websockify.c:190:42: warning: pointer targets in passing argument 3 of decode_hixie differ in signedness [-Wpointer-sign]
#18 5.326   190 |                                    ws_ctx->tout_buf, BUFSIZE-1,
#18 5.326       |                                    ~~~~~~^~~~~~~~~~
#18 5.326       |                                          |
#18 5.326       |                                          char *
#18 5.327 /config/src/common/network/websocket.h:155:26: note: expected u_char * {aka unsigned char *} but argument is of type char *
#18 5.327   155 |                  u_char *target, size_t targsize,
#18 5.327       |                  ~~~~~~~~^~~~~~
#18 5.372 /config/src/common/network/websockify.c: In function proxy_handler:
#18 5.373 /config/src/common/network/websockify.c:243:32: warning: %s directive writing up to 127 bytes into a region of size 107 [-Wformat-overflow=]
#18 5.373   243 |     sprintf(myaddr.sun_path, ".%s@%s_%lu.%lu", ws_ctx->user, ws_ctx->ip,
#18 5.373       |                                ^~
#18 5.373 /config/src/common/network/websockify.c:243:30: note: using the range [0, 18446744073709551615] for directive argument
#18 5.373   243 |     sprintf(myaddr.sun_path, ".%s@%s_%lu.%lu", ws_ctx->user, ws_ctx->ip,
#18 5.373       |                              ^~~~~~~~~~~~~~~~
#18 5.374 /config/src/common/network/websockify.c:243:30: note: using the range [0, 18446744073709551615] for directive argument
#18 5.374 In file included from /usr/include/stdio.h:980,
#18 5.374                  from /config/src/common/network/websockify.c:10:
#18 5.374 In function sprintf,
#18 5.374     inlined from proxy_handler at /config/src/common/network/websockify.c:243:5:
#18 5.374 /usr/include/x86_64-linux-gnu/bits/stdio2.h:30:10: note: __builtin___sprintf_chk output between 7 and 235 bytes into a destination of size 108
#18 5.374    30 |   return __builtin___sprintf_chk (__s, __USE_FORTIFY_LEVEL - 1,
#18 5.374       |          ^~~~~~~~~~~~~~~~~~~~~~~~~~~~~~~~~~~~~~~~~~~~~~~~~~~~~~
#18 5.374    31 |                                   __glibc_objsize (__s), __fmt,
#18 5.374       |                                   ~~~~~~~~~~~~~~~~~~~~~~~~~~~~~
#18 5.374    32 |                                   __va_arg_pack ());
#18 5.374       |                                   ~~~~~~~~~~~~~~~~~
#18 5.396 [ 25%] Building CXX object common/rdr/CMakeFiles/rdr.dir/TLSException.cxx.o
#18 5.451 [ 26%] Building CXX object common/rdr/CMakeFiles/rdr.dir/TLSInStream.cxx.o
#18 5.469 [ 27%] Building CXX object common/rdr/CMakeFiles/rdr.dir/TLSOutStream.cxx.o
#18 5.481 In file included from /config/src/common/network/websocket.c:38:
#18 5.481 /config/src/common/network/websocket.c: In function servefile:
#18 5.483 /config/src/common/network/websocket.c:934:17: warning: %s directive writing up to 4095 bytes into a region of size 1008 [-Wformat-overflow=]
#18 5.483   934 |     handler_msg("Requested file '%s'\n", buf);
#18 5.483       |                 ^~~~~~~~~~~~~~~~~~~~~~~  ~~~
#18 5.483 /config/src/common/network/websocket.h:135:28: note: in definition of macro gen_handler_msg
#18 5.483   135 |         sprintf(logbuf[1], __VA_ARGS__); \
#18 5.483       |                            ^~~~~~~~~~~
#18 5.483 /config/src/common/network/websocket.c:934:5: note: in expansion of macro handler_msg
#18 5.483   934 |     handler_msg("Requested file '%s'\n", buf);
#18 5.483       |     ^~~~~~~~~~~
#18 5.484 /config/src/common/network/websocket.c:934:34: note: format string is defined here
#18 5.484   934 |     handler_msg("Requested file '%s'\n", buf);
#18 5.484       |                                  ^~
#18 5.484 In file included from /usr/include/stdio.h:980,
#18 5.484                  from /config/src/common/network/websocket.c:16:
#18 5.484 In function sprintf,
#18 5.484     inlined from servefile at /config/src/common/network/websocket.c:934:5:
#18 5.484 /usr/include/x86_64-linux-gnu/bits/stdio2.h:30:10: note: __builtin___sprintf_chk output between 19 and 4114 bytes into a destination of size 1024
#18 5.484    30 |   return __builtin___sprintf_chk (__s, __USE_FORTIFY_LEVEL - 1,
#18 5.484       |          ^~~~~~~~~~~~~~~~~~~~~~~~~~~~~~~~~~~~~~~~~~~~~~~~~~~~~~
#18 5.484    31 |                                   __glibc_objsize (__s), __fmt,
#18 5.484       |                                   ~~~~~~~~~~~~~~~~~~~~~~~~~~~~~
#18 5.484    32 |                                   __va_arg_pack ());
#18 5.484       |                                   ~~~~~~~~~~~~~~~~~
#18 5.485 /config/src/common/network/websocket.c: In function servefile:
#18 5.486 /config/src/common/network/websocket.c:935:29: warning: __builtin___sprintf_chk may write a terminating nul past the end of the destination [-Wformat-overflow=]
#18 5.486   935 |     sprintf(fullpath, "%s/%s", settings.httpdir, buf);
#18 5.486       |                             ^
#18 5.486 In function sprintf,
#18 5.486     inlined from servefile at /config/src/common/network/websocket.c:935:5:
#18 5.486 /usr/include/x86_64-linux-gnu/bits/stdio2.h:30:10: note: __builtin___sprintf_chk output 2 or more bytes (assuming 4097) into a destination of size 4096
#18 5.486    30 |   return __builtin___sprintf_chk (__s, __USE_FORTIFY_LEVEL - 1,
#18 5.486       |          ^~~~~~~~~~~~~~~~~~~~~~~~~~~~~~~~~~~~~~~~~~~~~~~~~~~~~~
#18 5.486    31 |                                   __glibc_objsize (__s), __fmt,
#18 5.486       |                                   ~~~~~~~~~~~~~~~~~~~~~~~~~~~~~
#18 5.486    32 |                                   __va_arg_pack ());
#18 5.486       |                                   ~~~~~~~~~~~~~~~~~
#18 5.487 /config/src/common/network/websocket.c: In function servefile:
#18 5.488 /config/src/common/network/websocket.c:883:45: warning: %s directive writing up to 12288 bytes into a region of size 4083 [-Wformat-overflow=]
#18 5.488   883 |                 sprintf(buf, "<li><a href=\"%s\">%s</a></li>", enc,
#18 5.488       |                                             ^~                 ~~~
#18 5.488 In function sprintf,
#18 5.488     inlined from dirlisting at /config/src/common/network/websocket.c:883:10,
#18 5.488     inlined from servefile at /config/src/common/network/websocket.c:940:9:
#18 5.489 [ 28%] Building CXX object common/network/CMakeFiles/network.dir/webudp/CRC32.cpp.o
#18 5.489 /usr/include/x86_64-linux-gnu/bits/stdio2.h:30:10: note: __builtin___sprintf_chk output between 25 and 12568 bytes into a destination of size 4096
#18 5.489    30 |   return __builtin___sprintf_chk (__s, __USE_FORTIFY_LEVEL - 1,
#18 5.489       |          ^~~~~~~~~~~~~~~~~~~~~~~~~~~~~~~~~~~~~~~~~~~~~~~~~~~~~~
#18 5.489    31 |                                   __glibc_objsize (__s), __fmt,
#18 5.489       |                                   ~~~~~~~~~~~~~~~~~~~~~~~~~~~~~
#18 5.489    32 |                                   __va_arg_pack ());
#18 5.489       |                                   ~~~~~~~~~~~~~~~~~
#18 5.490 /config/src/common/network/websocket.c: In function servefile:
#18 5.491 /config/src/common/network/websocket.c:880:45: warning: %s directive writing up to 12288 bytes into a region of size 4083 [-Wformat-overflow=]
#18 5.491   880 |                 sprintf(buf, "<li><a href=\"%s/\">%s/</a></li>", enc,
#18 5.491       |                                             ^~                   ~~~
#18 5.491 In function sprintf,
#18 5.491     inlined from dirlisting at /config/src/common/network/websocket.c:880:10,
#18 5.491     inlined from servefile at /config/src/common/network/websocket.c:940:9:
#18 5.491 /usr/include/x86_64-linux-gnu/bits/stdio2.h:30:10: note: __builtin___sprintf_chk output between 27 and 12570 bytes into a destination of size 4096
#18 5.491    30 |   return __builtin___sprintf_chk (__s, __USE_FORTIFY_LEVEL - 1,
#18 5.491       |          ^~~~~~~~~~~~~~~~~~~~~~~~~~~~~~~~~~~~~~~~~~~~~~~~~~~~~~
#18 5.491    31 |                                   __glibc_objsize (__s), __fmt,
#18 5.491       |                                   ~~~~~~~~~~~~~~~~~~~~~~~~~~~~~
#18 5.491    32 |                                   __va_arg_pack ());
#18 5.491       |                                   ~~~~~~~~~~~~~~~~~
#18 5.506 [ 29%] Building CXX object common/rdr/CMakeFiles/rdr.dir/ZlibInStream.cxx.o
#18 5.549 [ 29%] Building CXX object common/rdr/CMakeFiles/rdr.dir/ZlibOutStream.cxx.o
#18 5.594 /config/src/common/network/websocket.c: In function decode_hixie:
#18 5.595 /config/src/common/network/websocket.c:450:30: warning: %d directive output may be truncated writing between 1 and 10 bytes into a region of size 3 [-Wformat-truncation=]
#18 5.595   450 |         snprintf(cntstr, 3, "%d", framecount);
#18 5.595       |                              ^~
#18 5.595 /config/src/common/network/websocket.c:450:29: note: directive argument in the range [2, 2147483647]
#18 5.595   450 |         snprintf(cntstr, 3, "%d", framecount);
#18 5.595       |                             ^~~~
#18 5.596 In function snprintf,
#18 5.596     inlined from decode_hixie at /config/src/common/network/websocket.c:450:9:
#18 5.596 /usr/include/x86_64-linux-gnu/bits/stdio2.h:54:10: note: __builtin___snprintf_chk output between 2 and 11 bytes into a destination of size 3
#18 5.596    54 |   return __builtin___snprintf_chk (__s, __n, __USE_FORTIFY_LEVEL - 1,
#18 5.596       |          ^~~~~~~~~~~~~~~~~~~~~~~~~~~~~~~~~~~~~~~~~~~~~~~~~~~~~~~~~~~~
#18 5.596    55 |                                    __glibc_objsize (__s), __fmt,
#18 5.596       |                                    ~~~~~~~~~~~~~~~~~~~~~~~~~~~~~
#18 5.596    56 |                                    __va_arg_pack ());
#18 5.596       |                                    ~~~~~~~~~~~~~~~~~
#18 5.636 /config/src/common/network/websocket.c: In function decode_hybi:
#18 5.637 /config/src/common/network/websocket.c:616:30: warning: %d directive output may be truncated writing between 1 and 10 bytes into a region of size 3 [-Wformat-truncation=]
#18 5.637   616 |         snprintf(cntstr, 3, "%d", framecount);
#18 5.637       |                              ^~
#18 5.638 /config/src/common/network/websocket.c:616:29: note: directive argument in the range [2, 2147483647]
#18 5.638   616 |         snprintf(cntstr, 3, "%d", framecount);
#18 5.638       |                             ^~~~
#18 5.639 In function snprintf,
#18 5.639     inlined from decode_hybi at /config/src/common/network/websocket.c:616:9:
#18 5.639 /usr/include/x86_64-linux-gnu/bits/stdio2.h:54:10: note: __builtin___snprintf_chk output between 2 and 11 bytes into a destination of size 3
#18 5.639    54 |   return __builtin___snprintf_chk (__s, __n, __USE_FORTIFY_LEVEL - 1,
#18 5.639       |          ^~~~~~~~~~~~~~~~~~~~~~~~~~~~~~~~~~~~~~~~~~~~~~~~~~~~~~~~~~~~
#18 5.639    55 |                                    __glibc_objsize (__s), __fmt,
#18 5.639       |                                    ~~~~~~~~~~~~~~~~~~~~~~~~~~~~~
#18 5.639    56 |                                    __va_arg_pack ());
#18 5.639       |                                    ~~~~~~~~~~~~~~~~~
#18 5.646 [ 30%] Building CXX object common/network/CMakeFiles/network.dir/webudp/WuArena.cpp.o
#18 5.647 [ 31%] Building CXX object common/network/CMakeFiles/network.dir/webudp/Wu.cpp.o
#18 5.707 [ 32%] Linking CXX static library librdr.a
#18 5.714 [ 32%] Building CXX object common/network/CMakeFiles/network.dir/webudp/WuCrypto.cpp.o
#18 5.809 [ 32%] Built target rdr
#18 5.809 In file included from /config/src/common/network/webudp/Wu.cpp:5:
#18 5.809 /config/src/common/network/webudp/Wu.cpp: In function void WuClientStart(const Wu*, WuClient*):
#18 5.809 /config/src/common/network/webudp/Wu.cpp:145:57: warning: EC_KEY* EC_KEY_new_by_curve_name(int) is deprecated: Since OpenSSL 3.0 [-Wdeprecated-declarations]
#18 5.809   145 |   SSL_set_tmp_ecdh(client->ssl, EC_KEY_new_by_curve_name(NID_X9_62_prime256v1));
#18 5.809       |                                 ~~~~~~~~~~~~~~~~~~~~~~~~^~~~~~~~~~~~~~~~~~~~~~
#18 5.810 In file included from /config/src/common/network/webudp/Wu.cpp:3:
#18 5.810 /usr/include/openssl/ec.h:998:31: note: declared here
#18 5.810   998 | OSSL_DEPRECATEDIN_3_0 EC_KEY *EC_KEY_new_by_curve_name(int nid);
#18 5.810       |                               ^~~~~~~~~~~~~~~~~~~~~~~~
#18 5.812 In function ownerapi,
#18 5.812     inlined from do_handshake at /config/src/common/network/websocket.c:1993:21:
#18 5.814 /config/src/common/network/websocket.c:1278:21: warning: %s directive writing up to 4095 bytes into a region of size 1003 [-Wformat-overflow=]
#18 5.814  1278 |         handler_msg("Requested owner api '%s' with args '%s'\n", path, args);
#18 5.814       |                     ^~~~~~~~~~~~~~~~~~~~~~~~~~~~~~~~~~~~~~~~~~~  ~~~~
#18 5.814 /config/src/common/network/websocket.h:135:28: note: in definition of macro gen_handler_msg
#18 5.814   135 |         sprintf(logbuf[1], __VA_ARGS__); \
#18 5.814       |                            ^~~~~~~~~~~
#18 5.814 /config/src/common/network/websocket.c:1278:9: note: in expansion of macro handler_msg
#18 5.814  1278 |         handler_msg("Requested owner api '%s' with args '%s'\n", path, args);
#18 5.814       |         ^~~~~~~~~~~
#18 5.814 /config/src/common/network/websocket.c: In function do_handshake:
#18 5.815 /config/src/common/network/websocket.c:1278:43: note: format string is defined here
#18 5.815  1278 |         handler_msg("Requested owner api '%s' with args '%s'\n", path, args);
#18 5.815       |                                           ^~
#18 5.815 In function sprintf,
#18 5.815     inlined from ownerapi at /config/src/common/network/websocket.c:1278:9,
#18 5.815     inlined from do_handshake at /config/src/common/network/websocket.c:1993:21:
#18 5.815 /usr/include/x86_64-linux-gnu/bits/stdio2.h:30:10: note: __builtin___sprintf_chk output 37 or more bytes (assuming 4132) into a destination of size 1024
#18 5.815    30 |   return __builtin___sprintf_chk (__s, __USE_FORTIFY_LEVEL - 1,
#18 5.815       |          ^~~~~~~~~~~~~~~~~~~~~~~~~~~~~~~~~~~~~~~~~~~~~~~~~~~~~~
#18 5.815    31 |                                   __glibc_objsize (__s), __fmt,
#18 5.815       |                                   ~~~~~~~~~~~~~~~~~~~~~~~~~~~~~
#18 5.815    32 |                                   __va_arg_pack ());
#18 5.815       |                                   ~~~~~~~~~~~~~~~~~
#18 5.815 In function ownerapi,
#18 5.815     inlined from do_handshake at /config/src/common/network/websocket.c:1993:21:
#18 5.817 /config/src/common/network/websocket.c:1276:21: warning: %s directive writing up to 4095 bytes into a region of size 1003 [-Wformat-overflow=]
#18 5.817  1276 |         handler_msg("Requested owner api '%s' with args (skipped, includes password)\n", path);
#18 5.817       |                     ^~~~~~~~~~~~~~~~~~~~~~~~~~~~~~~~~~~~~~~~~~~~~~~~~~~~~~~~~~~~~~~~~~~  ~~~~
#18 5.817 /config/src/common/network/websocket.h:135:28: note: in definition of macro gen_handler_msg
#18 5.817   135 |         sprintf(logbuf[1], __VA_ARGS__); \
#18 5.817       |                            ^~~~~~~~~~~
#18 5.817 /config/src/common/network/websocket.c:1276:9: note: in expansion of macro handler_msg
#18 5.817  1276 |         handler_msg("Requested owner api '%s' with args (skipped, includes password)\n", path);
#18 5.817       |         ^~~~~~~~~~~
#18 5.817 /config/src/common/network/websocket.c: In function do_handshake:
#18 5.818 /config/src/common/network/websocket.c:1276:43: note: format string is defined here
#18 5.818  1276 |         handler_msg("Requested owner api '%s' with args (skipped, includes password)\n", path);
#18 5.818       |                                           ^~
#18 5.818 In function sprintf,
#18 5.818     inlined from ownerapi at /config/src/common/network/websocket.c:1276:9,
#18 5.818     inlined from do_handshake at /config/src/common/network/websocket.c:1993:21:
#18 5.818 /usr/include/x86_64-linux-gnu/bits/stdio2.h:30:10: note: __builtin___sprintf_chk output between 63 and 4158 bytes into a destination of size 1024
#18 5.818    30 |   return __builtin___sprintf_chk (__s, __USE_FORTIFY_LEVEL - 1,
#18 5.818       |          ^~~~~~~~~~~~~~~~~~~~~~~~~~~~~~~~~~~~~~~~~~~~~~~~~~~~~~
#18 5.818    31 |                                   __glibc_objsize (__s), __fmt,
#18 5.818       |                                   ~~~~~~~~~~~~~~~~~~~~~~~~~~~~~
#18 5.818    32 |                                   __va_arg_pack ());
#18 5.818       |                                   ~~~~~~~~~~~~~~~~~
#18 5.818 /config/src/common/network/websocket.c: In function do_handshake:
#18 5.819 /config/src/common/network/websocket.c:1690:31: warning: %s directive writing up to 255 bytes into a region of size between 0 and 4095 [-Wformat-overflow=]
#18 5.819  1690 |             sprintf(path, "%s/%s", allpath, ent->d_name);
#18 5.819       |                               ^~
#18 5.819 In function sprintf,
#18 5.819     inlined from ownerapi at /config/src/common/network/websocket.c:1690:13,
#18 5.819     inlined from do_handshake at /config/src/common/network/websocket.c:1993:21:
#18 5.820 /usr/include/x86_64-linux-gnu/bits/stdio2.h:30:10: note: __builtin___sprintf_chk output between 2 and 4352 bytes into a destination of size 4096
#18 5.820    30 |   return __builtin___sprintf_chk (__s, __USE_FORTIFY_LEVEL - 1,
#18 5.820       |          ^~~~~~~~~~~~~~~~~~~~~~~~~~~~~~~~~~~~~~~~~~~~~~~~~~~~~~
#18 5.820    31 |                                   __glibc_objsize (__s), __fmt,
#18 5.820       |                                   ~~~~~~~~~~~~~~~~~~~~~~~~~~~~~
#18 5.820    32 |                                   __va_arg_pack ());
#18 5.820       |                                   ~~~~~~~~~~~~~~~~~
#18 5.820 In function ownerapi_post,
#18 5.820     inlined from ownerapi at /config/src/common/network/websocket.c:1245:20,
#18 5.820     inlined from do_handshake at /config/src/common/network/websocket.c:1993:21:
#18 5.822 [ 33%] Building CXX object common/network/CMakeFiles/network.dir/webudp/WuHostEpoll.cpp.o
#18 5.822 /config/src/common/network/websocket.c:1072:17: warning: %s directive writing up to 4095 bytes into a region of size 998 [-Wformat-overflow=]
#18 5.822  1072 |     handler_msg("Requested owner POST api '%s'\n", path);
#18 5.822       |                 ^~~~~~~~~~~~~~~~~~~~~~~~~~~~~~~~~  ~~~~
#18 5.822 /config/src/common/network/websocket.h:135:28: note: in definition of macro gen_handler_msg
#18 5.822   135 |         sprintf(logbuf[1], __VA_ARGS__); \
#18 5.822       |                            ^~~~~~~~~~~
#18 5.822 /config/src/common/network/websocket.c:1072:5: note: in expansion of macro handler_msg
#18 5.822  1072 |     handler_msg("Requested owner POST api '%s'\n", path);
#18 5.822       |     ^~~~~~~~~~~
#18 5.822 /config/src/common/network/websocket.c: In function do_handshake:
#18 5.823 /config/src/common/network/websocket.c:1072:44: note: format string is defined here
#18 5.823  1072 |     handler_msg("Requested owner POST api '%s'\n", path);
#18 5.823       |                                            ^~
#18 5.823 In function sprintf,
#18 5.823     inlined from ownerapi_post at /config/src/common/network/websocket.c:1072:5,
#18 5.823     inlined from ownerapi at /config/src/common/network/websocket.c:1245:20,
#18 5.823     inlined from do_handshake at /config/src/common/network/websocket.c:1993:21:
#18 5.823 /usr/include/x86_64-linux-gnu/bits/stdio2.h:30:10: note: __builtin___sprintf_chk output between 29 and 4124 bytes into a destination of size 1024
#18 5.823    30 |   return __builtin___sprintf_chk (__s, __USE_FORTIFY_LEVEL - 1,
#18 5.823       |          ^~~~~~~~~~~~~~~~~~~~~~~~~~~~~~~~~~~~~~~~~~~~~~~~~~~~~~
#18 5.823    31 |                                   __glibc_objsize (__s), __fmt,
#18 5.823       |                                   ~~~~~~~~~~~~~~~~~~~~~~~~~~~~~
#18 5.823    32 |                                   __va_arg_pack ());
#18 5.823       |                                   ~~~~~~~~~~~~~~~~~
#18 5.856 /config/src/common/network/webudp/WuCrypto.cpp: In constructor WuCert::WuCert():
#18 5.856 /config/src/common/network/webudp/WuCrypto.cpp:16:21: warning: RSA* RSA_new() is deprecated: Since OpenSSL 3.0 [-Wdeprecated-declarations]
#18 5.856    16 |   RSA* rsa = RSA_new();
#18 5.856       |              ~~~~~~~^~
#18 5.856 In file included from /usr/include/openssl/x509.h:36,
#18 5.856                  from /config/src/common/network/webudp/WuCrypto.h:3,
#18 5.856                  from /config/src/common/network/webudp/WuCrypto.cpp:1:
#18 5.856 /usr/include/openssl/rsa.h:206:28: note: declared here
#18 5.856   206 | OSSL_DEPRECATEDIN_3_0 RSA *RSA_new(void);
#18 5.856       |                            ^~~~~~~
#18 5.857 /config/src/common/network/webudp/WuCrypto.cpp:25:22: warning: int RSA_generate_key_ex(RSA*, int, BIGNUM*, BN_GENCB*) is deprecated: Since OpenSSL 3.0 [-Wdeprecated-declarations]
#18 5.857    25 |   RSA_generate_key_ex(rsa, 2048, n, NULL);
#18 5.857       |   ~~~~~~~~~~~~~~~~~~~^~~~~~~~~~~~~~~~~~~~
#18 5.857 /usr/include/openssl/rsa.h:265:27: note: declared here
#18 5.857   265 | OSSL_DEPRECATEDIN_3_0 int RSA_generate_key_ex(RSA *rsa, int bits, BIGNUM *e,
#18 5.857       |                           ^~~~~~~~~~~~~~~~~~~
#18 5.857 /config/src/common/network/webudp/WuCrypto.cpp:31:17: warning: int BN_pseudo_rand(BIGNUM*, int, int, int) is deprecated: Since OpenSSL 3.0 [-Wdeprecated-declarations]
#18 5.857    31 |   BN_pseudo_rand(serial, 64, 0, 0);
#18 5.857       |   ~~~~~~~~~~~~~~^~~~~~~~~~~~~~~~~~
#18 5.858 In file included from /usr/include/openssl/params.h:16,
#18 5.858                  from /usr/include/openssl/evp.h:32,
#18 5.858                  from /usr/include/openssl/x509.h:29:
#18 5.858 /usr/include/openssl/bn.h:231:5: note: declared here
#18 5.858   231 | int BN_pseudo_rand(BIGNUM *rnd, int bits, int top, int bottom);
#18 5.858       |     ^~~~~~~~~~~~~~
#18 5.916 /config/src/common/network/webudp/WuHostEpoll.cpp:51:13: warning: void HandleErrno(WuHost*, const char*) defined but not used [-Wunused-function]
#18 5.916    51 | static void HandleErrno(WuHost* host, const char* description) {
#18 5.916       |             ^~~~~~~~~~~
#18 5.931 [ 34%] Building CXX object common/rfb/CMakeFiles/rfb.dir/Blacklist.cxx.o
#18 6.010 [ 35%] Building CXX object common/rfb/CMakeFiles/rfb.dir/Congestion.cxx.o
#18 6.018 /config/src/common/network/webudp/Wu.cpp: In function int32_t WuCreate(const char*, uint16_t, int, Wu**):
#18 6.018 /config/src/common/network/webudp/Wu.cpp:579:10: warning: char* __builtin_strncpy(char*, const char*, long unsigned int) specified bound 256 equals destination size [-Wstringop-truncation]
#18 6.018   579 |   strncpy(ctx->host, host, sizeof(ctx->host));
#18 6.018       |          ^
#18 6.076 [ 35%] Building CXX object common/rfb/CMakeFiles/rfb.dir/CConnection.cxx.o
#18 6.255 [ 36%] Building CXX object common/network/CMakeFiles/network.dir/webudp/WuNetwork.cpp.o
#18 6.280 [ 37%] Building CXX object common/rfb/CMakeFiles/rfb.dir/CMsgHandler.cxx.o
#18 6.300 [ 37%] Building CXX object common/network/CMakeFiles/network.dir/webudp/WuPool.cpp.o
#18 6.370 [ 38%] Building CXX object common/rfb/CMakeFiles/rfb.dir/CMsgReader.cxx.o
#18 6.377 [ 39%] Building CXX object common/network/CMakeFiles/network.dir/webudp/WuQueue.cpp.o
#18 6.466 [ 40%] Building CXX object common/network/CMakeFiles/network.dir/webudp/WuRng.cpp.o
#18 6.550 [ 41%] Building CXX object common/network/CMakeFiles/network.dir/webudp/WuSctp.cpp.o
#18 6.682 [ 41%] Building CXX object common/network/CMakeFiles/network.dir/webudp/WuSdp.cpp.o
#18 6.706 [ 41%] Building CXX object common/rfb/CMakeFiles/rfb.dir/CMsgWriter.cxx.o
#18 6.730 [ 42%] Building CXX object common/network/CMakeFiles/network.dir/webudp/WuString.cpp.o
#18 6.788 [ 44%] Building CXX object common/network/CMakeFiles/network.dir/webudp/WuStun.cpp.o
#18 6.788 [ 44%] Building CXX object common/rfb/CMakeFiles/rfb.dir/CSecurityPlain.cxx.o
#18 7.004 [ 45%] Building C object common/network/CMakeFiles/network.dir/__/__/unix/kasmvncpasswd/kasmpasswd.c.o
#18 7.036 [ 45%] Building CXX object common/network/CMakeFiles/network.dir/UnixSocket.cxx.o
#18 7.117 [ 46%] Building CXX object common/rfb/CMakeFiles/rfb.dir/CSecurityStack.cxx.o
#18 7.121 [ 47%] Building CXX object common/rfb/CMakeFiles/rfb.dir/CSecurityVeNCrypt.cxx.o
#18 7.277 [ 47%] Building CXX object common/rfb/CMakeFiles/rfb.dir/CSecurityVncAuth.cxx.o
#18 7.309 [ 48%] Linking CXX static library libnetwork.a
#18 7.319 [ 49%] Building CXX object common/rfb/CMakeFiles/rfb.dir/ComparingUpdateTracker.cxx.o
#18 7.442 [ 49%] Built target network
#18 7.455 [ 50%] Building CXX object common/rfb/CMakeFiles/rfb.dir/Configuration.cxx.o
#18 7.596 [ 50%] Building CXX object common/rfb/CMakeFiles/rfb.dir/ConnParams.cxx.o
#18 7.598 [ 51%] Building CXX object common/rfb/CMakeFiles/rfb.dir/CopyRectDecoder.cxx.o
#18 7.816 [ 52%] Building CXX object common/rfb/CMakeFiles/rfb.dir/Cursor.cxx.o
#18 7.834 [ 53%] Building CXX object common/rfb/CMakeFiles/rfb.dir/DecodeManager.cxx.o
#18 8.104 [ 53%] Building CXX object common/rfb/CMakeFiles/rfb.dir/Decoder.cxx.o
#18 8.145 [ 54%] Building C object common/rfb/CMakeFiles/rfb.dir/d3des.c.o
#18 8.264 [ 55%] Building CXX object common/rfb/CMakeFiles/rfb.dir/EncCache.cxx.o
#18 8.282 [ 55%] Building CXX object common/rfb/CMakeFiles/rfb.dir/EncodeManager.cxx.o
#18 8.290 [ 56%] Building CXX object common/rfb/CMakeFiles/rfb.dir/Encoder.cxx.o
#18 8.410 [ 57%] Building CXX object common/rfb/CMakeFiles/rfb.dir/HextileDecoder.cxx.o
#18 8.464 [ 58%] Building CXX object common/rfb/CMakeFiles/rfb.dir/HextileEncoder.cxx.o
#18 8.611 /config/src/common/rfb/EncodeManager.cxx: In member function void rfb::EncodeManager::writeRects(const rfb::Region&, const rfb::PixelBuffer*, const timeval*, bool):
#18 8.611 /config/src/common/rfb/EncodeManager.cxx:1277:31: warning: comparison of integer expressions of different signedness: unsigned int and int [-Wsign-compare]
#18 8.611  1277 |       if (framesSinceEncPrint >= rfb::Server::frameRate) {
#18 8.611       |           ~~~~~~~~~~~~~~~~~~~~^~~~~~~~~~~~~~~~~~~~~~~~~
#18 8.618 [ 58%] Building CXX object common/rfb/CMakeFiles/rfb.dir/JpegCompressor.cxx.o
#18 9.029 [ 59%] Building CXX object common/rfb/CMakeFiles/rfb.dir/JpegDecompressor.cxx.o
#18 9.078 [ 60%] Building CXX object common/rfb/CMakeFiles/rfb.dir/KeyRemapper.cxx.o
#18 9.175 [ 60%] Building CXX object common/rfb/CMakeFiles/rfb.dir/LogWriter.cxx.o
#18 9.323 [ 61%] Building CXX object common/rfb/CMakeFiles/rfb.dir/Logger.cxx.o
#18 9.410 [ 62%] Building CXX object common/rfb/CMakeFiles/rfb.dir/Logger_file.cxx.o
#18 9.465 [ 63%] Building CXX object common/rfb/CMakeFiles/rfb.dir/Logger_stdio.cxx.o
#18 9.534 [ 63%] Building CXX object common/rfb/CMakeFiles/rfb.dir/Password.cxx.o
#18 9.546 [ 64%] Building CXX object common/rfb/CMakeFiles/rfb.dir/PixelBuffer.cxx.o
#18 9.634 [ 65%] Building CXX object common/rfb/CMakeFiles/rfb.dir/PixelFormat.cxx.o
#18 9.743 [ 66%] Building CXX object common/rfb/CMakeFiles/rfb.dir/RREEncoder.cxx.o
#18 9.846 [ 66%] Building CXX object common/rfb/CMakeFiles/rfb.dir/RREDecoder.cxx.o
#18 10.28 [ 67%] Building CXX object common/rfb/CMakeFiles/rfb.dir/RawDecoder.cxx.o
#18 10.31 [ 68%] Building CXX object common/rfb/CMakeFiles/rfb.dir/RawEncoder.cxx.o
#18 10.53 [ 68%] Building CXX object common/rfb/CMakeFiles/rfb.dir/Region.cxx.o
#18 10.55 [ 69%] Building CXX object common/rfb/CMakeFiles/rfb.dir/SConnection.cxx.o
#18 10.65 [ 70%] Building CXX object common/rfb/CMakeFiles/rfb.dir/SMsgHandler.cxx.o
#18 10.76 In file included from /config/src/common/rfb/Region.cxx:31:
#18 10.76 /config/src/common/rfb/Region.cxx: In member function void rfb::Region::setExtentsAndOrderedRects(const rfb::ShortRect*, int, const rfb::ShortRect*):
#18 10.76 /config/src/common/Xregion/Xlibint.h:43:24: warning: pointer prevRects may be used after void* realloc(void*, size_t) [-Wuse-after-free]
#18 10.76    43 | #define Xfree(ptr) free((ptr))
#18 10.76       |                    ~~~~^~~~~~~
#18 10.76 /config/src/common/rfb/Region.cxx:127:7: note: in expansion of macro Xfree
#18 10.76   127 |       Xfree(prevRects);
#18 10.76       |       ^~~~~
#18 10.76 /config/src/common/Xregion/Xlibint.h:45:36: note: call to void* realloc(void*, size_t) here
#18 10.76    45 | #define Xrealloc(ptr, size) realloc((ptr), (size))
#18 10.76       |                             ~~~~~~~^~~~~~~~~~~~~~~
#18 10.76 /config/src/common/rfb/Region.cxx:124:25: note: in expansion of macro Xrealloc
#18 10.76   124 |     xrgn->rects = (BOX*)Xrealloc((char*)xrgn->rects, nRects * sizeof(BOX));
#18 10.76       |                         ^~~~~~~~
#18 10.89 [ 71%] Building CXX object common/rfb/CMakeFiles/rfb.dir/SMsgReader.cxx.o
#18 10.90 [ 71%] Building CXX object common/rfb/CMakeFiles/rfb.dir/SMsgWriter.cxx.o
#18 10.94 [ 72%] Building CXX object common/rfb/CMakeFiles/rfb.dir/ServerCore.cxx.o
#18 11.07 [ 73%] Building CXX object common/rfb/CMakeFiles/rfb.dir/Security.cxx.o
#18 11.48 [ 73%] Building CXX object common/rfb/CMakeFiles/rfb.dir/SecurityServer.cxx.o
#18 11.56 [ 74%] Building CXX object common/rfb/CMakeFiles/rfb.dir/SecurityClient.cxx.o
#18 11.63 [ 75%] Building CXX object common/rfb/CMakeFiles/rfb.dir/SelfBench.cxx.o
#18 11.72 [ 76%] Building CXX object common/rfb/CMakeFiles/rfb.dir/SSecurityPlain.cxx.o
#18 11.79 [ 76%] Building CXX object common/rfb/CMakeFiles/rfb.dir/SSecurityStack.cxx.o
#18 12.06 [ 77%] Building CXX object common/rfb/CMakeFiles/rfb.dir/SSecurityVncAuth.cxx.o
#18 12.11 [ 78%] Building CXX object common/rfb/CMakeFiles/rfb.dir/SSecurityVeNCrypt.cxx.o
#18 12.11 [ 78%] Building CXX object common/rfb/CMakeFiles/rfb.dir/ScaleFilters.cxx.o
#18 12.29 [ 79%] Building CXX object common/rfb/CMakeFiles/rfb.dir/Timer.cxx.o
#18 12.48 [ 80%] Building CXX object common/rfb/CMakeFiles/rfb.dir/TightDecoder.cxx.o
#18 12.57 [ 81%] Building CXX object common/rfb/CMakeFiles/rfb.dir/TightEncoder.cxx.o
#18 12.57 [ 81%] Building CXX object common/rfb/CMakeFiles/rfb.dir/TightJPEGEncoder.cxx.o
#18 12.96 [ 82%] Building CXX object common/rfb/CMakeFiles/rfb.dir/TightWEBPEncoder.cxx.o
#18 13.06 [ 83%] Building CXX object common/rfb/CMakeFiles/rfb.dir/TightQOIEncoder.cxx.o
#18 13.22 [ 84%] Building CXX object common/rfb/CMakeFiles/rfb.dir/UpdateTracker.cxx.o
#18 13.33 [ 84%] Building CXX object common/rfb/CMakeFiles/rfb.dir/VNCSConnectionST.cxx.o
#18 13.45 [ 85%] Building CXX object common/rfb/CMakeFiles/rfb.dir/VNCServerST.cxx.o
#18 13.49 [ 86%] Building CXX object common/rfb/CMakeFiles/rfb.dir/ZRLEEncoder.cxx.o
#18 13.69 [ 86%] Building CXX object common/rfb/CMakeFiles/rfb.dir/ZRLEDecoder.cxx.o
#18 13.75 /config/src/common/rfb/VNCSConnectionST.cxx: In constructor rfb::VNCSConnectionST::VNCSConnectionST(rfb::VNCServerST*, network::Socket*, bool):
#18 13.75 /config/src/common/rfb/VNCSConnectionST.cxx:92:64: warning: comparison of integer expressions of different signedness: long int and long unsigned int [-Wsign-compare]
#18 13.75    92 |   if (at && at - peerEndpoint.buf > 1 && at - peerEndpoint.buf < USERNAME_LEN) {
#18 14.28 [ 87%] Building CXX object common/rfb/CMakeFiles/rfb.dir/Watermark.cxx.o
#18 14.73 /config/src/common/rfb/Watermark.cxx: In function bool drawtext(const char*, int16_t, const char*, uint8_t):
#18 14.73 /config/src/common/rfb/Watermark.cxx:356:30: warning: format not a string literal, format string not checked [-Wformat-nonliteral]
#18 14.73   356 |         size_t len = strftime(buf, PATH_MAX, fmt, tm);
#18 14.73       |                      ~~~~~~~~^~~~~~~~~~~~~~~~~~~~~~~~
#18 14.75 [ 88%] Building CXX object common/rfb/CMakeFiles/rfb.dir/cpuid.cxx.o
#18 14.81 [ 89%] Building CXX object common/rfb/CMakeFiles/rfb.dir/encodings.cxx.o
#18 14.87 [ 89%] Building CXX object common/rfb/CMakeFiles/rfb.dir/util.cxx.o
#18 14.92 /config/src/common/rfb/VNCSConnectionST.cxx: In constructor rfb::VNCSConnectionST::VNCSConnectionST(rfb::VNCServerST*, network::Socket*, bool):
#18 14.92 /config/src/common/rfb/VNCSConnectionST.cxx:86:12: warning: char* __builtin_strncpy(char*, const char*, long unsigned int) specified bound 4096 equals destination size [-Wstringop-truncation]
#18 14.92    86 |     strncpy(kasmpasswdpath, wexp.we_wordv[0], 4096);
#18 14.92       |            ^
#18 15.08 [ 90%] Building C object common/rfb/CMakeFiles/rfb.dir/xxhash.c.o
#18 15.15 [ 91%] Building CXX object common/rfb/CMakeFiles/rfb.dir/Logger_syslog.cxx.o
#18 15.24 [ 91%] Building CXX object common/rfb/CMakeFiles/rfb.dir/UnixPasswordValidator.cxx.o
#18 15.33 [ 92%] Building C object common/rfb/CMakeFiles/rfb.dir/pam.c.o
#18 15.41 [ 93%] Building CXX object common/rfb/CMakeFiles/rfb.dir/scale_sse2.cxx.o
#18 15.56 [ 94%] Linking CXX static library librfb.a
#18 15.73 [ 94%] Built target rfb
#18 15.75 [ 95%] Building CXX object unix/vncpasswd/CMakeFiles/vncpasswd.dir/vncpasswd.cxx.o
#18 15.75 [ 96%] Building C object unix/vncconfig/CMakeFiles/vncconfig.dir/buildtime.c.o
#18 15.75 [ 97%] Building C object unix/vncconfig/CMakeFiles/vncconfig.dir/vncExt.c.o
#18 15.75 [ 98%] Building CXX object unix/vncconfig/CMakeFiles/vncconfig.dir/vncconfig.cxx.o
#18 15.78 [ 98%] Building CXX object unix/vncconfig/CMakeFiles/vncconfig.dir/QueryConnectDialog.cxx.o
#18 15.92 [ 99%] Linking CXX executable vncpasswd
#18 15.94 /usr/bin/ld: cannot find -lturbojpeg: No such file or directory
#18 15.97 collect2: error: ld returned 1 exit status
#18 15.98 make[2]: *** [unix/vncpasswd/CMakeFiles/vncpasswd.dir/build.make:107: unix/vncpasswd/vncpasswd] Error 1
#18 15.98 make[1]: *** [CMakeFiles/Makefile2:610: unix/vncpasswd/CMakeFiles/vncpasswd.dir/all] Error 2
#18 15.98 make[1]: *** Waiting for unfinished jobs....
#18 16.24 [100%] Linking CXX executable vncconfig
#18 16.26 /usr/bin/ld: cannot find -lturbojpeg: No such file or directory
#18 16.28 collect2: error: ld returned 1 exit status
#18 16.28 make[2]: *** [unix/vncconfig/CMakeFiles/vncconfig.dir/build.make:155: unix/vncconfig/vncconfig] Error 1
#18 16.28 make[1]: *** [CMakeFiles/Makefile2:580: unix/vncconfig/CMakeFiles/vncconfig.dir/all] Error 2
#18 16.28 make: *** [Makefile:136: all] Error 2
#18 ERROR: process "/bin/bash -o pipefail -c echo \"**** build kasmvnc ****\" &&   git clone https://github.com/kasmtech/KasmVNC.git src &&   cd src &&   git checkout -f ${KASMVNC_COMMIT} &&   sed -i     -e '/find_package(FLTK/s@^@#@'     -e '/add_subdirectory(tests/s@^@#@'     CMakeLists.txt &&   cmake     -DCMAKE_BUILD_TYPE=RelWithDebInfo     -DBUILD_VIEWER:BOOL=OFF     -DENABLE_GNUTLS:BOOL=OFF     . &&   make -j4 &&   echo \"**** build xorg ****\" &&   XORG_VER=\"21.1.14\" &&   wget --no-check-certificate     -O /tmp/xorg-server-${XORG_VER}.tar.gz     \"https://www.x.org/archive/individual/xserver/xorg-server-${XORG_VER}.tar.gz\" &&   tar --strip-components=1     -C unix/xserver     -xf /tmp/xorg-server-${XORG_VER}.tar.gz &&   cd unix/xserver &&   patch -Np1 -i ../xserver21.patch &&   patch -s -p0 < ../CVE-2022-2320-v1.20.patch &&   autoreconf -i &&   ./configure     --disable-config-hal     --disable-config-udev     --disable-dmx     --disable-dri     --disable-dri2     --disable-kdrive     --disable-static     --disable-xephyr     --disable-xinerama     --disable-xnest     --disable-xorg     --disable-xvfb     --disable-xwayland     --disable-xwin     --enable-dri3     --enable-glx     --prefix=/opt/kasmweb     --with-default-font-path=\"/usr/share/fonts/X11/misc,/usr/share/fonts/X11/cyrillic,/usr/share/fonts/X11/100dpi/:unscaled,/usr/share/fonts/X11/75dpi/:unscaled,/usr/share/fonts/X11/Type1,/usr/share/fonts/X11/100dpi,/usr/share/fonts/X11/75dpi,built-ins\"     --without-dtrace     --with-sha1=libcrypto     --with-xkb-bin-directory=/usr/bin     --with-xkb-output=/var/lib/xkb     --with-xkb-path=/usr/share/X11/xkb &&   find . -name \"Makefile\" -exec sed -i 's/-Werror=array-bounds//g' {} \\; &&   make -j4" did not complete successfully: exit code: 2
------
 > [buildstage 5/6] RUN   echo "**** build kasmvnc ****" &&   git clone https://github.com/kasmtech/KasmVNC.git src &&   cd src &&   git checkout -f e04731870baebd2784983fb48197a2416c7d3519 &&   sed -i     -e '/find_package(FLTK/s@^@#@'     -e '/add_subdirectory(tests/s@^@#@'     CMakeLists.txt &&   cmake     -DCMAKE_BUILD_TYPE=RelWithDebInfo     -DBUILD_VIEWER:BOOL=OFF     -DENABLE_GNUTLS:BOOL=OFF     . &&   make -j4 &&   echo "**** build xorg ****" &&   XORG_VER="21.1.14" &&   wget --no-check-certificate     -O /tmp/xorg-server-${XORG_VER}.tar.gz     "https://www.x.org/archive/individual/xserver/xorg-server-${XORG_VER}.tar.gz" &&   tar --strip-components=1     -C unix/xserver     -xf /tmp/xorg-server-${XORG_VER}.tar.gz &&   cd unix/xserver &&   patch -Np1 -i ../xserver21.patch &&   patch -s -p0 < ../CVE-2022-2320-v1.20.patch &&   autoreconf -i &&   ./configure     --disable-config-hal     --disable-config-udev     --disable-dmx     --disable-dri     --disable-dri2     --disable-kdrive     --disable-static     --disable-xephyr     --disable-xinerama     --disable-xnest     --disable-xorg     --disable-xvfb     --disable-xwayland     --disable-xwin     --enable-dri3     --enable-glx     --prefix=/opt/kasmweb     --with-default-font-path="/usr/share/fonts/X11/misc,/usr/share/fonts/X11/cyrillic,/usr/share/fonts/X11/100dpi/:unscaled,/usr/share/fonts/X11/75dpi/:unscaled,/usr/share/fonts/X11/Type1,/usr/share/fonts/X11/100dpi,/usr/share/fonts/X11/75dpi,built-ins"     --without-dtrace     --with-sha1=libcrypto     --with-xkb-bin-directory=/usr/bin     --with-xkb-output=/var/lib/xkb     --with-xkb-path=/usr/share/X11/xkb &&   find . -name "Makefile" -exec sed -i 's/-Werror=array-bounds//g' {} ; &&   make -j4:
15.97 collect2: error: ld returned 1 exit status
15.98 make[2]: *** [unix/vncpasswd/CMakeFiles/vncpasswd.dir/build.make:107: unix/vncpasswd/vncpasswd] Error 1
15.98 make[1]: *** [CMakeFiles/Makefile2:610: unix/vncpasswd/CMakeFiles/vncpasswd.dir/all] Error 2
15.98 make[1]: *** Waiting for unfinished jobs....
16.24 [100%] Linking CXX executable vncconfig
16.26 /usr/bin/ld: cannot find -lturbojpeg: No such file or directory
16.28 collect2: error: ld returned 1 exit status
16.28 make[2]: *** [unix/vncconfig/CMakeFiles/vncconfig.dir/build.make:155: unix/vncconfig/vncconfig] Error 1
16.28 make[1]: *** [CMakeFiles/Makefile2:580: unix/vncconfig/CMakeFiles/vncconfig.dir/all] Error 2
16.28 make: *** [Makefile:136: all] Error 2
------
Dockerfile:96
--------------------
  95 |     
  96 | >>> RUN \
  97 | >>>   echo "**** build kasmvnc ****" && \
  98 | >>>   git clone https://github.com/kasmtech/KasmVNC.git src && \
  99 | >>>   cd src && \
 100 | >>>   git checkout -f ${KASMVNC_COMMIT} && \
 101 | >>>   sed -i \
 102 | >>>     -e '/find_package(FLTK/s@^@#@' \
 103 | >>>     -e '/add_subdirectory(tests/s@^@#@' \
 104 | >>>     CMakeLists.txt && \
 105 | >>>   cmake \
 106 | >>>     -DCMAKE_BUILD_TYPE=RelWithDebInfo \
 107 | >>>     -DBUILD_VIEWER:BOOL=OFF \
 108 | >>>     -DENABLE_GNUTLS:BOOL=OFF \
 109 | >>>     . && \
 110 | >>>   make -j4 && \
 111 | >>>   echo "**** build xorg ****" && \
 112 | >>>   XORG_VER="21.1.14" && \
 113 | >>>   wget --no-check-certificate \
 114 | >>>     -O /tmp/xorg-server-${XORG_VER}.tar.gz \
 115 | >>>     "https://www.x.org/archive/individual/xserver/xorg-server-${XORG_VER}.tar.gz" && \
 116 | >>>   tar --strip-components=1 \
 117 | >>>     -C unix/xserver \
 118 | >>>     -xf /tmp/xorg-server-${XORG_VER}.tar.gz && \
 119 | >>>   cd unix/xserver && \
 120 | >>>   patch -Np1 -i ../xserver21.patch && \
 121 | >>>   patch -s -p0 < ../CVE-2022-2320-v1.20.patch && \
 122 | >>>   autoreconf -i && \
 123 | >>>   ./configure \
 124 | >>>     --disable-config-hal \
 125 | >>>     --disable-config-udev \
 126 | >>>     --disable-dmx \
 127 | >>>     --disable-dri \
 128 | >>>     --disable-dri2 \
 129 | >>>     --disable-kdrive \
 130 | >>>     --disable-static \
 131 | >>>     --disable-xephyr \
 132 | >>>     --disable-xinerama \
 133 | >>>     --disable-xnest \
 134 | >>>     --disable-xorg \
 135 | >>>     --disable-xvfb \
 136 | >>>     --disable-xwayland \
 137 | >>>     --disable-xwin \
 138 | >>>     --enable-dri3 \
 139 | >>>     --enable-glx \
 140 | >>>     --prefix=/opt/kasmweb \
 141 | >>>     --with-default-font-path="/usr/share/fonts/X11/misc,/usr/share/fonts/X11/cyrillic,/usr/share/fonts/X11/100dpi/:unscaled,/usr/share/fonts/X11/75dpi/:unscaled,/usr/share/fonts/X11/Type1,/usr/share/fonts/X11/100dpi,/usr/share/fonts/X11/75dpi,built-ins" \
 142 | >>>     --without-dtrace \
 143 | >>>     --with-sha1=libcrypto \
 144 | >>>     --with-xkb-bin-directory=/usr/bin \
 145 | >>>     --with-xkb-output=/var/lib/xkb \
 146 | >>>     --with-xkb-path=/usr/share/X11/xkb && \
 147 | >>>   find . -name "Makefile" -exec sed -i 's/-Werror=array-bounds//g' {} \; && \
 148 | >>>   make -j4
 149 |     
--------------------
ERROR: failed to solve: process "/bin/bash -o pipefail -c echo \"**** build kasmvnc ****\" &&   git clone https://github.com/kasmtech/KasmVNC.git src &&   cd src &&   git checkout -f ${KASMVNC_COMMIT} &&   sed -i     -e '/find_package(FLTK/s@^@#@'     -e '/add_subdirectory(tests/s@^@#@'     CMakeLists.txt &&   cmake     -DCMAKE_BUILD_TYPE=RelWithDebInfo     -DBUILD_VIEWER:BOOL=OFF     -DENABLE_GNUTLS:BOOL=OFF     . &&   make -j4 &&   echo \"**** build xorg ****\" &&   XORG_VER=\"21.1.14\" &&   wget --no-check-certificate     -O /tmp/xorg-server-${XORG_VER}.tar.gz     \"https://www.x.org/archive/individual/xserver/xorg-server-${XORG_VER}.tar.gz\" &&   tar --strip-components=1     -C unix/xserver     -xf /tmp/xorg-server-${XORG_VER}.tar.gz &&   cd unix/xserver &&   patch -Np1 -i ../xserver21.patch &&   patch -s -p0 < ../CVE-2022-2320-v1.20.patch &&   autoreconf -i &&   ./configure     --disable-config-hal     --disable-config-udev     --disable-dmx     --disable-dri     --disable-dri2     --disable-kdrive     --disable-static     --disable-xephyr     --disable-xinerama     --disable-xnest     --disable-xorg     --disable-xvfb     --disable-xwayland     --disable-xwin     --enable-dri3     --enable-glx     --prefix=/opt/kasmweb     --with-default-font-path=\"/usr/share/fonts/X11/misc,/usr/share/fonts/X11/cyrillic,/usr/share/fonts/X11/100dpi/:unscaled,/usr/share/fonts/X11/75dpi/:unscaled,/usr/share/fonts/X11/Type1,/usr/share/fonts/X11/100dpi,/usr/share/fonts/X11/75dpi,built-ins\"     --without-dtrace     --with-sha1=libcrypto     --with-xkb-bin-directory=/usr/bin     --with-xkb-output=/var/lib/xkb     --with-xkb-path=/usr/share/X11/xkb &&   find . -name \"Makefile\" -exec sed -i 's/-Werror=array-bounds//g' {} \\; &&   make -j4" did not complete successfully: exit code: 2
