#0 building with "default" instance using docker driver

#1 [internal] load local bake definitions
#1 reading docker-bake.hcl 816B / 816B done
#1 DONE 0.0s

#2 [internal] load build definition from Dockerfile
#2 transferring dockerfile: 1.82kB done
#2 DONE 0.0s

#3 [internal] load metadata for ghcr.io/astral-sh/uv:0.9.10@sha256:29bd45092ea8902c0bbb7f0a338f0494a382b1f4b18355df5be270ade679ff1d
#3 DONE 0.0s

#4 [internal] load metadata for ghcr.io/trueforge-org/python:3.13.12
#4 DONE 0.2s

#5 [internal] load .dockerignore
#5 transferring context: 2B done
#5 DONE 0.0s

#6 FROM ghcr.io/astral-sh/uv:0.9.10@sha256:29bd45092ea8902c0bbb7f0a338f0494a382b1f4b18355df5be270ade679ff1d
#6 resolve ghcr.io/astral-sh/uv:0.9.10@sha256:29bd45092ea8902c0bbb7f0a338f0494a382b1f4b18355df5be270ade679ff1d 0.0s done
#6 DONE 0.0s

#7 [stage-0 1/6] FROM ghcr.io/trueforge-org/python:3.13.12@sha256:0c2ff68fa63566e2fcbe025b58c229a612b4eba0377a0dc77b4b820a7d0c2ffd
#7 resolve ghcr.io/trueforge-org/python:3.13.12@sha256:0c2ff68fa63566e2fcbe025b58c229a612b4eba0377a0dc77b4b820a7d0c2ffd 0.0s done
#7 DONE 0.0s

#8 [stage-0 2/6] COPY --from=ghcr.io/astral-sh/uv:0.9.10@sha256:29bd45092ea8902c0bbb7f0a338f0494a382b1f4b18355df5be270ade679ff1d /uv /uvx /bin/
#8 CACHED

#9 [internal] load build context
#9 transferring context: 769B done
#9 DONE 0.0s

#10 [stage-0 3/6] RUN     echo "**** install packages ****" &&     apt-get update &&     apt-get install -y --no-install-recommends         build-essential         libffi-dev         p7zip-full         libboost-system-dev         libboost-python-dev         libstdc++6         nodejs &&     echo "**** install flexget ****" &&     mkdir -p /run/flexget-temp /data &&     mkdir -p /app/flexget &&     (curl -fL -o /tmp/flexget.tar.gz "https://github.com/Flexget/Flexget/archive/refs/tags/v3.18.24.tar.gz" || curl -fL -o /tmp/flexget.tar.gz "https://github.com/Flexget/Flexget/archive/refs/tags/3.18.24.tar.gz" || curl -fL -o /tmp/flexget.tar.gz "https://github.com/Flexget/Flexget/archive/refs/heads/main.tar.gz") &&     tar xf         /tmp/flexget.tar.gz -C         /app/flexget --strip-components=1 &&     cd /app/flexget &&     uv venv /config/venv &&     uv run scripts/bundle_webui.py &&     uv sync --frozen --no-dev --no-cache --group=all &&     uv pip install pip &&     echo "**** cleanup ****" &&     apt-get remove --purge -y build-essential libffi-dev &&     apt-get autoremove -y &&     apt-get clean &&     rm -rf         /tmp/*         /config/.cache         /var/lib/apt/lists/*
#10 0.158 **** install packages ****
#10 0.431 Get:1 http://security.ubuntu.com/ubuntu noble-security InRelease [126 kB]
#10 0.593 Get:2 http://archive.ubuntu.com/ubuntu noble InRelease [256 kB]
#10 0.612 Get:3 http://security.ubuntu.com/ubuntu noble-security/restricted amd64 Packages [3,157 kB]
#10 0.786 Get:4 http://security.ubuntu.com/ubuntu noble-security/universe amd64 Packages [1,205 kB]
#10 0.822 Get:5 http://security.ubuntu.com/ubuntu noble-security/multiverse amd64 Packages [34.8 kB]
#10 0.850 Get:6 http://security.ubuntu.com/ubuntu noble-security/main amd64 Packages [1,843 kB]
#10 1.181 Get:7 http://archive.ubuntu.com/ubuntu noble-updates InRelease [126 kB]
#10 1.326 Get:8 http://archive.ubuntu.com/ubuntu noble-backports InRelease [126 kB]
#10 1.476 Get:9 http://archive.ubuntu.com/ubuntu noble/universe amd64 Packages [19.3 MB]
#10 2.402 Get:10 http://archive.ubuntu.com/ubuntu noble/multiverse amd64 Packages [331 kB]
#10 2.510 Get:11 http://archive.ubuntu.com/ubuntu noble/restricted amd64 Packages [117 kB]
#10 2.617 Get:12 http://archive.ubuntu.com/ubuntu noble/main amd64 Packages [1,808 kB]
#10 2.737 Get:13 http://archive.ubuntu.com/ubuntu noble-updates/main amd64 Packages [2,223 kB]
#10 2.860 Get:14 http://archive.ubuntu.com/ubuntu noble-updates/multiverse amd64 Packages [38.1 kB]
#10 2.967 Get:15 http://archive.ubuntu.com/ubuntu noble-updates/restricted amd64 Packages [3,330 kB]
#10 3.099 Get:16 http://archive.ubuntu.com/ubuntu noble-updates/universe amd64 Packages [2,015 kB]
#10 3.221 Get:17 http://archive.ubuntu.com/ubuntu noble-backports/universe amd64 Packages [34.6 kB]
#10 3.327 Get:18 http://archive.ubuntu.com/ubuntu noble-backports/main amd64 Packages [49.5 kB]
#10 3.348 Fetched 36.1 MB in 3s (11.4 MB/s)
#10 3.348 Reading package lists...
#10 4.175 Reading package lists...
#10 4.993 Building dependency tree...
#10 5.178 Reading state information...
#10 5.369 build-essential is already the newest version (12.10ubuntu1).
#10 5.369 libffi-dev is already the newest version (3.4.6-1build1).
#10 5.369 The following additional packages will be installed:
#10 5.370   7zip gcc-14-base libasan8 libatomic1 libboost-python1.83-dev
#10 5.370   libboost-python1.83.0 libboost-system1.83-dev libboost-system1.83.0
#10 5.370   libboost1.83-dev libcares2 libcc1-0 libgcc-s1 libgomp1 libhwasan0 libitm1
#10 5.370   libjs-jquery libjs-sphinxdoc libjs-underscore liblsan0 libnode109
#10 5.370   libpython3-dev libpython3.12-dev libpython3.12t64 libquadmath0 libtsan2
#10 5.370   libubsan1 libuv1t64 node-acorn node-busboy node-cjs-module-lexer node-undici
#10 5.371   node-xtend python3-dev python3.12-dev
#10 5.372 Suggested packages:
#10 5.372   7zip-standalone 7zip-rar libboost1.83-doc gccxml libboost-atomic1.83-dev
#10 5.372   libboost-chrono1.83-dev libboost-container1.83-dev libboost-context1.83-dev
#10 5.372   libboost-contract1.83-dev libboost-coroutine1.83-dev
#10 5.372   libboost-date-time1.83-dev libboost-exception1.83-dev libboost-fiber1.83-dev
#10 5.372   libboost-filesystem1.83-dev libboost-graph-parallel1.83-dev
#10 5.372   libboost-graph1.83-dev libboost-iostreams1.83-dev libboost-json1.83-dev
#10 5.372   libboost-locale1.83-dev libboost-log1.83-dev libboost-math1.83-dev
#10 5.372   libboost-mpi-python1.83-dev libboost-mpi1.83-dev libboost-nowide1.83-dev
#10 5.372   libboost-numpy1.83-dev libboost-program-options1.83-dev
#10 5.372   libboost-random1.83-dev libboost-regex1.83-dev
#10 5.372   libboost-serialization1.83-dev libboost-stacktrace1.83-dev
#10 5.372   libboost-test1.83-dev libboost-thread1.83-dev libboost-timer1.83-dev
#10 5.372   libboost-type-erasure1.83-dev libboost-url1.83-dev libboost-wave1.83-dev
#10 5.372   libboost1.83-tools-dev libmpfrc++-dev libntl-dev npm
#10 5.372 Recommended packages:
#10 5.372   javascript-common nodejs-doc
#10 5.504 The following NEW packages will be installed:
#10 5.505   7zip libboost-python-dev libboost-python1.83-dev libboost-python1.83.0
#10 5.505   libboost-system-dev libboost-system1.83-dev libboost-system1.83.0
#10 5.505   libboost1.83-dev libcares2 libjs-jquery libjs-sphinxdoc libjs-underscore
#10 5.506   libnode109 libpython3-dev libpython3.12-dev libpython3.12t64 libuv1t64
#10 5.506   node-acorn node-busboy node-cjs-module-lexer node-undici node-xtend nodejs
#10 5.506   p7zip-full python3-dev python3.12-dev
#10 5.507 The following packages will be upgraded:
#10 5.508   gcc-14-base libasan8 libatomic1 libcc1-0 libgcc-s1 libgomp1 libhwasan0
#10 5.509   libitm1 liblsan0 libquadmath0 libstdc++6 libtsan2 libubsan1
#10 5.633 13 upgraded, 26 newly installed, 0 to remove and 11 not upgraded.
#10 5.633 Need to get 46.8 MB of archives.
#10 5.633 After this operation, 273 MB of additional disk space will be used.
#10 5.633 Get:1 http://archive.ubuntu.com/ubuntu noble-updates/main amd64 libubsan1 amd64 14.2.0-4ubuntu2~24.04.1 [1,184 kB]
#10 5.748 Get:2 http://archive.ubuntu.com/ubuntu noble-updates/main amd64 libtsan2 amd64 14.2.0-4ubuntu2~24.04.1 [2,772 kB]
#10 5.876 Get:3 http://archive.ubuntu.com/ubuntu noble-updates/main amd64 gcc-14-base amd64 14.2.0-4ubuntu2~24.04.1 [51.0 kB]
#10 5.982 Get:4 http://archive.ubuntu.com/ubuntu noble-updates/main amd64 libstdc++6 amd64 14.2.0-4ubuntu2~24.04.1 [792 kB]
#10 6.094 Get:5 http://archive.ubuntu.com/ubuntu noble-updates/main amd64 libquadmath0 amd64 14.2.0-4ubuntu2~24.04.1 [153 kB]
#10 6.201 Get:6 http://archive.ubuntu.com/ubuntu noble-updates/main amd64 liblsan0 amd64 14.2.0-4ubuntu2~24.04.1 [1,322 kB]
#10 6.317 Get:7 http://archive.ubuntu.com/ubuntu noble-updates/main amd64 libitm1 amd64 14.2.0-4ubuntu2~24.04.1 [29.7 kB]
#10 6.423 Get:8 http://archive.ubuntu.com/ubuntu noble-updates/main amd64 libhwasan0 amd64 14.2.0-4ubuntu2~24.04.1 [1,641 kB]
#10 6.541 Get:9 http://archive.ubuntu.com/ubuntu noble-updates/main amd64 libgomp1 amd64 14.2.0-4ubuntu2~24.04.1 [148 kB]
#10 6.648 Get:10 http://archive.ubuntu.com/ubuntu noble-updates/main amd64 libcc1-0 amd64 14.2.0-4ubuntu2~24.04.1 [48.0 kB]
#10 6.754 Get:11 http://archive.ubuntu.com/ubuntu noble-updates/main amd64 libatomic1 amd64 14.2.0-4ubuntu2~24.04.1 [10.5 kB]
#10 6.861 Get:12 http://archive.ubuntu.com/ubuntu noble-updates/main amd64 libasan8 amd64 14.2.0-4ubuntu2~24.04.1 [3,027 kB]
#10 6.991 Get:13 http://archive.ubuntu.com/ubuntu noble-updates/main amd64 libgcc-s1 amd64 14.2.0-4ubuntu2~24.04.1 [78.4 kB]
#10 7.097 Get:14 http://archive.ubuntu.com/ubuntu noble/main amd64 libuv1t64 amd64 1.48.0-1.1build1 [97.3 kB]
#10 7.204 Get:15 http://archive.ubuntu.com/ubuntu noble/universe amd64 7zip amd64 23.01+dfsg-11 [1,846 kB]
#10 7.323 Get:16 http://archive.ubuntu.com/ubuntu noble-updates/main amd64 libboost1.83-dev amd64 1.83.0-2.1ubuntu3.2 [10.7 MB]
#10 7.652 Get:17 http://archive.ubuntu.com/ubuntu noble-updates/main amd64 libboost-python1.83.0 amd64 1.83.0-2.1ubuntu3.2 [312 kB]
#10 7.763 Get:18 http://archive.ubuntu.com/ubuntu noble-updates/main amd64 libpython3.12t64 amd64 3.12.3-1ubuntu0.11 [2,345 kB]
#10 7.923 Get:19 http://archive.ubuntu.com/ubuntu noble-updates/main amd64 libpython3.12-dev amd64 3.12.3-1ubuntu0.11 [5,683 kB]
#10 8.160 Get:20 http://archive.ubuntu.com/ubuntu noble-updates/main amd64 libpython3-dev amd64 3.12.3-0ubuntu2.1 [10.3 kB]
#10 8.266 Get:21 http://archive.ubuntu.com/ubuntu noble-updates/main amd64 python3.12-dev amd64 3.12.3-1ubuntu0.11 [498 kB]
#10 8.383 Get:22 http://archive.ubuntu.com/ubuntu noble/main amd64 libjs-jquery all 3.6.1+dfsg+~3.5.14-1 [328 kB]
#10 8.495 Get:23 http://archive.ubuntu.com/ubuntu noble/main amd64 libjs-underscore all 1.13.4~dfsg+~1.11.4-3 [118 kB]
#10 8.602 Get:24 http://archive.ubuntu.com/ubuntu noble/main amd64 libjs-sphinxdoc all 7.2.6-6 [149 kB]
#10 8.711 Get:25 http://archive.ubuntu.com/ubuntu noble-updates/main amd64 python3-dev amd64 3.12.3-0ubuntu2.1 [26.7 kB]
#10 8.817 Get:26 http://archive.ubuntu.com/ubuntu noble-updates/universe amd64 libboost-python1.83-dev amd64 1.83.0-2.1ubuntu3.2 [337 kB]
#10 8.929 Get:27 http://archive.ubuntu.com/ubuntu noble/universe amd64 libboost-python-dev amd64 1.83.0.1ubuntu2 [4,344 B]
#10 9.035 Get:28 http://archive.ubuntu.com/ubuntu noble-updates/main amd64 libboost-system1.83.0 amd64 1.83.0-2.1ubuntu3.2 [236 kB]
#10 9.145 Get:29 http://archive.ubuntu.com/ubuntu noble-updates/main amd64 libboost-system1.83-dev amd64 1.83.0-2.1ubuntu3.2 [231 kB]
#10 9.256 Get:30 http://archive.ubuntu.com/ubuntu noble/universe amd64 libboost-system-dev amd64 1.83.0.1ubuntu2 [4,206 B]
#10 9.362 Get:31 http://archive.ubuntu.com/ubuntu noble/main amd64 libcares2 amd64 1.27.0-1.0ubuntu1 [73.7 kB]
#10 9.468 Get:32 http://archive.ubuntu.com/ubuntu noble/universe amd64 node-xtend all 4.0.2-3 [3,902 B]
#10 9.574 Get:33 http://archive.ubuntu.com/ubuntu noble/universe amd64 nodejs amd64 18.19.1+dfsg-6ubuntu5 [306 kB]
#10 9.687 Get:34 http://archive.ubuntu.com/ubuntu noble/universe amd64 node-acorn all 8.8.1+ds+~cs25.17.7-2 [115 kB]
#10 9.794 Get:35 http://archive.ubuntu.com/ubuntu noble/universe amd64 node-cjs-module-lexer all 1.2.3+dfsg-1 [32.1 kB]
#10 9.901 Get:36 http://archive.ubuntu.com/ubuntu noble/universe amd64 node-busboy all 1.6.0+~cs2.6.0-2 [17.3 kB]
#10 10.01 Get:37 http://archive.ubuntu.com/ubuntu noble/universe amd64 node-undici all 5.26.3+dfsg1+~cs23.10.12-2 [325 kB]
#10 10.12 Get:38 http://archive.ubuntu.com/ubuntu noble/universe amd64 libnode109 amd64 18.19.1+dfsg-6ubuntu5 [11.6 MB]
#10 10.49 Get:39 http://archive.ubuntu.com/ubuntu noble/universe amd64 p7zip-full all 16.02+transitional.1 [2,500 B]
#10 10.62 debconf: delaying package configuration, since apt-utils is not installed
#10 10.65 Fetched 46.8 MB in 5s (9,392 kB/s)
#10 10.67 (Reading database ... (Reading database ... 5%(Reading database ... 10%(Reading database ... 15%(Reading database ... 20%(Reading database ... 25%(Reading database ... 30%(Reading database ... 35%(Reading database ... 40%(Reading database ... 45%(Reading database ... 50%(Reading database ... 55%(Reading database ... 60%(Reading database ... 65%(Reading database ... 70%(Reading database ... 75%(Reading database ... 80%(Reading database ... 85%(Reading database ... 90%(Reading database ... 95%(Reading database ... 100%(Reading database ... 20754 files and directories currently installed.)
#10 10.68 Preparing to unpack .../libubsan1_14.2.0-4ubuntu2~24.04.1_amd64.deb ...
#10 10.69 Unpacking libubsan1:amd64 (14.2.0-4ubuntu2~24.04.1) over (14.2.0-4ubuntu2~24.04) ...
#10 10.73 Preparing to unpack .../libtsan2_14.2.0-4ubuntu2~24.04.1_amd64.deb ...
#10 10.73 Unpacking libtsan2:amd64 (14.2.0-4ubuntu2~24.04.1) over (14.2.0-4ubuntu2~24.04) ...
#10 10.80 Preparing to unpack .../gcc-14-base_14.2.0-4ubuntu2~24.04.1_amd64.deb ...
#10 10.80 Unpacking gcc-14-base:amd64 (14.2.0-4ubuntu2~24.04.1) over (14.2.0-4ubuntu2~24.04) ...
#10 10.82 Setting up gcc-14-base:amd64 (14.2.0-4ubuntu2~24.04.1) ...
#10 10.84 (Reading database ... (Reading database ... 5%(Reading database ... 10%(Reading database ... 15%(Reading database ... 20%(Reading database ... 25%(Reading database ... 30%(Reading database ... 35%(Reading database ... 40%(Reading database ... 45%(Reading database ... 50%(Reading database ... 55%(Reading database ... 60%(Reading database ... 65%(Reading database ... 70%(Reading database ... 75%(Reading database ... 80%(Reading database ... 85%(Reading database ... 90%(Reading database ... 95%(Reading database ... 100%(Reading database ... 20754 files and directories currently installed.)
#10 10.85 Preparing to unpack .../libstdc++6_14.2.0-4ubuntu2~24.04.1_amd64.deb ...
#10 10.87 Unpacking libstdc++6:amd64 (14.2.0-4ubuntu2~24.04.1) over (14.2.0-4ubuntu2~24.04) ...
#10 10.91 Setting up libstdc++6:amd64 (14.2.0-4ubuntu2~24.04.1) ...
#10 10.93 (Reading database ... (Reading database ... 5%(Reading database ... 10%(Reading database ... 15%(Reading database ... 20%(Reading database ... 25%(Reading database ... 30%(Reading database ... 35%(Reading database ... 40%(Reading database ... 45%(Reading database ... 50%(Reading database ... 55%(Reading database ... 60%(Reading database ... 65%(Reading database ... 70%(Reading database ... 75%(Reading database ... 80%(Reading database ... 85%(Reading database ... 90%(Reading database ... 95%(Reading database ... 100%(Reading database ... 20754 files and directories currently installed.)
#10 10.95 Preparing to unpack .../0-libquadmath0_14.2.0-4ubuntu2~24.04.1_amd64.deb ...
#10 10.95 Unpacking libquadmath0:amd64 (14.2.0-4ubuntu2~24.04.1) over (14.2.0-4ubuntu2~24.04) ...
#10 10.97 Preparing to unpack .../1-liblsan0_14.2.0-4ubuntu2~24.04.1_amd64.deb ...
#10 10.97 Unpacking liblsan0:amd64 (14.2.0-4ubuntu2~24.04.1) over (14.2.0-4ubuntu2~24.04) ...
#10 11.02 Preparing to unpack .../2-libitm1_14.2.0-4ubuntu2~24.04.1_amd64.deb ...
#10 11.02 Unpacking libitm1:amd64 (14.2.0-4ubuntu2~24.04.1) over (14.2.0-4ubuntu2~24.04) ...
#10 11.04 Preparing to unpack .../3-libhwasan0_14.2.0-4ubuntu2~24.04.1_amd64.deb ...
#10 11.04 Unpacking libhwasan0:amd64 (14.2.0-4ubuntu2~24.04.1) over (14.2.0-4ubuntu2~24.04) ...
#10 11.09 Preparing to unpack .../4-libgomp1_14.2.0-4ubuntu2~24.04.1_amd64.deb ...
#10 11.09 Unpacking libgomp1:amd64 (14.2.0-4ubuntu2~24.04.1) over (14.2.0-4ubuntu2~24.04) ...
#10 11.11 Preparing to unpack .../5-libcc1-0_14.2.0-4ubuntu2~24.04.1_amd64.deb ...
#10 11.11 Unpacking libcc1-0:amd64 (14.2.0-4ubuntu2~24.04.1) over (14.2.0-4ubuntu2~24.04) ...
#10 11.13 Preparing to unpack .../6-libatomic1_14.2.0-4ubuntu2~24.04.1_amd64.deb ...
#10 11.13 Unpacking libatomic1:amd64 (14.2.0-4ubuntu2~24.04.1) over (14.2.0-4ubuntu2~24.04) ...
#10 11.15 Preparing to unpack .../7-libasan8_14.2.0-4ubuntu2~24.04.1_amd64.deb ...
#10 11.16 Unpacking libasan8:amd64 (14.2.0-4ubuntu2~24.04.1) over (14.2.0-4ubuntu2~24.04) ...
#10 11.23 Preparing to unpack .../8-libgcc-s1_14.2.0-4ubuntu2~24.04.1_amd64.deb ...
#10 11.23 Unpacking libgcc-s1:amd64 (14.2.0-4ubuntu2~24.04.1) over (14.2.0-4ubuntu2~24.04) ...
#10 11.26 Setting up libgcc-s1:amd64 (14.2.0-4ubuntu2~24.04.1) ...
#10 11.28 Selecting previously unselected package libuv1t64:amd64.
#10 11.28 (Reading database ... (Reading database ... 5%(Reading database ... 10%(Reading database ... 15%(Reading database ... 20%(Reading database ... 25%(Reading database ... 30%(Reading database ... 35%(Reading database ... 40%(Reading database ... 45%(Reading database ... 50%(Reading database ... 55%(Reading database ... 60%(Reading database ... 65%(Reading database ... 70%(Reading database ... 75%(Reading database ... 80%(Reading database ... 85%(Reading database ... 90%(Reading database ... 95%(Reading database ... 100%(Reading database ... 20754 files and directories currently installed.)
#10 11.29 Preparing to unpack .../00-libuv1t64_1.48.0-1.1build1_amd64.deb ...
#10 11.29 Unpacking libuv1t64:amd64 (1.48.0-1.1build1) ...
#10 11.31 Selecting previously unselected package 7zip.
#10 11.31 Preparing to unpack .../01-7zip_23.01+dfsg-11_amd64.deb ...
#10 11.31 Unpacking 7zip (23.01+dfsg-11) ...
#10 11.36 Selecting previously unselected package libboost1.83-dev:amd64.
#10 11.36 Preparing to unpack .../02-libboost1.83-dev_1.83.0-2.1ubuntu3.2_amd64.deb ...
#10 11.36 Unpacking libboost1.83-dev:amd64 (1.83.0-2.1ubuntu3.2) ...
#10 14.22 Selecting previously unselected package libboost-python1.83.0.
#10 14.23 Preparing to unpack .../03-libboost-python1.83.0_1.83.0-2.1ubuntu3.2_amd64.deb ...
#10 14.23 Unpacking libboost-python1.83.0 (1.83.0-2.1ubuntu3.2) ...
#10 14.25 Selecting previously unselected package libpython3.12t64:amd64.
#10 14.26 Preparing to unpack .../04-libpython3.12t64_3.12.3-1ubuntu0.11_amd64.deb ...
#10 14.26 Unpacking libpython3.12t64:amd64 (3.12.3-1ubuntu0.11) ...
#10 14.31 Selecting previously unselected package libpython3.12-dev:amd64.
#10 14.31 Preparing to unpack .../05-libpython3.12-dev_3.12.3-1ubuntu0.11_amd64.deb ...
#10 14.31 Unpacking libpython3.12-dev:amd64 (3.12.3-1ubuntu0.11) ...
#10 14.47 Selecting previously unselected package libpython3-dev:amd64.
#10 14.47 Preparing to unpack .../06-libpython3-dev_3.12.3-0ubuntu2.1_amd64.deb ...
#10 14.47 Unpacking libpython3-dev:amd64 (3.12.3-0ubuntu2.1) ...
#10 14.49 Selecting previously unselected package python3.12-dev.
#10 14.49 Preparing to unpack .../07-python3.12-dev_3.12.3-1ubuntu0.11_amd64.deb ...
#10 14.49 Unpacking python3.12-dev (3.12.3-1ubuntu0.11) ...
#10 14.51 Selecting previously unselected package libjs-jquery.
#10 14.51 Preparing to unpack .../08-libjs-jquery_3.6.1+dfsg+~3.5.14-1_all.deb ...
#10 14.52 Unpacking libjs-jquery (3.6.1+dfsg+~3.5.14-1) ...
#10 14.54 Selecting previously unselected package libjs-underscore.
#10 14.54 Preparing to unpack .../09-libjs-underscore_1.13.4~dfsg+~1.11.4-3_all.deb ...
#10 14.54 Unpacking libjs-underscore (1.13.4~dfsg+~1.11.4-3) ...
#10 14.56 Selecting previously unselected package libjs-sphinxdoc.
#10 14.56 Preparing to unpack .../10-libjs-sphinxdoc_7.2.6-6_all.deb ...
#10 14.56 Unpacking libjs-sphinxdoc (7.2.6-6) ...
#10 14.58 Selecting previously unselected package python3-dev.
#10 14.58 Preparing to unpack .../11-python3-dev_3.12.3-0ubuntu2.1_amd64.deb ...
#10 14.58 Unpacking python3-dev (3.12.3-0ubuntu2.1) ...
#10 14.60 Selecting previously unselected package libboost-python1.83-dev.
#10 14.60 Preparing to unpack .../12-libboost-python1.83-dev_1.83.0-2.1ubuntu3.2_amd64.deb ...
#10 14.60 Unpacking libboost-python1.83-dev (1.83.0-2.1ubuntu3.2) ...
#10 14.63 Selecting previously unselected package libboost-python-dev.
#10 14.64 Preparing to unpack .../13-libboost-python-dev_1.83.0.1ubuntu2_amd64.deb ...
#10 14.64 Unpacking libboost-python-dev (1.83.0.1ubuntu2) ...
#10 14.65 Selecting previously unselected package libboost-system1.83.0:amd64.
#10 14.65 Preparing to unpack .../14-libboost-system1.83.0_1.83.0-2.1ubuntu3.2_amd64.deb ...
#10 14.66 Unpacking libboost-system1.83.0:amd64 (1.83.0-2.1ubuntu3.2) ...
#10 14.68 Selecting previously unselected package libboost-system1.83-dev:amd64.
#10 14.68 Preparing to unpack .../15-libboost-system1.83-dev_1.83.0-2.1ubuntu3.2_amd64.deb ...
#10 14.68 Unpacking libboost-system1.83-dev:amd64 (1.83.0-2.1ubuntu3.2) ...
#10 14.71 Selecting previously unselected package libboost-system-dev:amd64.
#10 14.71 Preparing to unpack .../16-libboost-system-dev_1.83.0.1ubuntu2_amd64.deb ...
#10 14.71 Unpacking libboost-system-dev:amd64 (1.83.0.1ubuntu2) ...
#10 14.73 Selecting previously unselected package libcares2:amd64.
#10 14.73 Preparing to unpack .../17-libcares2_1.27.0-1.0ubuntu1_amd64.deb ...
#10 14.73 Unpacking libcares2:amd64 (1.27.0-1.0ubuntu1) ...
#10 14.75 Selecting previously unselected package node-xtend.
#10 14.75 Preparing to unpack .../18-node-xtend_4.0.2-3_all.deb ...
#10 14.75 Unpacking node-xtend (4.0.2-3) ...
#10 14.77 Selecting previously unselected package nodejs.
#10 14.77 Preparing to unpack .../19-nodejs_18.19.1+dfsg-6ubuntu5_amd64.deb ...
#10 14.77 Unpacking nodejs (18.19.1+dfsg-6ubuntu5) ...
#10 14.82 Selecting previously unselected package node-acorn.
#10 14.83 Preparing to unpack .../20-node-acorn_8.8.1+ds+~cs25.17.7-2_all.deb ...
#10 14.83 Unpacking node-acorn (8.8.1+ds+~cs25.17.7-2) ...
#10 14.86 Selecting previously unselected package node-cjs-module-lexer.
#10 14.87 Preparing to unpack .../21-node-cjs-module-lexer_1.2.3+dfsg-1_all.deb ...
#10 14.87 Unpacking node-cjs-module-lexer (1.2.3+dfsg-1) ...
#10 14.89 Selecting previously unselected package node-busboy.
#10 14.89 Preparing to unpack .../22-node-busboy_1.6.0+~cs2.6.0-2_all.deb ...
#10 14.89 Unpacking node-busboy (1.6.0+~cs2.6.0-2) ...
#10 14.91 Selecting previously unselected package node-undici.
#10 14.91 Preparing to unpack .../23-node-undici_5.26.3+dfsg1+~cs23.10.12-2_all.deb ...
#10 14.91 Unpacking node-undici (5.26.3+dfsg1+~cs23.10.12-2) ...
#10 14.96 Selecting previously unselected package libnode109:amd64.
#10 14.97 Preparing to unpack .../24-libnode109_18.19.1+dfsg-6ubuntu5_amd64.deb ...
#10 14.97 Unpacking libnode109:amd64 (18.19.1+dfsg-6ubuntu5) ...
#10 15.16 Selecting previously unselected package p7zip-full.
#10 15.16 Preparing to unpack .../25-p7zip-full_16.02+transitional.1_all.deb ...
#10 15.17 Unpacking p7zip-full (16.02+transitional.1) ...
#10 15.19 Setting up libboost-python1.83.0 (1.83.0-2.1ubuntu3.2) ...
#10 15.20 Setting up libboost1.83-dev:amd64 (1.83.0-2.1ubuntu3.2) ...
#10 15.20 Setting up libboost-system1.83.0:amd64 (1.83.0-2.1ubuntu3.2) ...
#10 15.20 Setting up libuv1t64:amd64 (1.48.0-1.1build1) ...
#10 15.20 Setting up node-cjs-module-lexer (1.2.3+dfsg-1) ...
#10 15.21 Setting up 7zip (23.01+dfsg-11) ...
#10 15.21 Setting up libgomp1:amd64 (14.2.0-4ubuntu2~24.04.1) ...
#10 15.21 Setting up libpython3.12t64:amd64 (3.12.3-1ubuntu0.11) ...
#10 15.21 Setting up libquadmath0:amd64 (14.2.0-4ubuntu2~24.04.1) ...
#10 15.22 Setting up libcares2:amd64 (1.27.0-1.0ubuntu1) ...
#10 15.22 Setting up libatomic1:amd64 (14.2.0-4ubuntu2~24.04.1) ...
#10 15.22 Setting up libubsan1:amd64 (14.2.0-4ubuntu2~24.04.1) ...
#10 15.22 Setting up libhwasan0:amd64 (14.2.0-4ubuntu2~24.04.1) ...
#10 15.22 Setting up libasan8:amd64 (14.2.0-4ubuntu2~24.04.1) ...
#10 15.23 Setting up libboost-system1.83-dev:amd64 (1.83.0-2.1ubuntu3.2) ...
#10 15.23 Setting up libtsan2:amd64 (14.2.0-4ubuntu2~24.04.1) ...
#10 15.23 Setting up libjs-jquery (3.6.1+dfsg+~3.5.14-1) ...
#10 15.24 Setting up node-xtend (4.0.2-3) ...
#10 15.24 Setting up libcc1-0:amd64 (14.2.0-4ubuntu2~24.04.1) ...
#10 15.24 Setting up liblsan0:amd64 (14.2.0-4ubuntu2~24.04.1) ...
#10 15.24 Setting up libitm1:amd64 (14.2.0-4ubuntu2~24.04.1) ...
#10 15.25 Setting up libjs-underscore (1.13.4~dfsg+~1.11.4-3) ...
#10 15.25 Setting up node-busboy (1.6.0+~cs2.6.0-2) ...
#10 15.25 Setting up libboost-system-dev:amd64 (1.83.0.1ubuntu2) ...
#10 15.25 Setting up libpython3.12-dev:amd64 (3.12.3-1ubuntu0.11) ...
#10 15.26 Setting up p7zip-full (16.02+transitional.1) ...
#10 15.26 Setting up python3.12-dev (3.12.3-1ubuntu0.11) ...
#10 15.27 Setting up libjs-sphinxdoc (7.2.6-6) ...
#10 15.27 Setting up node-undici (5.26.3+dfsg1+~cs23.10.12-2) ...
#10 15.27 Setting up libpython3-dev:amd64 (3.12.3-0ubuntu2.1) ...
#10 15.27 Setting up python3-dev (3.12.3-0ubuntu2.1) ...
#10 15.27 Setting up libboost-python1.83-dev (1.83.0-2.1ubuntu3.2) ...
#10 15.28 Setting up libboost-python-dev (1.83.0.1ubuntu2) ...
#10 15.28 Setting up node-acorn (8.8.1+ds+~cs25.17.7-2) ...
#10 15.28 Setting up libnode109:amd64 (18.19.1+dfsg-6ubuntu5) ...
#10 15.28 Setting up nodejs (18.19.1+dfsg-6ubuntu5) ...
#10 15.29 update-alternatives: using /usr/bin/nodejs to provide /usr/bin/js (js) in auto mode
#10 15.29 update-alternatives: warning: skip creation of /usr/share/man/man1/js.1.gz because associated file /usr/share/man/man1/nodejs.1.gz (of link group js) doesn't exist
#10 15.29 Processing triggers for libc-bin (2.39-0ubuntu8.7) ...
#10 15.34 **** install flexget ****
#10 15.35   % Total    % Received % Xferd  Average Speed   Time    Time     Time  Current
#10 15.35                                  Dload  Upload   Total   Spent    Left  Speed
#10 15.35   0     0    0     0    0     0      0      0 --:--:-- --:--:-- --:--:--     0  0     0    0     0    0     0      0      0 --:--:-- --:--:-- --:--:--     0
#10 16.29 100 8280k    0 8280k    0     0  8838k      0 --:--:-- --:--:-- --:--:-- 8838k100 20.0M    0 20.0M    0     0  10.2M      0 --:--:--  0:00:01 --:--:-- 11.7M100 26.5M    0 26.5M    0     0  9164k      0 --:--:--  0:00:02 --:--:-- 9316k100 28.4M    0 28.4M    0     0  8901k      0 --:--:--  0:00:03 --:--:-- 8929k
#10 19.21 warning: The `--system` flag has no effect, a system Python interpreter is always used in `uv venv`
#10 19.39 Using CPython 3.13.12 interpreter at: /usr/local/bin/python3
#10 19.39 Creating virtual environment at: /config/venv
#10 19.40 Activate with: source /config/venv/bin/activate
#10 142.2 error: Failed to fetch: `https://wheel-index.linuxserver.io/ubuntu/requests/`
#10 142.2   Caused by: Request failed after 3 retries
#10 142.2   Caused by: error sending request for url (https://wheel-index.linuxserver.io/ubuntu/requests/)
#10 142.2   Caused by: operation timed out
#10 ERROR: process "/bin/bash -o pipefail -c echo \"**** install packages ****\" &&     apt-get update &&     apt-get install -y --no-install-recommends         build-essential         libffi-dev         p7zip-full         libboost-system-dev         libboost-python-dev         libstdc++6         nodejs &&     echo \"**** install flexget ****\" &&     mkdir -p /run/flexget-temp /data &&     mkdir -p /app/flexget &&     (curl -fL -o /tmp/flexget.tar.gz \"https://github.com/Flexget/Flexget/archive/refs/tags/v${VERSION}.tar.gz\" || curl -fL -o /tmp/flexget.tar.gz \"https://github.com/Flexget/Flexget/archive/refs/tags/${VERSION}.tar.gz\" || curl -fL -o /tmp/flexget.tar.gz \"https://github.com/Flexget/Flexget/archive/refs/heads/main.tar.gz\") &&     tar xf         /tmp/flexget.tar.gz -C         /app/flexget --strip-components=1 &&     cd /app/flexget &&     uv venv /config/venv &&     uv run scripts/bundle_webui.py &&     uv sync --frozen --no-dev --no-cache --group=all &&     uv pip install pip &&     echo \"**** cleanup ****\" &&     apt-get remove --purge -y build-essential libffi-dev &&     apt-get autoremove -y &&     apt-get clean &&     rm -rf         /tmp/*         $HOME/.cache         /var/lib/apt/lists/*" did not complete successfully: exit code: 2
------
 > [stage-0 3/6] RUN     echo "**** install packages ****" &&     apt-get update &&     apt-get install -y --no-install-recommends         build-essential         libffi-dev         p7zip-full         libboost-system-dev         libboost-python-dev         libstdc++6         nodejs &&     echo "**** install flexget ****" &&     mkdir -p /run/flexget-temp /data &&     mkdir -p /app/flexget &&     (curl -fL -o /tmp/flexget.tar.gz "https://github.com/Flexget/Flexget/archive/refs/tags/v3.18.24.tar.gz" || curl -fL -o /tmp/flexget.tar.gz "https://github.com/Flexget/Flexget/archive/refs/tags/3.18.24.tar.gz" || curl -fL -o /tmp/flexget.tar.gz "https://github.com/Flexget/Flexget/archive/refs/heads/main.tar.gz") &&     tar xf         /tmp/flexget.tar.gz -C         /app/flexget --strip-components=1 &&     cd /app/flexget &&     uv venv /config/venv &&     uv run scripts/bundle_webui.py &&     uv sync --frozen --no-dev --no-cache --group=all &&     uv pip install pip &&     echo "**** cleanup ****" &&     apt-get remove --purge -y build-essential libffi-dev &&     apt-get autoremove -y &&     apt-get clean &&     rm -rf         /tmp/*         /config/.cache         /var/lib/apt/lists/*:
-:--:-- --:--:--     0
100 28.4M    0 28.4M    0     0  8901k      0 --:--:--  0:00:03 --:--:-- 8929k
19.21 warning: The `--system` flag has no effect, a system Python interpreter is always used in `uv venv`
19.39 Using CPython 3.13.12 interpreter at: /usr/local/bin/python3
19.39 Creating virtual environment at: /config/venv
19.40 Activate with: source /config/venv/bin/activate
142.2 error: Failed to fetch: `https://wheel-index.linuxserver.io/ubuntu/requests/`
142.2   Caused by: Request failed after 3 retries
142.2   Caused by: error sending request for url (https://wheel-index.linuxserver.io/ubuntu/requests/)
142.2   Caused by: operation timed out
------
Dockerfile:18
--------------------
  17 |     
  18 | >>> RUN \
  19 | >>>     echo "**** install packages ****" && \
  20 | >>>     apt-get update && \
  21 | >>>     apt-get install -y --no-install-recommends \
  22 | >>>         build-essential \
  23 | >>>         libffi-dev \
  24 | >>>         p7zip-full \
  25 | >>>         libboost-system-dev \
  26 | >>>         libboost-python-dev \
  27 | >>>         libstdc++6 \
  28 | >>>         nodejs && \
  29 | >>>     echo "**** install flexget ****" && \
  30 | >>>     mkdir -p /run/flexget-temp /data && \
  31 | >>>     mkdir -p /app/flexget && \
  32 | >>>     (curl -fL -o /tmp/flexget.tar.gz "https://github.com/Flexget/Flexget/archive/refs/tags/v${VERSION}.tar.gz" || curl -fL -o /tmp/flexget.tar.gz "https://github.com/Flexget/Flexget/archive/refs/tags/${VERSION}.tar.gz" || curl -fL -o /tmp/flexget.tar.gz "https://github.com/Flexget/Flexget/archive/refs/heads/main.tar.gz") && \
  33 | >>>     tar xf \
  34 | >>>         /tmp/flexget.tar.gz -C \
  35 | >>>         /app/flexget --strip-components=1 && \
  36 | >>>     cd /app/flexget && \
  37 | >>>     uv venv /config/venv && \
  38 | >>>     uv run scripts/bundle_webui.py && \
  39 | >>>     uv sync --frozen --no-dev --no-cache --group=all && \
  40 | >>>     uv pip install pip && \
  41 | >>>     echo "**** cleanup ****" && \
  42 | >>>     apt-get remove --purge -y build-essential libffi-dev && \
  43 | >>>     apt-get autoremove -y && \
  44 | >>>     apt-get clean && \
  45 | >>>     rm -rf \
  46 | >>>         /tmp/* \
  47 | >>>         $HOME/.cache \
  48 | >>>         /var/lib/apt/lists/*
  49 |     
--------------------
ERROR: failed to solve: process "/bin/bash -o pipefail -c echo \"**** install packages ****\" &&     apt-get update &&     apt-get install -y --no-install-recommends         build-essential         libffi-dev         p7zip-full         libboost-system-dev         libboost-python-dev         libstdc++6         nodejs &&     echo \"**** install flexget ****\" &&     mkdir -p /run/flexget-temp /data &&     mkdir -p /app/flexget &&     (curl -fL -o /tmp/flexget.tar.gz \"https://github.com/Flexget/Flexget/archive/refs/tags/v${VERSION}.tar.gz\" || curl -fL -o /tmp/flexget.tar.gz \"https://github.com/Flexget/Flexget/archive/refs/tags/${VERSION}.tar.gz\" || curl -fL -o /tmp/flexget.tar.gz \"https://github.com/Flexget/Flexget/archive/refs/heads/main.tar.gz\") &&     tar xf         /tmp/flexget.tar.gz -C         /app/flexget --strip-components=1 &&     cd /app/flexget &&     uv venv /config/venv &&     uv run scripts/bundle_webui.py &&     uv sync --frozen --no-dev --no-cache --group=all &&     uv pip install pip &&     echo \"**** cleanup ****\" &&     apt-get remove --purge -y build-essential libffi-dev &&     apt-get autoremove -y &&     apt-get clean &&     rm -rf         /tmp/*         $HOME/.cache         /var/lib/apt/lists/*" did not complete successfully: exit code: 2
